{
  "stats": {
    "suites": 1,
    "tests": 1,
    "passes": 0,
    "pending": 0,
    "failures": 1,
    "start": "2024-09-16T04:48:57.641Z",
    "end": "2024-09-16T04:49:28.390Z",
    "duration": 30749,
    "testsRegistered": 18,
    "passPercent": 0,
    "pendingPercent": 0,
    "other": 0,
    "hasOther": false,
    "skipped": 17,
    "hasSkipped": true
  },
  "results": [
    {
      "uuid": "d9a3c86b-ac8f-4003-9475-c9caa93ed71e",
      "title": "",
      "fullFile": "cypress/e2e/zenscrape/blog.cy.js",
      "file": "cypress/e2e/zenscrape/blog.cy.js",
      "beforeHooks": [],
      "afterHooks": [],
      "tests": [],
      "suites": [
        {
          "uuid": "3c665b81-b0d8-4c00-a926-b873b32a0593",
          "title": "Blog Page",
          "fullFile": "",
          "file": "",
          "beforeHooks": [],
          "afterHooks": [],
          "tests": [
            {
              "title": "1.Test to navigate to the Blog page",
              "fullTitle": "Blog Page 1.Test to navigate to the Blog page",
              "timedOut": null,
              "duration": 30683,
              "state": "failed",
              "speed": null,
              "pass": false,
              "fail": true,
              "pending": false,
              "context": null,
              "code": "cy.get('.gap-8 > [href=\"/blog\"]').should('be.visible').click();\ncy.navigateUrlwithCookies('https://zenscrape.com/blog/');",
              "err": {
                "message": "CypressError: `cy.visit()` failed trying to load:\n\nhttps://zenscrape.com/\n\nWe attempted to make an http request to this URL but the request failed without a response.\n\nWe received this error at the network level:\n\n  > Error: ESOCKETTIMEDOUT\n\nCommon situations why this would fail:\n  - you don't have internet access\n  - you forgot to run / boot your web server\n  - your web server isn't accessible\n  - you have weird network configuration settings on your computer\n\nBecause this error occurred during a `before all` hook we are skipping the remaining tests in the current suite: `Blog Page`",
                "estack": "CypressError: `cy.visit()` failed trying to load:\n\nhttps://zenscrape.com/\n\nWe attempted to make an http request to this URL but the request failed without a response.\n\nWe received this error at the network level:\n\n  > Error: ESOCKETTIMEDOUT\n\nCommon situations why this would fail:\n  - you don't have internet access\n  - you forgot to run / boot your web server\n  - your web server isn't accessible\n  - you have weird network configuration settings on your computer\n\nBecause this error occurred during a `before all` hook we are skipping the remaining tests in the current suite: `Blog Page`\n    at <unknown> (http://localhost:57059/__cypress/runner/cypress_runner.js:131955:74)\n    at visitFailedByErr (http://localhost:57059/__cypress/runner/cypress_runner.js:131354:12)\n    at <unknown> (http://localhost:57059/__cypress/runner/cypress_runner.js:131954:11)\n    at tryCatcher (http://localhost:57059/__cypress/runner/cypress_runner.js:1807:23)\n    at Promise._settlePromiseFromHandler (http://localhost:57059/__cypress/runner/cypress_runner.js:1519:31)\n    at Promise._settlePromise (http://localhost:57059/__cypress/runner/cypress_runner.js:1576:18)\n    at Promise._settlePromise0 (http://localhost:57059/__cypress/runner/cypress_runner.js:1621:10)\n    at Promise._settlePromises (http://localhost:57059/__cypress/runner/cypress_runner.js:1697:18)\n    at _drainQueueStep (http://localhost:57059/__cypress/runner/cypress_runner.js:2407:12)\n    at _drainQueue (http://localhost:57059/__cypress/runner/cypress_runner.js:2400:9)\n    at Async._drainQueues (http://localhost:57059/__cypress/runner/cypress_runner.js:2416:5)\n    at Async.drainQueues (http://localhost:57059/__cypress/runner/cypress_runner.js:2286:14)\nFrom Your Spec Code:\n    at Context.eval (webpack:///./cypress/support/commands.js:79:7)\n\nFrom Node.js Internals:\n  Error: ESOCKETTIMEDOUT\n      at ClientRequest.<anonymous> (<embedded>:445:106000)\n      at Object.onceWrapper (node:events:628:28)\n      at ClientRequest.emit (node:events:514:28)\n      at TLSSocket.emitRequestTimeout (node:_http_client:847:9)\n      at Object.onceWrapper (node:events:628:28)\n      at TLSSocket.emit (node:events:526:35)\n      at TLSSocket._onTimeout (node:net:571:8)\n      at listOnTimeout (node:internal/timers:569:17)\n      at process.processTimers (node:internal/timers:512:7)",
                "diff": null
              },
              "uuid": "e85eee91-bb45-4ee2-ad13-1a97913202f0",
              "parentUUID": "3c665b81-b0d8-4c00-a926-b873b32a0593",
              "isHook": false,
              "skipped": false
            },
            {
              "title": "2. Test to check the text web scraping blog",
              "fullTitle": "Blog Page 2. Test to check the text web scraping blog",
              "timedOut": null,
              "duration": 0,
              "state": "skipped",
              "speed": null,
              "pass": false,
              "fail": false,
              "pending": false,
              "context": null,
              "code": "cy.componentVisiblityCheck('.text-3xl', 'Web Scraping Blog');",
              "err": {},
              "uuid": "7d824d4d-5dc4-41fd-9c7b-008f712315a6",
              "parentUUID": "3c665b81-b0d8-4c00-a926-b873b32a0593",
              "isHook": false,
              "skipped": true
            },
            {
              "title": "3. Test to check the text of the web scraping caption",
              "fullTitle": "Blog Page 3. Test to check the text of the web scraping caption",
              "timedOut": null,
              "duration": 0,
              "state": "skipped",
              "speed": null,
              "pass": false,
              "fail": false,
              "pending": false,
              "context": null,
              "code": "cy.componentVisiblityCheck('.text-center > .mt-3', 'Enjoy our web scraping tutorials! We hope to help you with your next web scraping project.');",
              "err": {},
              "uuid": "94ad0a8f-d450-49c6-83b9-992a8603db69",
              "parentUUID": "3c665b81-b0d8-4c00-a926-b873b32a0593",
              "isHook": false,
              "skipped": true
            },
            {
              "title": "4. Test to check the Recent post section is there or not",
              "fullTitle": "Blog Page 4. Test to check the Recent post section is there or not",
              "timedOut": null,
              "duration": 0,
              "state": "skipped",
              "speed": null,
              "pass": false,
              "fail": false,
              "pending": false,
              "context": null,
              "code": "cy.componentVisiblityCheck(':nth-child(1)', 'RECENT POSTS');",
              "err": {},
              "uuid": "8989a48a-2386-4c63-a4b7-b2040ac9e2b6",
              "parentUUID": "3c665b81-b0d8-4c00-a926-b873b32a0593",
              "isHook": false,
              "skipped": true
            },
            {
              "title": "5. Test to check the Top post section is there or not",
              "fullTitle": "Blog Page 5. Test to check the Top post section is there or not",
              "timedOut": null,
              "duration": 0,
              "state": "skipped",
              "speed": null,
              "pass": false,
              "fail": false,
              "pending": false,
              "context": null,
              "code": "cy.componentVisiblityCheck('.mt-8', 'TOP POSTS');",
              "err": {},
              "uuid": "a25d9df1-61fa-4441-a74e-aa325038ecb4",
              "parentUUID": "3c665b81-b0d8-4c00-a926-b873b32a0593",
              "isHook": false,
              "skipped": true
            },
            {
              "title": "6. Test to check the Top python webscraping tools Blog",
              "fullTitle": "Blog Page 6. Test to check the Top python webscraping tools Blog",
              "timedOut": null,
              "duration": 0,
              "state": "skipped",
              "speed": null,
              "pass": false,
              "fail": false,
              "pending": false,
              "context": null,
              "code": "cy.componentVisiblityCheck('.text-sm > [href=\"https://zenscrape.com/top-python-web-scraping-tools-comparison/\"]', 'Top Python Tools for Web Scraping: A Comparative Analysis');",
              "err": {},
              "uuid": "136b8641-2364-468a-ab1b-1ca05de00e47",
              "parentUUID": "3c665b81-b0d8-4c00-a926-b873b32a0593",
              "isHook": false,
              "skipped": true
            },
            {
              "title": "7. Test to check Mastering Headless Browser Automation for Scalable Web Scraping Blog",
              "fullTitle": "Blog Page 7. Test to check Mastering Headless Browser Automation for Scalable Web Scraping Blog",
              "timedOut": null,
              "duration": 0,
              "state": "skipped",
              "speed": null,
              "pass": false,
              "fail": false,
              "pending": false,
              "context": null,
              "code": "cy.componentVisiblityCheck('.text-sm > [href=\"https://zenscrape.com/mastering-headless-browser-automation-web-scraping/\"]', 'Mastering Headless Browser Automation for Scalable Web Scraping');",
              "err": {},
              "uuid": "931ac0ad-d4a7-410e-b78c-d82e635a96bb",
              "parentUUID": "3c665b81-b0d8-4c00-a926-b873b32a0593",
              "isHook": false,
              "skipped": true
            },
            {
              "title": "8. Test to check the How to build a Simple Proxy Switcher in Node.js? Blog",
              "fullTitle": "Blog Page 8. Test to check the How to build a Simple Proxy Switcher in Node.js? Blog",
              "timedOut": null,
              "duration": 0,
              "state": "skipped",
              "speed": null,
              "pass": false,
              "fail": false,
              "pending": false,
              "context": null,
              "code": "cy.componentVisiblityCheck('.text-sm > [href=\"https://zenscrape.com/how-to-build-a-simple-proxy-switcher-in-node-js/\"]', 'How to build a Simple Proxy Switcher in Node.js?');",
              "err": {},
              "uuid": "2ffa5702-05b5-413e-943c-7e43e0857b1b",
              "parentUUID": "3c665b81-b0d8-4c00-a926-b873b32a0593",
              "isHook": false,
              "skipped": true
            },
            {
              "title": "9. Test to check Optimizing Data Processing with Python Web Scraping Techniques Blog",
              "fullTitle": "Blog Page 9. Test to check Optimizing Data Processing with Python Web Scraping Techniques Blog",
              "timedOut": null,
              "duration": 0,
              "state": "skipped",
              "speed": null,
              "pass": false,
              "fail": false,
              "pending": false,
              "context": null,
              "code": "cy.componentVisiblityCheck(':nth-child(4) > :nth-child(1) > a', 'Optimizing Data Processing with Python Web Scraping Techniques');",
              "err": {},
              "uuid": "bb84814d-69a8-436a-9760-b32ca846f936",
              "parentUUID": "3c665b81-b0d8-4c00-a926-b873b32a0593",
              "isHook": false,
              "skipped": true
            },
            {
              "title": "10. Test to check The Beginner’s Guide to Scrape Data from APIs Blog",
              "fullTitle": "Blog Page 10. Test to check The Beginner’s Guide to Scrape Data from APIs Blog",
              "timedOut": null,
              "duration": 0,
              "state": "skipped",
              "speed": null,
              "pass": false,
              "fail": false,
              "pending": false,
              "context": null,
              "code": "cy.componentVisiblityCheck(':nth-child(4) > :nth-child(2) > a', 'The Beginner’s Guide to Scrape Data from APIs');",
              "err": {},
              "uuid": "f1183593-017f-4d31-8ab8-8b0afbafeaff",
              "parentUUID": "3c665b81-b0d8-4c00-a926-b873b32a0593",
              "isHook": false,
              "skipped": true
            },
            {
              "title": "11. Test to check World’s Leading Web Scraping Services in 2024",
              "fullTitle": "Blog Page 11. Test to check World’s Leading Web Scraping Services in 2024",
              "timedOut": null,
              "duration": 0,
              "state": "skipped",
              "speed": null,
              "pass": false,
              "fail": false,
              "pending": false,
              "context": null,
              "code": "cy.componentVisiblityCheck(':nth-child(3) > a', 'World’s Leading Web Scraping Services in 2024');",
              "err": {},
              "uuid": "58768e66-f336-4bef-9e2b-628695371b07",
              "parentUUID": "3c665b81-b0d8-4c00-a926-b873b32a0593",
              "isHook": false,
              "skipped": true
            },
            {
              "title": "12. Test to check the Top Python Web Scraping Tools Blog",
              "fullTitle": "Blog Page 12. Test to check the Top Python Web Scraping Tools Blog",
              "timedOut": null,
              "duration": 0,
              "state": "skipped",
              "speed": null,
              "pass": false,
              "fail": false,
              "pending": false,
              "context": null,
              "code": "cy.get('.text-sm > [href=\"https://zenscrape.com/top-python-web-scraping-tools-comparison/\"]').should('be.visible').click();\n// cy.wait(8000);\ncy.componentVisiblityCheck('.post-title > .text-4xl', 'Top Python Tools for Web Scraping: A Comparative Analysis');\ncy.componentVisiblityCheck('.w-full > .text-4xl', 'Top Python Tools for Web Scraping: A Comparative Analysis');\ncy.go('back');",
              "err": {},
              "uuid": "b42ea8d5-04b6-4e5f-b873-313a55ebbee1",
              "parentUUID": "3c665b81-b0d8-4c00-a926-b873b32a0593",
              "isHook": false,
              "skipped": true
            },
            {
              "title": "13. Test to check Mastering Headless Browser Automation for Scalable Web Scraping Blog",
              "fullTitle": "Blog Page 13. Test to check Mastering Headless Browser Automation for Scalable Web Scraping Blog",
              "timedOut": null,
              "duration": 0,
              "state": "skipped",
              "speed": null,
              "pass": false,
              "fail": false,
              "pending": false,
              "context": null,
              "code": "cy.get('.text-sm > [href=\"https://zenscrape.com/mastering-headless-browser-automation-web-scraping/\"]').should('be.visible').click();\ncy.componentVisiblityCheck('.w-full > .text-4xl', 'Mastering Headless Browser Automation for Scalable Web Scraping');\ncy.componentVisiblityCheck('.post-title > .text-4xl', 'Mastering Headless Browser Automation for Scalable Web Scraping');\ncy.go('back');",
              "err": {},
              "uuid": "97d0d288-ffe2-49d2-afb5-8084f4f71d03",
              "parentUUID": "3c665b81-b0d8-4c00-a926-b873b32a0593",
              "isHook": false,
              "skipped": true
            },
            {
              "title": "14. Test to check the How to build a Simple Proxy Switcher in Node.js? Blog",
              "fullTitle": "Blog Page 14. Test to check the How to build a Simple Proxy Switcher in Node.js? Blog",
              "timedOut": null,
              "duration": 0,
              "state": "skipped",
              "speed": null,
              "pass": false,
              "fail": false,
              "pending": false,
              "context": null,
              "code": "cy.get('.text-sm > [href=\"https://zenscrape.com/how-to-build-a-simple-proxy-switcher-in-node-js/\"]').should('be.visible').click();\ncy.componentVisiblityCheck('.post-title > .text-4xl', 'How to build a Simple Proxy Switcher in Node.js?');\ncy.componentVisiblityCheck('.w-full > .text-4xl', 'How to build a Simple Proxy Switcher in Node.js?');\ncy.go('back');",
              "err": {},
              "uuid": "e9e2ea7f-4e07-42dc-b97b-b7f61373bbb6",
              "parentUUID": "3c665b81-b0d8-4c00-a926-b873b32a0593",
              "isHook": false,
              "skipped": true
            },
            {
              "title": "15. Test to check Optimizing Data Processing with Python Web Scraping Techniques Blog",
              "fullTitle": "Blog Page 15. Test to check Optimizing Data Processing with Python Web Scraping Techniques Blog",
              "timedOut": null,
              "duration": 0,
              "state": "skipped",
              "speed": null,
              "pass": false,
              "fail": false,
              "pending": false,
              "context": null,
              "code": "cy.get('.text-sm > [href=\"https://zenscrape.com/optimizing-data-processing-with-python-web-scraping-techniques/\"]').should('be.visible').click();\ncy.componentVisiblityCheck('.w-full > .text-4xl', 'Optimizing Data Processing with Python Web Scraping Techniques');\ncy.componentVisiblityCheck('.post-title > .text-4xl', 'Optimizing Data Processing with Python Web Scraping Techniques');\ncy.go('back');",
              "err": {},
              "uuid": "a5adb78b-488b-462d-8cb8-87e4cad2d3bf",
              "parentUUID": "3c665b81-b0d8-4c00-a926-b873b32a0593",
              "isHook": false,
              "skipped": true
            },
            {
              "title": "16. Test to check The Beginner’s Guide to Scrape Data from APIs Blog",
              "fullTitle": "Blog Page 16. Test to check The Beginner’s Guide to Scrape Data from APIs Blog",
              "timedOut": null,
              "duration": 0,
              "state": "skipped",
              "speed": null,
              "pass": false,
              "fail": false,
              "pending": false,
              "context": null,
              "code": "cy.get('.text-sm > [href=\"https://zenscrape.com/the-beginners-guide-to-scrape-data-from-apis/\"]').should('be.visible').click();\ncy.componentVisiblityCheck('.w-full > .text-4xl', 'The Beginner’s Guide to Scrape Data from APIs');\ncy.componentVisiblityCheck('.post-title > .text-4xl', 'The Beginner’s Guide to Scrape Data from APIs');\ncy.go('back');",
              "err": {},
              "uuid": "233c632e-eb77-4052-b38e-e3b2030eda46",
              "parentUUID": "3c665b81-b0d8-4c00-a926-b873b32a0593",
              "isHook": false,
              "skipped": true
            },
            {
              "title": "17. Test to check World’s Leading Web Scraping Services in 2024",
              "fullTitle": "Blog Page 17. Test to check World’s Leading Web Scraping Services in 2024",
              "timedOut": null,
              "duration": 0,
              "state": "skipped",
              "speed": null,
              "pass": false,
              "fail": false,
              "pending": false,
              "context": null,
              "code": "cy.get('.text-sm > [href=\"https://zenscrape.com/worlds-leading-web-scraping-services/\"]').should('be.visible').click();\ncy.componentVisiblityCheck('.w-full > .text-4xl', 'World’s Leading Web Scraping Services in 2024');\ncy.componentVisiblityCheck('.post-title > .text-4xl', 'World’s Leading Web Scraping Services in 2024');\ncy.go('back');",
              "err": {},
              "uuid": "771be0b7-70b8-48a0-bd14-e853592180ca",
              "parentUUID": "3c665b81-b0d8-4c00-a926-b873b32a0593",
              "isHook": false,
              "skipped": true
            },
            {
              "title": "18. Test to check the Python Tools for a webscrapping from a Blog center page",
              "fullTitle": "Blog Page 18. Test to check the Python Tools for a webscrapping from a Blog center page",
              "timedOut": null,
              "duration": 0,
              "state": "skipped",
              "speed": null,
              "pass": false,
              "fail": false,
              "pending": false,
              "context": null,
              "code": "cy.get('.text-xl > [href=\"https://zenscrape.com/top-python-web-scraping-tools-comparison/\"]').should('be.visible').click();\ncy.componentVisiblityCheck('.w-full > .text-4xl', 'Top Python Tools for Web Scraping: A Comparative Analysis');\ncy.componentVisiblityCheck('.post-title > .text-4xl', 'Top Python Tools for Web Scraping: A Comparative Analysis');\ncy.go('back');",
              "err": {},
              "uuid": "32d5675c-3133-47cc-a2db-e59d4ba8cffe",
              "parentUUID": "3c665b81-b0d8-4c00-a926-b873b32a0593",
              "isHook": false,
              "skipped": true
            }
          ],
          "suites": [],
          "passes": [],
          "failures": [
            "e85eee91-bb45-4ee2-ad13-1a97913202f0"
          ],
          "pending": [],
          "skipped": [
            "7d824d4d-5dc4-41fd-9c7b-008f712315a6",
            "94ad0a8f-d450-49c6-83b9-992a8603db69",
            "8989a48a-2386-4c63-a4b7-b2040ac9e2b6",
            "a25d9df1-61fa-4441-a74e-aa325038ecb4",
            "136b8641-2364-468a-ab1b-1ca05de00e47",
            "931ac0ad-d4a7-410e-b78c-d82e635a96bb",
            "2ffa5702-05b5-413e-943c-7e43e0857b1b",
            "bb84814d-69a8-436a-9760-b32ca846f936",
            "f1183593-017f-4d31-8ab8-8b0afbafeaff",
            "58768e66-f336-4bef-9e2b-628695371b07",
            "b42ea8d5-04b6-4e5f-b873-313a55ebbee1",
            "97d0d288-ffe2-49d2-afb5-8084f4f71d03",
            "e9e2ea7f-4e07-42dc-b97b-b7f61373bbb6",
            "a5adb78b-488b-462d-8cb8-87e4cad2d3bf",
            "233c632e-eb77-4052-b38e-e3b2030eda46",
            "771be0b7-70b8-48a0-bd14-e853592180ca",
            "32d5675c-3133-47cc-a2db-e59d4ba8cffe"
          ],
          "duration": 30683,
          "root": false,
          "rootEmpty": false,
          "_timeout": 2000
        }
      ],
      "passes": [],
      "failures": [],
      "pending": [],
      "skipped": [],
      "duration": 0,
      "root": true,
      "rootEmpty": true,
      "_timeout": 2000
    }
  ],
  "meta": {
    "mocha": {
      "version": "7.0.1"
    },
    "mochawesome": {
      "options": {
        "quiet": false,
        "reportFilename": "mochawesome",
        "saveHtml": false,
        "saveJson": true,
        "consoleReporter": "spec",
        "useInlineDiffs": false,
        "code": true
      },
      "version": "7.1.3"
    },
    "marge": {
      "options": {
        "charts": true,
        "reportPageTitle": "Cypress Report",
        "embeddedScreenshots": true,
        "inlineAssets": true,
        "overwrite": false,
        "html": false,
        "json": true,
        "reportDir": "cypress/reports/html/.jsons"
      },
      "version": "6.2.0"
    }
  }
}