{
  "stats": {
    "suites": 1,
    "tests": 13,
    "passes": 13,
    "pending": 0,
    "failures": 0,
    "start": "2024-09-16T04:49:30.049Z",
    "end": "2024-09-16T04:49:43.729Z",
    "duration": 13680,
    "testsRegistered": 13,
    "passPercent": 100,
    "pendingPercent": 0,
    "other": 0,
    "hasOther": false,
    "skipped": 0,
    "hasSkipped": false
  },
  "results": [
    {
      "uuid": "b04cf6bc-0c23-4d21-a3eb-90cf6f4548d6",
      "title": "",
      "fullFile": "cypress/e2e/zenscrape/login.cy.js",
      "file": "cypress/e2e/zenscrape/login.cy.js",
      "beforeHooks": [],
      "afterHooks": [],
      "tests": [],
      "suites": [
        {
          "uuid": "66a4adc8-ede2-4761-b8d0-c01f3307996d",
          "title": "Zenscrape Login Page  ",
          "fullFile": "",
          "file": "",
          "beforeHooks": [],
          "afterHooks": [],
          "tests": [
            {
              "title": "1. Test to display the login page",
              "fullTitle": "Zenscrape Login Page   1. Test to display the login page",
              "timedOut": null,
              "duration": 3429,
              "state": "passed",
              "speed": "fast",
              "pass": true,
              "fail": false,
              "pending": false,
              "context": null,
              "code": "cy.get('.card-header').should('contain.text', 'Login');",
              "err": {},
              "uuid": "df5f2038-71d6-45c1-9cc3-a662efcb68fc",
              "parentUUID": "66a4adc8-ede2-4761-b8d0-c01f3307996d",
              "isHook": false,
              "skipped": false
            },
            {
              "title": "2. Test to display the email input field",
              "fullTitle": "Zenscrape Login Page   2. Test to display the email input field",
              "timedOut": null,
              "duration": 17,
              "state": "passed",
              "speed": "fast",
              "pass": true,
              "fail": false,
              "pending": false,
              "context": null,
              "code": "cy.get(':nth-child(2) > .col-md-6 > .form-control').should('be.visible');",
              "err": {},
              "uuid": "63462ad4-641c-440e-bf45-080c134ab965",
              "parentUUID": "66a4adc8-ede2-4761-b8d0-c01f3307996d",
              "isHook": false,
              "skipped": false
            },
            {
              "title": "3. Test to display the password input field",
              "fullTitle": "Zenscrape Login Page   3. Test to display the password input field",
              "timedOut": null,
              "duration": 20,
              "state": "passed",
              "speed": "fast",
              "pass": true,
              "fail": false,
              "pending": false,
              "context": null,
              "code": "cy.get(':nth-child(3) > .col-md-6 > .form-control').should('be.visible');",
              "err": {},
              "uuid": "9bd84775-1981-47cf-9c1d-791d217e979f",
              "parentUUID": "66a4adc8-ede2-4761-b8d0-c01f3307996d",
              "isHook": false,
              "skipped": false
            },
            {
              "title": "4. Test to display the login button",
              "fullTitle": "Zenscrape Login Page   4. Test to display the login button",
              "timedOut": null,
              "duration": 14,
              "state": "passed",
              "speed": "fast",
              "pass": true,
              "fail": false,
              "pending": false,
              "context": null,
              "code": "cy.get('.btn-primary').should('be.visible');",
              "err": {},
              "uuid": "3a4cccae-d217-4619-9fed-a997e9439baa",
              "parentUUID": "66a4adc8-ede2-4761-b8d0-c01f3307996d",
              "isHook": false,
              "skipped": false
            },
            {
              "title": "5. Test to show an error for empty email and password",
              "fullTitle": "Zenscrape Login Page   5. Test to show an error for empty email and password",
              "timedOut": null,
              "duration": 1168,
              "state": "passed",
              "speed": "fast",
              "pass": true,
              "fail": false,
              "pending": false,
              "context": null,
              "code": "cy.get(':nth-child(2) > .col-md-6 > .form-control').clear();\ncy.get(':nth-child(3) > .col-md-6 > .form-control').clear();\ncy.get('.btn-primary').click();\ncy.get('.alert').should('be.visible').and('contain.text', 'Whoops! Something went wrong!');\ncy.get('.alert > ul > :nth-child(1)').should('be.visible', 'The email field is required.');\ncy.get('.alert > ul > :nth-child(2)').should('be.visible', 'The password field is required.');",
              "err": {},
              "uuid": "7cdad59c-6ead-4b11-8066-2c03cd90a3f4",
              "parentUUID": "66a4adc8-ede2-4761-b8d0-c01f3307996d",
              "isHook": false,
              "skipped": false
            },
            {
              "title": "6. Test to show an error for invalid email format",
              "fullTitle": "Zenscrape Login Page   6. Test to show an error for invalid email format",
              "timedOut": null,
              "duration": 762,
              "state": "passed",
              "speed": "fast",
              "pass": true,
              "fail": false,
              "pending": false,
              "context": null,
              "code": "cy.get(':nth-child(2) > .col-md-6 > .form-control').type('invalid-email');\ncy.get(':nth-child(3) > .col-md-6 > .form-control').type('password123');\ncy.get('.btn-primary').click();\ncy.get('.alert').should('be.visible').and('contain.text', 'Whoops! Something went wrong!');\ncy.get('.alert > ul > :nth-child(1)').should('be.visible', 'The email field is required.');\ncy.get('.alert > ul > :nth-child(2)').should('be.visible', 'The password field is required.');",
              "err": {},
              "uuid": "da0df1c5-dbb8-44f1-a9d5-72360090bdd8",
              "parentUUID": "66a4adc8-ede2-4761-b8d0-c01f3307996d",
              "isHook": false,
              "skipped": false
            },
            {
              "title": "7. Test to show an error for incorrect password",
              "fullTitle": "Zenscrape Login Page   7. Test to show an error for incorrect password",
              "timedOut": null,
              "duration": 1655,
              "state": "passed",
              "speed": "fast",
              "pass": true,
              "fail": false,
              "pending": false,
              "context": null,
              "code": "cy.get(':nth-child(2) > .col-md-6 > .form-control').type('TestUserApiLayer@gmail.com');\ncy.get(':nth-child(3) > .col-md-6 > .form-control').type('wrongpassword');\ncy.get('.btn-primary').click();\ncy.get('.alert').should('be.visible').and('contain.text', 'Whoops! Something went wrong!');\ncy.get('.alert > ul > li').should('be.visible', 'These credentials do not match our records');",
              "err": {},
              "uuid": "b3f66317-d4d3-47d3-97fc-ec8aa67c56f6",
              "parentUUID": "66a4adc8-ede2-4761-b8d0-c01f3307996d",
              "isHook": false,
              "skipped": false
            },
            {
              "title": "8. Test to show an error for incorrect email",
              "fullTitle": "Zenscrape Login Page   8. Test to show an error for incorrect email",
              "timedOut": null,
              "duration": 1778,
              "state": "passed",
              "speed": "fast",
              "pass": true,
              "fail": false,
              "pending": false,
              "context": null,
              "code": "cy.get(':nth-child(2) > .col-md-6 > .form-control').clear().type('testinvalid@gmail.com');\ncy.get(':nth-child(3) > .col-md-6 > .form-control').clear().type('Test@123');\ncy.get('.btn-primary').click();\ncy.get('.alert').should('be.visible').and('contain.text', 'Whoops! Something went wrong!');\ncy.get('.alert > ul > li').should('be.visible', 'These credentials do not match our records');",
              "err": {},
              "uuid": "592c1492-8aae-4ffa-ab64-f56c7f20d231",
              "parentUUID": "66a4adc8-ede2-4761-b8d0-c01f3307996d",
              "isHook": false,
              "skipped": false
            },
            {
              "title": "9. Test to check password field of type password",
              "fullTitle": "Zenscrape Login Page   9. Test to check password field of type password",
              "timedOut": null,
              "duration": 18,
              "state": "passed",
              "speed": "fast",
              "pass": true,
              "fail": false,
              "pending": false,
              "context": null,
              "code": "cy.get(':nth-child(3) > .col-md-6 > .form-control').should('have.attr', 'type', 'password');",
              "err": {},
              "uuid": "f7967ab9-f1f1-49ee-8a8a-c80f1e607009",
              "parentUUID": "66a4adc8-ede2-4761-b8d0-c01f3307996d",
              "isHook": false,
              "skipped": false
            },
            {
              "title": "10. Test to check for Forgot password",
              "fullTitle": "Zenscrape Login Page   10. Test to check for Forgot password",
              "timedOut": null,
              "duration": 1147,
              "state": "passed",
              "speed": "fast",
              "pass": true,
              "fail": false,
              "pending": false,
              "context": null,
              "code": "cy.get('.btn-link').click();\ncy.navigateUrlwithCookies('https://app.zenscrape.com/password/reset');",
              "err": {},
              "uuid": "c1f020d8-aeba-4398-b660-3314e2b2cdcd",
              "parentUUID": "66a4adc8-ede2-4761-b8d0-c01f3307996d",
              "isHook": false,
              "skipped": false
            },
            {
              "title": "11. Test to load the Forgot Password page",
              "fullTitle": "Zenscrape Login Page   11. Test to load the Forgot Password page",
              "timedOut": null,
              "duration": 18,
              "state": "passed",
              "speed": "fast",
              "pass": true,
              "fail": false,
              "pending": false,
              "context": null,
              "code": "cy.get('.card-header').should('contain.text', 'Reset Password');",
              "err": {},
              "uuid": "7912d744-0164-4fcc-a6e1-31ee43e32bf7",
              "parentUUID": "66a4adc8-ede2-4761-b8d0-c01f3307996d",
              "isHook": false,
              "skipped": false
            },
            {
              "title": "12.Test to have the email input field",
              "fullTitle": "Zenscrape Login Page   12.Test to have the email input field",
              "timedOut": null,
              "duration": 12,
              "state": "passed",
              "speed": "fast",
              "pass": true,
              "fail": false,
              "pending": false,
              "context": null,
              "code": "cy.get('.form-control').should('be.visible');",
              "err": {},
              "uuid": "ff7a78db-a912-4b35-ada3-78ce7fcab3db",
              "parentUUID": "66a4adc8-ede2-4761-b8d0-c01f3307996d",
              "isHook": false,
              "skipped": false
            },
            {
              "title": "13. Test to allow navigating back to login page",
              "fullTitle": "Zenscrape Login Page   13. Test to allow navigating back to login page",
              "timedOut": null,
              "duration": 411,
              "state": "passed",
              "speed": "fast",
              "pass": true,
              "fail": false,
              "pending": false,
              "context": null,
              "code": "cy.navigateUrlwithCookies('https://app.zenscrape.com/login');",
              "err": {},
              "uuid": "b1f89a2e-c393-4fcc-a8db-80b7a2a49511",
              "parentUUID": "66a4adc8-ede2-4761-b8d0-c01f3307996d",
              "isHook": false,
              "skipped": false
            }
          ],
          "suites": [],
          "passes": [
            "df5f2038-71d6-45c1-9cc3-a662efcb68fc",
            "63462ad4-641c-440e-bf45-080c134ab965",
            "9bd84775-1981-47cf-9c1d-791d217e979f",
            "3a4cccae-d217-4619-9fed-a997e9439baa",
            "7cdad59c-6ead-4b11-8066-2c03cd90a3f4",
            "da0df1c5-dbb8-44f1-a9d5-72360090bdd8",
            "b3f66317-d4d3-47d3-97fc-ec8aa67c56f6",
            "592c1492-8aae-4ffa-ab64-f56c7f20d231",
            "f7967ab9-f1f1-49ee-8a8a-c80f1e607009",
            "c1f020d8-aeba-4398-b660-3314e2b2cdcd",
            "7912d744-0164-4fcc-a6e1-31ee43e32bf7",
            "ff7a78db-a912-4b35-ada3-78ce7fcab3db",
            "b1f89a2e-c393-4fcc-a8db-80b7a2a49511"
          ],
          "failures": [],
          "pending": [],
          "skipped": [],
          "duration": 10449,
          "root": false,
          "rootEmpty": false,
          "_timeout": 2000
        }
      ],
      "passes": [],
      "failures": [],
      "pending": [],
      "skipped": [],
      "duration": 0,
      "root": true,
      "rootEmpty": true,
      "_timeout": 2000
    }
  ],
  "meta": {
    "mocha": {
      "version": "7.0.1"
    },
    "mochawesome": {
      "options": {
        "quiet": false,
        "reportFilename": "mochawesome",
        "saveHtml": false,
        "saveJson": true,
        "consoleReporter": "spec",
        "useInlineDiffs": false,
        "code": true
      },
      "version": "7.1.3"
    },
    "marge": {
      "options": {
        "charts": true,
        "reportPageTitle": "Cypress Report",
        "embeddedScreenshots": true,
        "inlineAssets": true,
        "overwrite": false,
        "html": false,
        "json": true,
        "reportDir": "cypress/reports/html/.jsons"
      },
      "version": "6.2.0"
    }
  }
}