{
  "stats": {
    "suites": 1,
    "tests": 1,
    "passes": 0,
    "pending": 0,
    "failures": 1,
    "start": "2024-09-16T04:51:06.498Z",
    "end": "2024-09-16T04:51:37.020Z",
    "duration": 30522,
    "testsRegistered": 18,
    "passPercent": 0,
    "pendingPercent": 0,
    "other": 0,
    "hasOther": false,
    "skipped": 17,
    "hasSkipped": true
  },
  "results": [
    {
      "uuid": "27d10755-36ad-495e-8900-5649756cdc3c",
      "title": "",
      "fullFile": "cypress/e2e/zenscrape/pricing.cy.js",
      "file": "cypress/e2e/zenscrape/pricing.cy.js",
      "beforeHooks": [],
      "afterHooks": [],
      "tests": [],
      "suites": [
        {
          "uuid": "a56ea83e-f485-4237-8e22-d9398471c65a",
          "title": "Pricing page",
          "fullFile": "",
          "file": "",
          "beforeHooks": [],
          "afterHooks": [],
          "tests": [
            {
              "title": "1.Test to navigate to the Pricing ",
              "fullTitle": "Pricing page 1.Test to navigate to the Pricing ",
              "timedOut": null,
              "duration": 30445,
              "state": "failed",
              "speed": null,
              "pass": false,
              "fail": true,
              "pending": false,
              "context": null,
              "code": "cy.get('[href=\"/#pricingSection\"]').click();",
              "err": {
                "message": "CypressError: `cy.visit()` failed trying to load:\n\nhttps://zenscrape.com/\n\nWe attempted to make an http request to this URL but the request failed without a response.\n\nWe received this error at the network level:\n\n  > Error: ESOCKETTIMEDOUT\n\nCommon situations why this would fail:\n  - you don't have internet access\n  - you forgot to run / boot your web server\n  - your web server isn't accessible\n  - you have weird network configuration settings on your computer\n\nBecause this error occurred during a `before all` hook we are skipping the remaining tests in the current suite: `Pricing page`",
                "estack": "CypressError: `cy.visit()` failed trying to load:\n\nhttps://zenscrape.com/\n\nWe attempted to make an http request to this URL but the request failed without a response.\n\nWe received this error at the network level:\n\n  > Error: ESOCKETTIMEDOUT\n\nCommon situations why this would fail:\n  - you don't have internet access\n  - you forgot to run / boot your web server\n  - your web server isn't accessible\n  - you have weird network configuration settings on your computer\n\nBecause this error occurred during a `before all` hook we are skipping the remaining tests in the current suite: `Pricing page`\n    at <unknown> (http://localhost:57059/__cypress/runner/cypress_runner.js:131955:74)\n    at visitFailedByErr (http://localhost:57059/__cypress/runner/cypress_runner.js:131354:12)\n    at <unknown> (http://localhost:57059/__cypress/runner/cypress_runner.js:131954:11)\n    at tryCatcher (http://localhost:57059/__cypress/runner/cypress_runner.js:1807:23)\n    at Promise._settlePromiseFromHandler (http://localhost:57059/__cypress/runner/cypress_runner.js:1519:31)\n    at Promise._settlePromise (http://localhost:57059/__cypress/runner/cypress_runner.js:1576:18)\n    at Promise._settlePromise0 (http://localhost:57059/__cypress/runner/cypress_runner.js:1621:10)\n    at Promise._settlePromises (http://localhost:57059/__cypress/runner/cypress_runner.js:1697:18)\n    at _drainQueueStep (http://localhost:57059/__cypress/runner/cypress_runner.js:2407:12)\n    at _drainQueue (http://localhost:57059/__cypress/runner/cypress_runner.js:2400:9)\n    at Async._drainQueues (http://localhost:57059/__cypress/runner/cypress_runner.js:2416:5)\n    at Async.drainQueues (http://localhost:57059/__cypress/runner/cypress_runner.js:2286:14)\nFrom Your Spec Code:\n    at Context.eval (webpack:///./cypress/support/commands.js:79:7)\n\nFrom Node.js Internals:\n  Error: ESOCKETTIMEDOUT\n      at ClientRequest.<anonymous> (<embedded>:445:106000)\n      at Object.onceWrapper (node:events:628:28)\n      at ClientRequest.emit (node:events:514:28)\n      at TLSSocket.emitRequestTimeout (node:_http_client:847:9)\n      at Object.onceWrapper (node:events:628:28)\n      at TLSSocket.emit (node:events:526:35)\n      at TLSSocket._onTimeout (node:net:571:8)\n      at listOnTimeout (node:internal/timers:569:17)\n      at process.processTimers (node:internal/timers:512:7)",
                "diff": null
              },
              "uuid": "9b082877-836e-4566-a31c-16bd33e9da6d",
              "parentUUID": "a56ea83e-f485-4237-8e22-d9398471c65a",
              "isHook": false,
              "skipped": false
            },
            {
              "title": "2.Test to check the presence of Pricing text",
              "fullTitle": "Pricing page 2.Test to check the presence of Pricing text",
              "timedOut": null,
              "duration": 0,
              "state": "skipped",
              "speed": null,
              "pass": false,
              "fail": false,
              "pending": false,
              "context": null,
              "code": "cy.componentVisiblityCheck('.py-12', 'Simple and Economical Pricing');",
              "err": {},
              "uuid": "01c4af89-81b9-4b3f-afcd-0e144618e78c",
              "parentUUID": "a56ea83e-f485-4237-8e22-d9398471c65a",
              "isHook": false,
              "skipped": true
            },
            {
              "title": "3.Test to check the caption text availble or not",
              "fullTitle": "Pricing page 3.Test to check the caption text availble or not",
              "timedOut": null,
              "duration": 0,
              "state": "skipped",
              "speed": null,
              "pass": false,
              "fail": false,
              "pending": false,
              "context": null,
              "code": "cy.componentVisiblityCheck('.py-12 > .text-xl', 'From hobby projects to large-scale scraping projects, we offer a range of pricing options tailored to fit your specific needs.');",
              "err": {},
              "uuid": "90aa550a-bc44-430d-91de-18d9ade1a233",
              "parentUUID": "a56ea83e-f485-4237-8e22-d9398471c65a",
              "isHook": false,
              "skipped": true
            },
            {
              "title": "4.Test to chek the Free plan",
              "fullTitle": "Pricing page 4.Test to chek the Free plan",
              "timedOut": null,
              "duration": 0,
              "state": "skipped",
              "speed": null,
              "pass": false,
              "fail": false,
              "pending": false,
              "context": null,
              "code": "cy.componentVisiblityCheck(':nth-child(1) > .p-6 > .text-lg', 'Free');\ncy.componentVisiblityCheck(':nth-child(3) > .text-3xl', '$0');",
              "err": {},
              "uuid": "d11d9d1a-cbd5-4884-9ced-77feeac0eda6",
              "parentUUID": "a56ea83e-f485-4237-8e22-d9398471c65a",
              "isHook": false,
              "skipped": true
            },
            {
              "title": "5.Test to chek the Small plan",
              "fullTitle": "Pricing page 5.Test to chek the Small plan",
              "timedOut": null,
              "duration": 0,
              "state": "skipped",
              "speed": null,
              "pass": false,
              "fail": false,
              "pending": false,
              "context": null,
              "code": "cy.componentVisiblityCheck(':nth-child(2) > .p-6 > .text-lg', 'Small');\ncy.componentVisiblityCheck(':nth-child(2) > .p-6 > :nth-child(3)', '$59.99');",
              "err": {},
              "uuid": "ef455e5d-64d5-4aba-b793-95b24dece91d",
              "parentUUID": "a56ea83e-f485-4237-8e22-d9398471c65a",
              "isHook": false,
              "skipped": true
            },
            {
              "title": "6.Test to chek the Medium plan",
              "fullTitle": "Pricing page 6.Test to chek the Medium plan",
              "timedOut": null,
              "duration": 0,
              "state": "skipped",
              "speed": null,
              "pass": false,
              "fail": false,
              "pending": false,
              "context": null,
              "code": "cy.componentVisiblityCheck(':nth-child(3) > .p-6 > .text-lg', 'Medium');\ncy.componentVisiblityCheck(':nth-child(3) > .p-6 > :nth-child(3)', '$99.99');",
              "err": {},
              "uuid": "5b5b4817-a17a-4648-b6ee-b96b5ecf51fb",
              "parentUUID": "a56ea83e-f485-4237-8e22-d9398471c65a",
              "isHook": false,
              "skipped": true
            },
            {
              "title": "7.Test to chek the Large plan",
              "fullTitle": "Pricing page 7.Test to chek the Large plan",
              "timedOut": null,
              "duration": 0,
              "state": "skipped",
              "speed": null,
              "pass": false,
              "fail": false,
              "pending": false,
              "context": null,
              "code": "cy.componentVisiblityCheck(':nth-child(4) > .p-6 > .text-lg', 'Large');\ncy.componentVisiblityCheck(':nth-child(4) > .p-6 > :nth-child(3)', '$249.99');",
              "err": {},
              "uuid": "683f25de-ec76-4f5b-8f0d-a7fd81a3fd17",
              "parentUUID": "a56ea83e-f485-4237-8e22-d9398471c65a",
              "isHook": false,
              "skipped": true
            },
            {
              "title": "8.Test to chek the Professional plan",
              "fullTitle": "Pricing page 8.Test to chek the Professional plan",
              "timedOut": null,
              "duration": 0,
              "state": "skipped",
              "speed": null,
              "pass": false,
              "fail": false,
              "pending": false,
              "context": null,
              "code": "cy.componentVisiblityCheck(':nth-child(5) > .p-6 > .text-lg', 'Professional');\ncy.componentVisiblityCheck(':nth-child(5) > .p-6 > :nth-child(3)', '$349.99');",
              "err": {},
              "uuid": "f712ba65-eec4-4424-830d-04e1a3475aa9",
              "parentUUID": "a56ea83e-f485-4237-8e22-d9398471c65a",
              "isHook": false,
              "skipped": true
            },
            {
              "title": "9.Test to check the Free plan features",
              "fullTitle": "Pricing page 9.Test to check the Free plan features",
              "timedOut": null,
              "duration": 0,
              "state": "skipped",
              "speed": null,
              "pass": false,
              "fail": false,
              "pending": false,
              "context": null,
              "code": "cy.get(':nth-child(1) > .pt-6 > .mt-6 > .flex > .text-sm');",
              "err": {},
              "uuid": "96973686-6274-4788-926a-1dbe31dc35d4",
              "parentUUID": "a56ea83e-f485-4237-8e22-d9398471c65a",
              "isHook": false,
              "skipped": true
            },
            {
              "title": "10.Test to check the features in the Small plan",
              "fullTitle": "Pricing page 10.Test to check the features in the Small plan",
              "timedOut": null,
              "duration": 0,
              "state": "skipped",
              "speed": null,
              "pass": false,
              "fail": false,
              "pending": false,
              "context": null,
              "code": "cy.get(':nth-child(2) > .pt-6 > .mt-6').should('contain.text', '250,000 Credits').and('contain.text', '10 Concurrent Requests').and('contain.text', 'Worldwide Geotargeting').and('contain.text', 'Standard Proxies').and('contain.text', 'Premium Proxies').and('contain.text', 'Self-Service Onboarding');",
              "err": {},
              "uuid": "02800691-bd18-4bbc-9451-f0a268c80180",
              "parentUUID": "a56ea83e-f485-4237-8e22-d9398471c65a",
              "isHook": false,
              "skipped": true
            },
            {
              "title": "11. Test to check the features in the Medium plan",
              "fullTitle": "Pricing page 11. Test to check the features in the Medium plan",
              "timedOut": null,
              "duration": 0,
              "state": "skipped",
              "speed": null,
              "pass": false,
              "fail": false,
              "pending": false,
              "context": null,
              "code": "cy.get(':nth-child(3) > .pt-6 > .mt-6').should('contain.text', '1,000,000 Credits').and('contain.text', '25 Concurrent Requests').and('contain.text', 'Worldwide Geotargeting').and('contain.text', 'Standard Proxies').and('contain.text', 'Premium Proxies').and('contain.text', 'Concierge Onboarding').and('contain.text', 'Service Level Agreement');",
              "err": {},
              "uuid": "d3bb7515-1e5f-403f-8e63-3452bc81521d",
              "parentUUID": "a56ea83e-f485-4237-8e22-d9398471c65a",
              "isHook": false,
              "skipped": true
            },
            {
              "title": "12. Test to check the features in the Large plan",
              "fullTitle": "Pricing page 12. Test to check the features in the Large plan",
              "timedOut": null,
              "duration": 0,
              "state": "skipped",
              "speed": null,
              "pass": false,
              "fail": false,
              "pending": false,
              "context": null,
              "code": "cy.get(':nth-child(4) > .pt-6 > .mt-6').should('contain.text', '3,000,000 Credits').and('contain.text', '50 Concurrent Requests').and('contain.text', 'Worldwide Geotargeting').and('contain.text', 'Standard Proxies').and('contain.text', 'Premium Proxies').and('contain.text', 'Concierge Onboarding').and('contain.text', 'Service Level Agreement');",
              "err": {},
              "uuid": "9e21ab63-f6bd-4a2a-a720-98816102cae9",
              "parentUUID": "a56ea83e-f485-4237-8e22-d9398471c65a",
              "isHook": false,
              "skipped": true
            },
            {
              "title": "13. Test to check the features in the Professional plan",
              "fullTitle": "Pricing page 13. Test to check the features in the Professional plan",
              "timedOut": null,
              "duration": 0,
              "state": "skipped",
              "speed": null,
              "pass": false,
              "fail": false,
              "pending": false,
              "context": null,
              "code": "cy.get(':nth-child(5) > .pt-6 > .mt-6').should('contain.text', '5,000,000 Credits').and('contain.text', '100 Concurrent Requests').and('contain.text', 'Worldwide Geotargeting').and('contain.text', 'Standard Proxies').and('contain.text', 'Premium Proxies').and('contain.text', 'Concierge Onboarding').and('contain.text', 'Service Level Agreement').and('contain.text', 'Prioritized Queue');",
              "err": {},
              "uuid": "6213ee77-4955-41c7-b899-06be71549688",
              "parentUUID": "a56ea83e-f485-4237-8e22-d9398471c65a",
              "isHook": false,
              "skipped": true
            },
            {
              "title": "14. Test to check Get free plan button",
              "fullTitle": "Pricing page 14. Test to check Get free plan button",
              "timedOut": null,
              "duration": 0,
              "state": "skipped",
              "speed": null,
              "pass": false,
              "fail": false,
              "pending": false,
              "context": null,
              "code": "cy.get(':nth-child(1) > .p-6 > .price-link').should('be.visible', 'contain.text', 'Get Free').click();\ncy.navigateUrlwithCookies('https://app.zenscrape.com/register?plan=free');\ncy.go('back');",
              "err": {},
              "uuid": "1bd43811-a17b-4c03-897f-99ddf5b1a0e5",
              "parentUUID": "a56ea83e-f485-4237-8e22-d9398471c65a",
              "isHook": false,
              "skipped": true
            },
            {
              "title": "15. Test to check Buy Small plan  button",
              "fullTitle": "Pricing page 15. Test to check Buy Small plan  button",
              "timedOut": null,
              "duration": 0,
              "state": "skipped",
              "speed": null,
              "pass": false,
              "fail": false,
              "pending": false,
              "context": null,
              "code": "cy.get(':nth-child(2) > .p-6 > .price-link').should('be.visible', 'contain.text', 'Buy Small').click();\ncy.navigateUrlwithCookies('https://app.zenscrape.com/register?plan=medium');\ncy.go('back');",
              "err": {},
              "uuid": "41e36f61-4514-425e-928b-5d1f7492113d",
              "parentUUID": "a56ea83e-f485-4237-8e22-d9398471c65a",
              "isHook": false,
              "skipped": true
            },
            {
              "title": "16. Test to check  Medium plan button",
              "fullTitle": "Pricing page 16. Test to check  Medium plan button",
              "timedOut": null,
              "duration": 0,
              "state": "skipped",
              "speed": null,
              "pass": false,
              "fail": false,
              "pending": false,
              "context": null,
              "code": "cy.get(':nth-child(3) > .p-6 > .price-link').should('be.visible', 'contain.text', 'Buy Medium').click();\ncy.navigateUrlwithCookies('https://app.zenscrape.com/register?plan=large');\ncy.go('back');",
              "err": {},
              "uuid": "8ece39b4-6e8f-4c11-9516-0632f8f0b98e",
              "parentUUID": "a56ea83e-f485-4237-8e22-d9398471c65a",
              "isHook": false,
              "skipped": true
            },
            {
              "title": "17. Test to check Large plan button",
              "fullTitle": "Pricing page 17. Test to check Large plan button",
              "timedOut": null,
              "duration": 0,
              "state": "skipped",
              "speed": null,
              "pass": false,
              "fail": false,
              "pending": false,
              "context": null,
              "code": "cy.get(':nth-child(4) > .p-6 > .price-link').should('be.visible', 'contain.text', 'Buy Large').click();\ncy.navigateUrlwithCookies('https://app.zenscrape.com/register?plan=very-large');\ncy.go('back');",
              "err": {},
              "uuid": "be46a427-2830-4643-a1fe-452372fb728b",
              "parentUUID": "a56ea83e-f485-4237-8e22-d9398471c65a",
              "isHook": false,
              "skipped": true
            },
            {
              "title": "18. Test to check  Enterprise plan sign up button",
              "fullTitle": "Pricing page 18. Test to check  Enterprise plan sign up button",
              "timedOut": null,
              "duration": 0,
              "state": "skipped",
              "speed": null,
              "pass": false,
              "fail": false,
              "pending": false,
              "context": null,
              "code": "cy.get(':nth-child(5) > .p-6 > .price-link').should('be.visible', 'contain.text', 'Buy Very Large').click();\ncy.navigateUrlwithCookies(\"https://app.zenscrape.com/register?plan=professional\");\ncy.go('back');",
              "err": {},
              "uuid": "d5159999-734d-46af-a517-a05060855c85",
              "parentUUID": "a56ea83e-f485-4237-8e22-d9398471c65a",
              "isHook": false,
              "skipped": true
            }
          ],
          "suites": [],
          "passes": [],
          "failures": [
            "9b082877-836e-4566-a31c-16bd33e9da6d"
          ],
          "pending": [],
          "skipped": [
            "01c4af89-81b9-4b3f-afcd-0e144618e78c",
            "90aa550a-bc44-430d-91de-18d9ade1a233",
            "d11d9d1a-cbd5-4884-9ced-77feeac0eda6",
            "ef455e5d-64d5-4aba-b793-95b24dece91d",
            "5b5b4817-a17a-4648-b6ee-b96b5ecf51fb",
            "683f25de-ec76-4f5b-8f0d-a7fd81a3fd17",
            "f712ba65-eec4-4424-830d-04e1a3475aa9",
            "96973686-6274-4788-926a-1dbe31dc35d4",
            "02800691-bd18-4bbc-9451-f0a268c80180",
            "d3bb7515-1e5f-403f-8e63-3452bc81521d",
            "9e21ab63-f6bd-4a2a-a720-98816102cae9",
            "6213ee77-4955-41c7-b899-06be71549688",
            "1bd43811-a17b-4c03-897f-99ddf5b1a0e5",
            "41e36f61-4514-425e-928b-5d1f7492113d",
            "8ece39b4-6e8f-4c11-9516-0632f8f0b98e",
            "be46a427-2830-4643-a1fe-452372fb728b",
            "d5159999-734d-46af-a517-a05060855c85"
          ],
          "duration": 30445,
          "root": false,
          "rootEmpty": false,
          "_timeout": 2000
        }
      ],
      "passes": [],
      "failures": [],
      "pending": [],
      "skipped": [],
      "duration": 0,
      "root": true,
      "rootEmpty": true,
      "_timeout": 2000
    }
  ],
  "meta": {
    "mocha": {
      "version": "7.0.1"
    },
    "mochawesome": {
      "options": {
        "quiet": false,
        "reportFilename": "mochawesome",
        "saveHtml": false,
        "saveJson": true,
        "consoleReporter": "spec",
        "useInlineDiffs": false,
        "code": true
      },
      "version": "7.1.3"
    },
    "marge": {
      "options": {
        "charts": true,
        "reportPageTitle": "Cypress Report",
        "embeddedScreenshots": true,
        "inlineAssets": true,
        "overwrite": false,
        "html": false,
        "json": true,
        "reportDir": "cypress/reports/html/.jsons"
      },
      "version": "6.2.0"
    }
  }
}