{
  "stats": {
    "suites": 1,
    "tests": 22,
    "passes": 12,
    "pending": 0,
    "failures": 10,
    "start": "2024-09-16T04:49:45.305Z",
    "end": "2024-09-16T04:51:04.793Z",
    "duration": 79488,
    "testsRegistered": 22,
    "passPercent": 54.54545454545454,
    "pendingPercent": 0,
    "other": 0,
    "hasOther": false,
    "skipped": 0,
    "hasSkipped": false
  },
  "results": [
    {
      "uuid": "c2bc60f1-d8be-4c89-9c24-4a1158e54e71",
      "title": "",
      "fullFile": "cypress/e2e/zenscrape/mainPage.cy.js",
      "file": "cypress/e2e/zenscrape/mainPage.cy.js",
      "beforeHooks": [],
      "afterHooks": [],
      "tests": [],
      "suites": [
        {
          "uuid": "061dbbe8-b030-436b-9caa-5a00ea96ba20",
          "title": "Test Cases for Zenscrape Home page",
          "fullFile": "",
          "file": "",
          "beforeHooks": [],
          "afterHooks": [],
          "tests": [
            {
              "title": "1. Test to check for the Web Scraping text is there or not",
              "fullTitle": "Test Cases for Zenscrape Home page 1. Test to check for the Web Scraping text is there or not",
              "timedOut": null,
              "duration": 1107,
              "state": "passed",
              "speed": "fast",
              "pass": true,
              "fail": false,
              "pending": false,
              "context": null,
              "code": "cy.get('.text-4xl').should('be.visible', 'contain.text', 'Web scraping without the hassle');",
              "err": {},
              "uuid": "c7156f9a-f2d8-48d5-8637-ae75317fb5bd",
              "parentUUID": "061dbbe8-b030-436b-9caa-5a00ea96ba20",
              "isHook": false,
              "skipped": false
            },
            {
              "title": "2. Test to check for the Proxy rotation and headless browser",
              "fullTitle": "Test Cases for Zenscrape Home page 2. Test to check for the Proxy rotation and headless browser",
              "timedOut": null,
              "duration": 13,
              "state": "passed",
              "speed": "fast",
              "pass": true,
              "fail": false,
              "pending": false,
              "context": null,
              "code": "cy.get('.small-para').should('be.visible', 'contain.text', 'Proxy rotation and headless browser');",
              "err": {},
              "uuid": "ce92f274-a53f-488e-b37c-0c761d136388",
              "parentUUID": "061dbbe8-b030-436b-9caa-5a00ea96ba20",
              "isHook": false,
              "skipped": false
            },
            {
              "title": "3. Test to check the \"Try Zenscrape API\" button is there or not",
              "fullTitle": "Test Cases for Zenscrape Home page 3. Test to check the \"Try Zenscrape API\" button is there or not",
              "timedOut": null,
              "duration": 14,
              "state": "passed",
              "speed": "fast",
              "pass": true,
              "fail": false,
              "pending": false,
              "context": null,
              "code": "cy.get('.mr-auto > .mt-5 > .rounded-sm > .w-full').should('be.visible');",
              "err": {},
              "uuid": "c783a587-6f3a-4f3d-9812-3336b99ab65b",
              "parentUUID": "061dbbe8-b030-436b-9caa-5a00ea96ba20",
              "isHook": false,
              "skipped": false
            },
            {
              "title": "4. Test to check the text \"Unleash the power of the headless\"",
              "fullTitle": "Test Cases for Zenscrape Home page 4. Test to check the text \"Unleash the power of the headless\"",
              "timedOut": null,
              "duration": 11,
              "state": "passed",
              "speed": "fast",
              "pass": true,
              "fail": false,
              "pending": false,
              "context": null,
              "code": "cy.get(':nth-child(1) > .mt-4 > .text-2xl > .block').should('be.visible', 'contain.text', 'Unleash the Power of Headless Browsing ');",
              "err": {},
              "uuid": "d980ca19-fb6a-4b14-942d-e8f940037ebd",
              "parentUUID": "061dbbe8-b030-436b-9caa-5a00ea96ba20",
              "isHook": false,
              "skipped": false
            },
            {
              "title": "5. Test to check the text \"Unleash the power of the headless\"",
              "fullTitle": "Test Cases for Zenscrape Home page 5. Test to check the text \"Unleash the power of the headless\"",
              "timedOut": null,
              "duration": 18,
              "state": "passed",
              "speed": "fast",
              "pass": true,
              "fail": false,
              "pending": false,
              "context": null,
              "code": "cy.get('.text-2xl > .block').should('be.visible', 'contain.text', 'Seamless Navigation Past Captcha and DDoS Hurdles with Zenscrape');",
              "err": {},
              "uuid": "26f61225-2285-4a10-90b8-1861b7b435de",
              "parentUUID": "061dbbe8-b030-436b-9caa-5a00ea96ba20",
              "isHook": false,
              "skipped": false
            },
            {
              "title": "6. Test to check the text \"Unleash the power of the headless\"",
              "fullTitle": "Test Cases for Zenscrape Home page 6. Test to check the text \"Unleash the power of the headless\"",
              "timedOut": null,
              "duration": 10,
              "state": "passed",
              "speed": "fast",
              "pass": true,
              "fail": false,
              "pending": false,
              "context": null,
              "code": "cy.get(':nth-child(1) > .mt-4 > .text-2xl > .block').should('be.visible', 'contain.text', 'Premium Proxies and Seamless IP Rotation for Uninterrupted Scraping');",
              "err": {},
              "uuid": "9dc11e8e-e1f0-4858-8539-c07d1f66df40",
              "parentUUID": "061dbbe8-b030-436b-9caa-5a00ea96ba20",
              "isHook": false,
              "skipped": false
            },
            {
              "title": "7. Test to check the \"Try Zenscrape API\" clickng the button and it should redirect to the Registration page.",
              "fullTitle": "Test Cases for Zenscrape Home page 7. Test to check the \"Try Zenscrape API\" clickng the button and it should redirect to the Registration page.",
              "timedOut": null,
              "duration": 4629,
              "state": "passed",
              "speed": "fast",
              "pass": true,
              "fail": false,
              "pending": false,
              "context": null,
              "code": "cy.get('.mr-auto > .mt-5 > .rounded-sm > .w-full').click();\ncy.navigateUrlwithCookies('https://app.zenscrape.com/register?plan=free');\ncy.wait(1000);\ncy.get('.float-left').should('be.visible');\ncy.get('.m-4').should('be.visible', 'contian.text', 'All Subscription plan prices are excluding applicable VAT.');\ncy.navigateUrlwithCookies('https://zenscrape.com/');",
              "err": {},
              "uuid": "b97ee4ca-5f1e-45e2-9231-b1f6979ef685",
              "parentUUID": "061dbbe8-b030-436b-9caa-5a00ea96ba20",
              "isHook": false,
              "skipped": false
            },
            {
              "title": "8. Test to check the text \"Start Web scraping for FREE\" text is there or not",
              "fullTitle": "Test Cases for Zenscrape Home page 8. Test to check the text \"Start Web scraping for FREE\" text is there or not",
              "timedOut": null,
              "duration": 12,
              "state": "passed",
              "speed": "fast",
              "pass": true,
              "fail": false,
              "pending": false,
              "context": null,
              "code": "cy.get('.max-w-2xl > .text-3xl').should('be.visible', 'contain.text', 'Start Web scraping for FREE');",
              "err": {},
              "uuid": "0e7261ee-05ed-4253-ad82-d851af43e5af",
              "parentUUID": "061dbbe8-b030-436b-9caa-5a00ea96ba20",
              "isHook": false,
              "skipped": false
            },
            {
              "title": "9. Test to check the text \"GET 1000 Free credit\" button is there or not",
              "fullTitle": "Test Cases for Zenscrape Home page 9. Test to check the text \"GET 1000 Free credit\" button is there or not",
              "timedOut": null,
              "duration": 17,
              "state": "passed",
              "speed": "fast",
              "pass": true,
              "fail": false,
              "pending": false,
              "context": null,
              "code": "cy.get('.max-w-2xl > .mt-5 > .rounded-sm > .w-full').should('be.visible', 'contain.text', 'GET 1,000 FREE CREDIT');",
              "err": {},
              "uuid": "70c1ef46-ab9c-4f12-9b8e-16732d79d2f8",
              "parentUUID": "061dbbe8-b030-436b-9caa-5a00ea96ba20",
              "isHook": false,
              "skipped": false
            },
            {
              "title": "10. Test to click on the \"GET 1000 Free credit\" button and it should re direct to the regirstration page.",
              "fullTitle": "Test Cases for Zenscrape Home page 10. Test to click on the \"GET 1000 Free credit\" button and it should re direct to the regirstration page.",
              "timedOut": null,
              "duration": 5500,
              "state": "failed",
              "speed": null,
              "pass": false,
              "fail": true,
              "pending": false,
              "context": null,
              "code": "cy.get('.max-w-2xl > .mt-5 > .rounded-sm > .w-full').click();\ncy.wait(1000);\ncy.get('.float-left').should('be.visible');\ncy.get('.m-4').should('be.visible', 'contian.text', 'All Subscription plan prices are excluding applicable VAT.');\ncy.navigateUrlwithCookies('https://zenscrape.com/');",
              "err": {
                "message": "AssertionError: Timed out retrying after 4000ms: Expected to find element: `.float-left`, but never found it.",
                "estack": "AssertionError: Timed out retrying after 4000ms: Expected to find element: `.float-left`, but never found it.\n    at Context.eval (webpack:///./cypress/e2e/zenscrape/mainPage.cy.js:55:30)",
                "diff": null
              },
              "uuid": "8e83d48a-47e9-4e5e-802d-824288648f2b",
              "parentUUID": "061dbbe8-b030-436b-9caa-5a00ea96ba20",
              "isHook": false,
              "skipped": false
            },
            {
              "title": "11. Test to check the pricing section",
              "fullTitle": "Test Cases for Zenscrape Home page 11. Test to check the pricing section",
              "timedOut": null,
              "duration": 13,
              "state": "passed",
              "speed": "fast",
              "pass": true,
              "fail": false,
              "pending": false,
              "context": null,
              "code": "cy.get('.py-12').should('be.visible', 'contain.text', 'Simple and Economical Pricing');",
              "err": {},
              "uuid": "536ae688-85e7-41b1-8324-001d5aade412",
              "parentUUID": "061dbbe8-b030-436b-9caa-5a00ea96ba20",
              "isHook": false,
              "skipped": false
            },
            {
              "title": "12. Test to check text Need More Credit?",
              "fullTitle": "Test Cases for Zenscrape Home page 12. Test to check text Need More Credit?",
              "timedOut": null,
              "duration": 11,
              "state": "passed",
              "speed": "fast",
              "pass": true,
              "fail": false,
              "pending": false,
              "context": null,
              "code": "cy.get('.w-full > :nth-child(1) > .text-2xl > .block').should('be.visible', 'contain.text', 'Need More Credit?');",
              "err": {},
              "uuid": "e6baf616-cbc7-4e21-a1b5-2c395e173e43",
              "parentUUID": "061dbbe8-b030-436b-9caa-5a00ea96ba20",
              "isHook": false,
              "skipped": false
            },
            {
              "title": "13. Test to check CONTACT US for quote text is there or not",
              "fullTitle": "Test Cases for Zenscrape Home page 13. Test to check CONTACT US for quote text is there or not",
              "timedOut": null,
              "duration": 11,
              "state": "passed",
              "speed": "fast",
              "pass": true,
              "fail": false,
              "pending": false,
              "context": null,
              "code": "cy.get('.shadow > .inline-flex').should('be.visible', 'contain.text', 'CONTACT US FOR A QUOTE');",
              "err": {},
              "uuid": "d3382632-f37b-4145-b22c-e2d66d0e00ea",
              "parentUUID": "061dbbe8-b030-436b-9caa-5a00ea96ba20",
              "isHook": false,
              "skipped": false
            },
            {
              "title": "14. Test to check CONTACT US for quote button and should redirect to contact us page",
              "fullTitle": "Test Cases for Zenscrape Home page 14. Test to check CONTACT US for quote button and should redirect to contact us page",
              "timedOut": null,
              "duration": 30648,
              "state": "failed",
              "speed": null,
              "pass": false,
              "fail": true,
              "pending": false,
              "context": null,
              "code": "cy.get('.shadow > .inline-flex').click();\ncy.navigateUrlwithCookies('https://zenscrape.com/');",
              "err": {
                "message": "CypressError: `cy.visit()` failed trying to load:\n\nhttps://zenscrape.com/\n\nWe attempted to make an http request to this URL but the request failed without a response.\n\nWe received this error at the network level:\n\n  > Error: ESOCKETTIMEDOUT\n\nCommon situations why this would fail:\n  - you don't have internet access\n  - you forgot to run / boot your web server\n  - your web server isn't accessible\n  - you have weird network configuration settings on your computer",
                "estack": "CypressError: `cy.visit()` failed trying to load:\n\nhttps://zenscrape.com/\n\nWe attempted to make an http request to this URL but the request failed without a response.\n\nWe received this error at the network level:\n\n  > Error: ESOCKETTIMEDOUT\n\nCommon situations why this would fail:\n  - you don't have internet access\n  - you forgot to run / boot your web server\n  - your web server isn't accessible\n  - you have weird network configuration settings on your computer\n    at <unknown> (https://zenscrape.com/__cypress/runner/cypress_runner.js:131955:74)\n    at visitFailedByErr (https://zenscrape.com/__cypress/runner/cypress_runner.js:131354:12)\n    at <unknown> (https://zenscrape.com/__cypress/runner/cypress_runner.js:131954:11)\n    at tryCatcher (https://zenscrape.com/__cypress/runner/cypress_runner.js:1807:23)\n    at Promise._settlePromiseFromHandler (https://zenscrape.com/__cypress/runner/cypress_runner.js:1519:31)\n    at Promise._settlePromise (https://zenscrape.com/__cypress/runner/cypress_runner.js:1576:18)\n    at Promise._settlePromise0 (https://zenscrape.com/__cypress/runner/cypress_runner.js:1621:10)\n    at Promise._settlePromises (https://zenscrape.com/__cypress/runner/cypress_runner.js:1697:18)\n    at _drainQueueStep (https://zenscrape.com/__cypress/runner/cypress_runner.js:2407:12)\n    at _drainQueue (https://zenscrape.com/__cypress/runner/cypress_runner.js:2400:9)\n    at Async._drainQueues (https://zenscrape.com/__cypress/runner/cypress_runner.js:2416:5)\n    at Async.drainQueues (https://zenscrape.com/__cypress/runner/cypress_runner.js:2286:14)\nFrom Your Spec Code:\n    at Context.eval (webpack:///./cypress/support/commands.js:79:7)\n\nFrom Node.js Internals:\n  Error: ESOCKETTIMEDOUT\n      at ClientRequest.<anonymous> (<embedded>:445:106000)\n      at Object.onceWrapper (node:events:628:28)\n      at ClientRequest.emit (node:events:514:28)\n      at TLSSocket.emitRequestTimeout (node:_http_client:847:9)\n      at Object.onceWrapper (node:events:628:28)\n      at TLSSocket.emit (node:events:526:35)\n      at TLSSocket._onTimeout (node:net:571:8)\n      at listOnTimeout (node:internal/timers:569:17)\n      at process.processTimers (node:internal/timers:512:7)",
                "diff": null
              },
              "uuid": "2c59b212-c486-4cbf-83de-f6bcbb3c5639",
              "parentUUID": "061dbbe8-b030-436b-9caa-5a00ea96ba20",
              "isHook": false,
              "skipped": false
            },
            {
              "title": "15. Test to Verify the \"Web Scraping API Use Cases\" section is visible",
              "fullTitle": "Test Cases for Zenscrape Home page 15. Test to Verify the \"Web Scraping API Use Cases\" section is visible",
              "timedOut": null,
              "duration": 4390,
              "state": "failed",
              "speed": null,
              "pass": false,
              "fail": true,
              "pending": false,
              "context": null,
              "code": "cy.get('.text-left > .mt-2').should('be.visible', 'contain.text', 'Web Scraping API Use Cases');",
              "err": {
                "message": "AssertionError: Timed out retrying after 4000ms: Expected to find element: `.text-left > .mt-2`, but never found it.",
                "estack": "AssertionError: Timed out retrying after 4000ms: Expected to find element: `.text-left > .mt-2`, but never found it.\n    at Context.eval (webpack:///./cypress/e2e/zenscrape/mainPage.cy.js:78:37)",
                "diff": null
              },
              "uuid": "d59fc35b-8479-47a6-a3c3-766a5cea57dd",
              "parentUUID": "061dbbe8-b030-436b-9caa-5a00ea96ba20",
              "isHook": false,
              "skipped": false
            },
            {
              "title": "16. Test to Verify the \"Web crawling General Data Aggreagation\" section is visible",
              "fullTitle": "Test Cases for Zenscrape Home page 16. Test to Verify the \"Web crawling General Data Aggreagation\" section is visible",
              "timedOut": null,
              "duration": 4402,
              "state": "failed",
              "speed": null,
              "pass": false,
              "fail": true,
              "pending": false,
              "context": null,
              "code": "cy.get(':nth-child(1) > ul > :nth-child(1) > .flex > .ml-3 > dl > .text-lg').should('be.visible', 'contain.text', 'Web crawling General Data Aggregation');",
              "err": {
                "message": "AssertionError: Timed out retrying after 4000ms: Expected to find element: `:nth-child(1) > ul > :nth-child(1) > .flex > .ml-3 > dl > .text-lg`, but never found it.",
                "estack": "AssertionError: Timed out retrying after 4000ms: Expected to find element: `:nth-child(1) > ul > :nth-child(1) > .flex > .ml-3 > dl > .text-lg`, but never found it.\n    at Context.eval (webpack:///./cypress/e2e/zenscrape/mainPage.cy.js:82:85)",
                "diff": null
              },
              "uuid": "04f44579-3076-4173-8990-b5c11855cb85",
              "parentUUID": "061dbbe8-b030-436b-9caa-5a00ea96ba20",
              "isHook": false,
              "skipped": false
            },
            {
              "title": "17. Test to Verify the \"Review scraping Customer Reviews\" section is visible",
              "fullTitle": "Test Cases for Zenscrape Home page 17. Test to Verify the \"Review scraping Customer Reviews\" section is visible",
              "timedOut": null,
              "duration": 4403,
              "state": "failed",
              "speed": null,
              "pass": false,
              "fail": true,
              "pending": false,
              "context": null,
              "code": "cy.get(':nth-child(2) > ul > :nth-child(1) > .flex > .ml-3 > dl > .text-lg').should('be.visible', 'contain.text', 'Review scraping Customer Reviews');",
              "err": {
                "message": "AssertionError: Timed out retrying after 4000ms: Expected to find element: `:nth-child(2) > ul > :nth-child(1) > .flex > .ml-3 > dl > .text-lg`, but never found it.",
                "estack": "AssertionError: Timed out retrying after 4000ms: Expected to find element: `:nth-child(2) > ul > :nth-child(1) > .flex > .ml-3 > dl > .text-lg`, but never found it.\n    at Context.eval (webpack:///./cypress/e2e/zenscrape/mainPage.cy.js:86:85)",
                "diff": null
              },
              "uuid": "8d97269a-d2ba-451f-855e-00eb435b7329",
              "parentUUID": "061dbbe8-b030-436b-9caa-5a00ea96ba20",
              "isHook": false,
              "skipped": false
            },
            {
              "title": "18. Test to Verify the \"Price Data Scraping Ecommerce: Price & Product Information\" section is visible",
              "fullTitle": "Test Cases for Zenscrape Home page 18. Test to Verify the \"Price Data Scraping Ecommerce: Price & Product Information\" section is visible",
              "timedOut": null,
              "duration": 4403,
              "state": "failed",
              "speed": null,
              "pass": false,
              "fail": true,
              "pending": false,
              "context": null,
              "code": "cy.get(':nth-child(1) > ul > :nth-child(2) > .flex > .ml-3 > dl > .text-lg').should('be.visible', 'contain.text', 'Price Data Scraping Ecommerce: Price & Product Information');",
              "err": {
                "message": "AssertionError: Timed out retrying after 4000ms: Expected to find element: `:nth-child(1) > ul > :nth-child(2) > .flex > .ml-3 > dl > .text-lg`, but never found it.",
                "estack": "AssertionError: Timed out retrying after 4000ms: Expected to find element: `:nth-child(1) > ul > :nth-child(2) > .flex > .ml-3 > dl > .text-lg`, but never found it.\n    at Context.eval (webpack:///./cypress/e2e/zenscrape/mainPage.cy.js:90:85)",
                "diff": null
              },
              "uuid": "b51c03f3-35f7-41f5-98f3-a8f8253bc92b",
              "parentUUID": "061dbbe8-b030-436b-9caa-5a00ea96ba20",
              "isHook": false,
              "skipped": false
            },
            {
              "title": "19. Test to Verify the \"Hiring Data Scraping Job & Hiring Data\" section is visible",
              "fullTitle": "Test Cases for Zenscrape Home page 19. Test to Verify the \"Hiring Data Scraping Job & Hiring Data\" section is visible",
              "timedOut": null,
              "duration": 4380,
              "state": "failed",
              "speed": null,
              "pass": false,
              "fail": true,
              "pending": false,
              "context": null,
              "code": "cy.get(':nth-child(2) > ul > :nth-child(2) > .flex > .ml-3 > dl > .text-lg').should('be.visible', 'contain.text', 'Hiring Data Scraping Job & Hiring Data');",
              "err": {
                "message": "AssertionError: Timed out retrying after 4000ms: Expected to find element: `:nth-child(2) > ul > :nth-child(2) > .flex > .ml-3 > dl > .text-lg`, but never found it.",
                "estack": "AssertionError: Timed out retrying after 4000ms: Expected to find element: `:nth-child(2) > ul > :nth-child(2) > .flex > .ml-3 > dl > .text-lg`, but never found it.\n    at Context.eval (webpack:///./cypress/e2e/zenscrape/mainPage.cy.js:94:85)",
                "diff": null
              },
              "uuid": "a36767f6-dd6a-4c70-8d73-e6e68921c42f",
              "parentUUID": "061dbbe8-b030-436b-9caa-5a00ea96ba20",
              "isHook": false,
              "skipped": false
            },
            {
              "title": "20. Test to Verify the \"Marketing Data Scraping Sales Leads\" section is visible",
              "fullTitle": "Test Cases for Zenscrape Home page 20. Test to Verify the \"Marketing Data Scraping Sales Leads\" section is visible",
              "timedOut": null,
              "duration": 4377,
              "state": "failed",
              "speed": null,
              "pass": false,
              "fail": true,
              "pending": false,
              "context": null,
              "code": "cy.get(':nth-child(1) > ul > :nth-child(3) > .flex > .ml-3 > dl > .text-lg').should('be.visible', 'contain.text', 'Marketing Data Scraping Sales Leads');",
              "err": {
                "message": "AssertionError: Timed out retrying after 4000ms: Expected to find element: `:nth-child(1) > ul > :nth-child(3) > .flex > .ml-3 > dl > .text-lg`, but never found it.",
                "estack": "AssertionError: Timed out retrying after 4000ms: Expected to find element: `:nth-child(1) > ul > :nth-child(3) > .flex > .ml-3 > dl > .text-lg`, but never found it.\n    at Context.eval (webpack:///./cypress/e2e/zenscrape/mainPage.cy.js:98:85)",
                "diff": null
              },
              "uuid": "1cb0a28c-6f28-4de5-89b4-067c2a678f12",
              "parentUUID": "061dbbe8-b030-436b-9caa-5a00ea96ba20",
              "isHook": false,
              "skipped": false
            },
            {
              "title": "21. Test to Verify the \"Real estate data scraping Real Estate Data\" section is visible",
              "fullTitle": "Test Cases for Zenscrape Home page 21. Test to Verify the \"Real estate data scraping Real Estate Data\" section is visible",
              "timedOut": null,
              "duration": 4373,
              "state": "failed",
              "speed": null,
              "pass": false,
              "fail": true,
              "pending": false,
              "context": null,
              "code": "cy.get(':nth-child(2) > ul > :nth-child(3) > .flex > .ml-3 > dl > .text-lg').should('be.visible', 'contain.text', 'Real estate data scraping Real Estate Data');",
              "err": {
                "message": "AssertionError: Timed out retrying after 4000ms: Expected to find element: `:nth-child(2) > ul > :nth-child(3) > .flex > .ml-3 > dl > .text-lg`, but never found it.",
                "estack": "AssertionError: Timed out retrying after 4000ms: Expected to find element: `:nth-child(2) > ul > :nth-child(3) > .flex > .ml-3 > dl > .text-lg`, but never found it.\n    at Context.eval (webpack:///./cypress/e2e/zenscrape/mainPage.cy.js:102:85)",
                "diff": null
              },
              "uuid": "d7ac1192-0802-4495-b963-d6067596e211",
              "parentUUID": "061dbbe8-b030-436b-9caa-5a00ea96ba20",
              "isHook": false,
              "skipped": false
            },
            {
              "title": "21. Test to check \"Frequently asked questions\" section is visible",
              "fullTitle": "Test Cases for Zenscrape Home page 21. Test to check \"Frequently asked questions\" section is visible",
              "timedOut": null,
              "duration": 4384,
              "state": "failed",
              "speed": null,
              "pass": false,
              "fail": true,
              "pending": false,
              "context": null,
              "code": "cy.get('#faqSection > .max-w-6xl > .text-3xl').should('be.visible', 'contain.text', 'Frequently asked questions');",
              "err": {
                "message": "AssertionError: Timed out retrying after 4000ms: Expected to find element: `#faqSection > .max-w-6xl > .text-3xl`, but never found it.",
                "estack": "AssertionError: Timed out retrying after 4000ms: Expected to find element: `#faqSection > .max-w-6xl > .text-3xl`, but never found it.\n    at Context.eval (webpack:///./cypress/e2e/zenscrape/mainPage.cy.js:106:55)",
                "diff": null
              },
              "uuid": "f7c2cc7d-73a3-4a3b-bb84-888454686bd8",
              "parentUUID": "061dbbe8-b030-436b-9caa-5a00ea96ba20",
              "isHook": false,
              "skipped": false
            }
          ],
          "suites": [],
          "passes": [
            "c7156f9a-f2d8-48d5-8637-ae75317fb5bd",
            "ce92f274-a53f-488e-b37c-0c761d136388",
            "c783a587-6f3a-4f3d-9812-3336b99ab65b",
            "d980ca19-fb6a-4b14-942d-e8f940037ebd",
            "26f61225-2285-4a10-90b8-1861b7b435de",
            "9dc11e8e-e1f0-4858-8539-c07d1f66df40",
            "b97ee4ca-5f1e-45e2-9231-b1f6979ef685",
            "0e7261ee-05ed-4253-ad82-d851af43e5af",
            "70c1ef46-ab9c-4f12-9b8e-16732d79d2f8",
            "536ae688-85e7-41b1-8324-001d5aade412",
            "e6baf616-cbc7-4e21-a1b5-2c395e173e43",
            "d3382632-f37b-4145-b22c-e2d66d0e00ea"
          ],
          "failures": [
            "8e83d48a-47e9-4e5e-802d-824288648f2b",
            "2c59b212-c486-4cbf-83de-f6bcbb3c5639",
            "d59fc35b-8479-47a6-a3c3-766a5cea57dd",
            "04f44579-3076-4173-8990-b5c11855cb85",
            "8d97269a-d2ba-451f-855e-00eb435b7329",
            "b51c03f3-35f7-41f5-98f3-a8f8253bc92b",
            "a36767f6-dd6a-4c70-8d73-e6e68921c42f",
            "1cb0a28c-6f28-4de5-89b4-067c2a678f12",
            "d7ac1192-0802-4495-b963-d6067596e211",
            "f7c2cc7d-73a3-4a3b-bb84-888454686bd8"
          ],
          "pending": [],
          "skipped": [],
          "duration": 77126,
          "root": false,
          "rootEmpty": false,
          "_timeout": 2000
        }
      ],
      "passes": [],
      "failures": [],
      "pending": [],
      "skipped": [],
      "duration": 0,
      "root": true,
      "rootEmpty": true,
      "_timeout": 2000
    }
  ],
  "meta": {
    "mocha": {
      "version": "7.0.1"
    },
    "mochawesome": {
      "options": {
        "quiet": false,
        "reportFilename": "mochawesome",
        "saveHtml": false,
        "saveJson": true,
        "consoleReporter": "spec",
        "useInlineDiffs": false,
        "code": true
      },
      "version": "7.1.3"
    },
    "marge": {
      "options": {
        "charts": true,
        "reportPageTitle": "Cypress Report",
        "embeddedScreenshots": true,
        "inlineAssets": true,
        "overwrite": false,
        "html": false,
        "json": true,
        "reportDir": "cypress/reports/html/.jsons"
      },
      "version": "6.2.0"
    }
  }
}