{
  "stats": {
    "suites": 1,
    "tests": 29,
    "passes": 28,
    "pending": 1,
    "failures": 0,
    "start": "2024-09-16T04:51:38.664Z",
    "end": "2024-09-16T04:52:19.405Z",
    "duration": 40741,
    "testsRegistered": 29,
    "passPercent": 100,
    "pendingPercent": 3.4482758620689653,
    "other": 0,
    "hasOther": false,
    "skipped": 0,
    "hasSkipped": false
  },
  "results": [
    {
      "uuid": "bfebc145-673c-4018-b800-af9a55691125",
      "title": "",
      "fullFile": "cypress/e2e/zenscrape/register.cy.js",
      "file": "cypress/e2e/zenscrape/register.cy.js",
      "beforeHooks": [],
      "afterHooks": [],
      "tests": [],
      "suites": [
        {
          "uuid": "70bdc84c-007f-4ab8-a51e-f9ded9d7b195",
          "title": "Zenscrape Register Page  ",
          "fullFile": "",
          "file": "",
          "beforeHooks": [],
          "afterHooks": [],
          "tests": [
            {
              "title": "1. Test to click the register button",
              "fullTitle": "Zenscrape Register Page   1. Test to click the register button",
              "timedOut": null,
              "duration": 20218,
              "state": "passed",
              "speed": "slow",
              "pass": true,
              "fail": false,
              "pending": false,
              "context": null,
              "code": "cy.get('.rounded-md > .shadow').click();",
              "err": {},
              "uuid": "7c9eecb1-20f8-4946-8c37-4c1c612b16a5",
              "parentUUID": "70bdc84c-007f-4ab8-a51e-f9ded9d7b195",
              "isHook": false,
              "skipped": false
            },
            {
              "title": "2. Test to redirect to the Register page",
              "fullTitle": "Zenscrape Register Page   2. Test to redirect to the Register page",
              "timedOut": null,
              "duration": 6245,
              "state": "passed",
              "speed": "medium",
              "pass": true,
              "fail": false,
              "pending": false,
              "context": null,
              "code": "cy.navigateUrlwithCookies('https://app.zenscrape.com/register');",
              "err": {},
              "uuid": "a63f3633-75e2-402a-ae43-e2fc187a05db",
              "parentUUID": "70bdc84c-007f-4ab8-a51e-f9ded9d7b195",
              "isHook": false,
              "skipped": false
            },
            {
              "title": "3. Test to Verify subscription text is there or not",
              "fullTitle": "Zenscrape Register Page   3. Test to Verify subscription text is there or not",
              "timedOut": null,
              "duration": 32,
              "state": "passed",
              "speed": "fast",
              "pass": true,
              "fail": false,
              "pending": false,
              "context": null,
              "code": "cy.get('.float-left').should('be.visible', 'contain.text', 'Subscription');",
              "err": {},
              "uuid": "52675b7e-6a5c-456b-9d0b-bc5cfd9881fc",
              "parentUUID": "70bdc84c-007f-4ab8-a51e-f9ded9d7b195",
              "isHook": false,
              "skipped": false
            },
            {
              "title": "4. Test to Verify subscription options are visible",
              "fullTitle": "Zenscrape Register Page   4. Test to Verify subscription options are visible",
              "timedOut": null,
              "duration": 41,
              "state": "passed",
              "speed": "fast",
              "pass": true,
              "fail": false,
              "pending": false,
              "context": null,
              "code": "cy.get(':nth-child(1) > :nth-child(1) > .d-flex').should('be.visible');\ncy.get(':nth-child(2) > :nth-child(1) > .d-flex').should('be.visible');\ncy.get(':nth-child(3) > :nth-child(1) > .d-flex').should('be.visible');\ncy.get(':nth-child(4) > :nth-child(1) > .d-flex').should('be.visible');\ncy.get(':nth-child(5) > :nth-child(1) > .d-flex').should('be.visible');",
              "err": {},
              "uuid": "226d7661-2a83-48a6-9eea-bf33a5738936",
              "parentUUID": "70bdc84c-007f-4ab8-a51e-f9ded9d7b195",
              "isHook": false,
              "skipped": false
            },
            {
              "title": "5. Test to Verify subscription monthly or yearly option availble or not",
              "fullTitle": "Zenscrape Register Page   5. Test to Verify subscription monthly or yearly option availble or not",
              "timedOut": null,
              "duration": 13,
              "state": "passed",
              "speed": "fast",
              "pass": true,
              "fail": false,
              "pending": false,
              "context": null,
              "code": "cy.get('.btn-group').should('be.visible');",
              "err": {},
              "uuid": "e0521ea7-3409-4d97-b185-88ab71cb8941",
              "parentUUID": "70bdc84c-007f-4ab8-a51e-f9ded9d7b195",
              "isHook": false,
              "skipped": false
            },
            {
              "title": "6. Test to check whether the monthly subscription by default toggled or not",
              "fullTitle": "Zenscrape Register Page   6. Test to check whether the monthly subscription by default toggled or not",
              "timedOut": null,
              "duration": 11,
              "state": "passed",
              "speed": "fast",
              "pass": true,
              "fail": false,
              "pending": false,
              "context": null,
              "code": "cy.get('.active').should('be.visible');",
              "err": {},
              "uuid": "b9c371fb-e4c7-450c-a00f-6b84cc5cc886",
              "parentUUID": "70bdc84c-007f-4ab8-a51e-f9ded9d7b195",
              "isHook": false,
              "skipped": false
            },
            {
              "title": "7. Test to check All VAT applicable text is there or not",
              "fullTitle": "Zenscrape Register Page   7. Test to check All VAT applicable text is there or not",
              "timedOut": null,
              "duration": 11,
              "state": "passed",
              "speed": "fast",
              "pass": true,
              "fail": false,
              "pending": false,
              "context": null,
              "code": "cy.get('.m-4').should('be.visible', 'contain.text', 'All subscription plan prices are excluding applicable VAT.');",
              "err": {},
              "uuid": "432d5ef4-d7ec-4d9c-9e7b-8bbc39a4be50",
              "parentUUID": "70bdc84c-007f-4ab8-a51e-f9ded9d7b195",
              "isHook": false,
              "skipped": false
            },
            {
              "title": "8. Test to Verify the default subscription plan is \"Small\"",
              "fullTitle": "Zenscrape Register Page   8. Test to Verify the default subscription plan is \"Small\"",
              "timedOut": null,
              "duration": 13,
              "state": "passed",
              "speed": "fast",
              "pass": true,
              "fail": false,
              "pending": false,
              "context": null,
              "code": "cy.get(':nth-child(2) > :nth-child(1) > .d-flex > .radio-select').should('be.visible');",
              "err": {},
              "uuid": "e4532178-77d1-48d1-b21d-61d58f4e28d4",
              "parentUUID": "70bdc84c-007f-4ab8-a51e-f9ded9d7b195",
              "isHook": false,
              "skipped": false
            },
            {
              "title": "9. Test to Verify the \"Features\" buttons availble for all the plans",
              "fullTitle": "Zenscrape Register Page   9. Test to Verify the \"Features\" buttons availble for all the plans",
              "timedOut": null,
              "duration": 33,
              "state": "passed",
              "speed": "fast",
              "pass": true,
              "fail": false,
              "pending": false,
              "context": null,
              "code": "cy.get(':nth-child(1) > :nth-child(2) > .btn').contains('Features');\ncy.get(':nth-child(2) > :nth-child(2) > .btn').contains('Features');\ncy.get(':nth-child(3) > :nth-child(2) > .btn').contains('Features');\ncy.get(':nth-child(4) > :nth-child(2) > .btn').contains('Features');\ncy.get(':nth-child(5) > :nth-child(2) > .btn').contains('Features');",
              "err": {},
              "uuid": "b5ed248f-733b-43bf-93a2-c05d12a7b18c",
              "parentUUID": "70bdc84c-007f-4ab8-a51e-f9ded9d7b195",
              "isHook": false,
              "skipped": false
            },
            {
              "title": "10. Test to Verify the Monthly Prices for the all subscriptions plans",
              "fullTitle": "Zenscrape Register Page   10. Test to Verify the Monthly Prices for the all subscriptions plans",
              "timedOut": null,
              "duration": 33,
              "state": "passed",
              "speed": "fast",
              "pass": true,
              "fail": false,
              "pending": false,
              "context": null,
              "code": "cy.get(':nth-child(1) > :nth-child(3) > .table-plan-text').contains('Free');\ncy.get(':nth-child(2) > :nth-child(3) > .table-plan-text').contains('$59.99 / Monthly');\ncy.get(':nth-child(3) > :nth-child(3) > .table-plan-text').contains('$99.99 / Monthly');\ncy.get(':nth-child(4) > :nth-child(3) > .table-plan-text').contains('$249.99 / Monthly');\ncy.get(':nth-child(5) > :nth-child(3) > .table-plan-text').contains('$349.99 / Monthly');",
              "err": {},
              "uuid": "32d9535a-cbe0-4c57-b70e-99daa6b2a06f",
              "parentUUID": "70bdc84c-007f-4ab8-a51e-f9ded9d7b195",
              "isHook": false,
              "skipped": false
            },
            {
              "title": "11. Test to Verify the \"Features\" button of the Free plan and should open the popup for free plan",
              "fullTitle": "Zenscrape Register Page   11. Test to Verify the \"Features\" button of the Free plan and should open the popup for free plan",
              "timedOut": null,
              "duration": 837,
              "state": "passed",
              "speed": "fast",
              "pass": true,
              "fail": false,
              "pending": false,
              "context": null,
              "code": "cy.get(':nth-child(1) > :nth-child(2) > .btn').contains('Features').click({\n  force: true\n});\ncy.get('.modal-header').contains('Free');\ncy.get('.plan-feature-list > li').should('be.visible', 'contain.text', '1.000 requests per month');\ncy.get('.modal-footer > .btn').click({\n  force: true\n});\ncy.wait(500);",
              "err": {},
              "uuid": "c102de27-9839-4ac2-aa2a-aa9648cb8f3a",
              "parentUUID": "70bdc84c-007f-4ab8-a51e-f9ded9d7b195",
              "isHook": false,
              "skipped": false
            },
            {
              "title": "12. Test to Verify the \"Features\" button of Small Monthly plan and should open the popup for Small Monthly plan",
              "fullTitle": "Zenscrape Register Page   12. Test to Verify the \"Features\" button of Small Monthly plan and should open the popup for Small Monthly plan",
              "timedOut": null,
              "duration": 653,
              "state": "passed",
              "speed": "fast",
              "pass": true,
              "fail": false,
              "pending": false,
              "context": null,
              "code": "cy.get(':nth-child(2) > :nth-child(2) > .btn').contains('Features').click({\n  force: true\n});\ncy.get('.modal-header').contains('Small');\ncy.get('.plan-feature-list > li').should('be.visible', 'contain.text', '250.000 requests per month');\ncy.get('.modal-footer > .btn').click({\n  force: true\n});\ncy.wait(500);",
              "err": {},
              "uuid": "db56f431-6257-442d-8fed-0ec4eb392809",
              "parentUUID": "70bdc84c-007f-4ab8-a51e-f9ded9d7b195",
              "isHook": false,
              "skipped": false
            },
            {
              "title": "13. Test to Verify the \"Features\" button of Medium Monthly plan and should open the popup for Medium Monthly plan",
              "fullTitle": "Zenscrape Register Page   13. Test to Verify the \"Features\" button of Medium Monthly plan and should open the popup for Medium Monthly plan",
              "timedOut": null,
              "duration": 1332,
              "state": "passed",
              "speed": "fast",
              "pass": true,
              "fail": false,
              "pending": false,
              "context": null,
              "code": "cy.get(':nth-child(3) > :nth-child(2) > .btn').contains('Features').click({\n  force: true\n});\ncy.get('.modal-header').contains('Medium');\ncy.get('.plan-feature-list > li').should('be.visible', 'contain.text', '1.000.000 requests per month');\ncy.get('.modal-footer > .btn').click({\n  force: true\n});\ncy.wait(500);",
              "err": {},
              "uuid": "61813e3f-d5b7-47d7-91d1-2ed62e50da20",
              "parentUUID": "70bdc84c-007f-4ab8-a51e-f9ded9d7b195",
              "isHook": false,
              "skipped": false
            },
            {
              "title": "14. Test to Verify the \"Features\" button of Large Monthly plan and should open the popup for Large Monthly plan",
              "fullTitle": "Zenscrape Register Page   14. Test to Verify the \"Features\" button of Large Monthly plan and should open the popup for Large Monthly plan",
              "timedOut": null,
              "duration": 656,
              "state": "passed",
              "speed": "fast",
              "pass": true,
              "fail": false,
              "pending": false,
              "context": null,
              "code": "cy.get(':nth-child(4) > :nth-child(2) > .btn').contains('Features').click({\n  force: true\n});\ncy.get('.modal-header').contains('Large');\ncy.get('.plan-feature-list > li').should('be.visible', 'contain.text', '3.000.000 requests per month');\ncy.get('.modal-footer > .btn').click({\n  force: true\n});\ncy.wait(500);",
              "err": {},
              "uuid": "5841a167-f5ed-4758-9b35-a0b42e9dfe32",
              "parentUUID": "70bdc84c-007f-4ab8-a51e-f9ded9d7b195",
              "isHook": false,
              "skipped": false
            },
            {
              "title": "15. Test to Verify the \"Features\" button of Professional Monthly plan and should open the popup for Professional Monthly plan",
              "fullTitle": "Zenscrape Register Page   15. Test to Verify the \"Features\" button of Professional Monthly plan and should open the popup for Professional Monthly plan",
              "timedOut": null,
              "duration": 813,
              "state": "passed",
              "speed": "fast",
              "pass": true,
              "fail": false,
              "pending": false,
              "context": null,
              "code": "cy.get(':nth-child(5) > :nth-child(2) > .btn').contains('Features').click({\n  force: true\n});\ncy.get('.modal-header').contains('Professional');\ncy.get('.plan-feature-list > li').should('be.visible', 'contain.text', '5 000 000 requests per month');\ncy.wait(500);\ncy.get('.modal-footer > .btn').click({\n  force: true\n});",
              "err": {},
              "uuid": "50f59a1b-b636-452a-9fb3-341e72e43508",
              "parentUUID": "70bdc84c-007f-4ab8-a51e-f9ded9d7b195",
              "isHook": false,
              "skipped": false
            },
            {
              "title": "16. Test to toggle Yearly subscription plan",
              "fullTitle": "Zenscrape Register Page   16. Test to toggle Yearly subscription plan",
              "timedOut": null,
              "duration": 324,
              "state": "passed",
              "speed": "fast",
              "pass": true,
              "fail": false,
              "pending": false,
              "context": null,
              "code": "cy.get('.btn-group > :nth-child(2)').contains('Yearly').click();",
              "err": {},
              "uuid": "b2fe0cb5-74b2-423a-bb24-0d7216df3a92",
              "parentUUID": "70bdc84c-007f-4ab8-a51e-f9ded9d7b195",
              "isHook": false,
              "skipped": false
            },
            {
              "title": "17. Test to Verify the Yearly Prices for the all subscriptions plans",
              "fullTitle": "Zenscrape Register Page   17. Test to Verify the Yearly Prices for the all subscriptions plans",
              "timedOut": null,
              "duration": 30,
              "state": "passed",
              "speed": "fast",
              "pass": true,
              "fail": false,
              "pending": false,
              "context": null,
              "code": "cy.get(':nth-child(1) > :nth-child(3) > .table-plan-text').contains('Free');\ncy.get(':nth-child(2) > :nth-child(3) > .table-plan-text').contains('$575.90 / Yearly');\ncy.get(':nth-child(3) > :nth-child(3) > .table-plan-text').contains('$959.90 / Yearly');\ncy.get(':nth-child(4) > :nth-child(3) > .table-plan-text').contains('$2,399.90 / Yearly');\ncy.get(':nth-child(5) > :nth-child(3) > .table-plan-text').contains('$3,359.90 / Yearly');",
              "err": {},
              "uuid": "696fd563-215b-4a61-a675-3ff25df3d2d7",
              "parentUUID": "70bdc84c-007f-4ab8-a51e-f9ded9d7b195",
              "isHook": false,
              "skipped": false
            },
            {
              "title": "18. Test to Verify the \"Features\" button of the Free plan and should open the popup for free plan",
              "fullTitle": "Zenscrape Register Page   18. Test to Verify the \"Features\" button of the Free plan and should open the popup for free plan",
              "timedOut": null,
              "duration": 806,
              "state": "passed",
              "speed": "fast",
              "pass": true,
              "fail": false,
              "pending": false,
              "context": null,
              "code": "cy.get(':nth-child(1) > :nth-child(2) > .btn').contains('Features').click({\n  force: true\n});\ncy.get('.modal-header').contains('Free');\ncy.get('.plan-feature-list > li').should('be.visible', 'contain.text', '1.000 requests per month');\ncy.get('.modal-footer > .btn').click({\n  force: true\n});\ncy.wait(500);",
              "err": {},
              "uuid": "2e40dd70-d767-48dc-80e8-840b73f9d7b9",
              "parentUUID": "70bdc84c-007f-4ab8-a51e-f9ded9d7b195",
              "isHook": false,
              "skipped": false
            },
            {
              "title": "19. Test to Verify the \"Features\" button of Small Yearly plan and should open the popup for Small Yearly plan",
              "fullTitle": "Zenscrape Register Page   19. Test to Verify the \"Features\" button of Small Yearly plan and should open the popup for Small Yearly plan",
              "timedOut": null,
              "duration": 649,
              "state": "passed",
              "speed": "fast",
              "pass": true,
              "fail": false,
              "pending": false,
              "context": null,
              "code": "cy.get(':nth-child(2) > :nth-child(2) > .btn').contains('Features').click({\n  force: true\n});\ncy.get('.modal-header').contains('Small Yearly');\ncy.get('.plan-feature-list > li').should('be.visible', 'contain.text', '250 000 requests per month');\ncy.get('.modal-footer > .btn').click({\n  force: true\n});\ncy.wait(500);",
              "err": {},
              "uuid": "7ba1c8f9-a658-43c8-8062-7c3519a709a1",
              "parentUUID": "70bdc84c-007f-4ab8-a51e-f9ded9d7b195",
              "isHook": false,
              "skipped": false
            },
            {
              "title": "20. Test to Verify the \"Features\" button of Medium Yearly plan and should open the popup for Medium Yearly plan",
              "fullTitle": "Zenscrape Register Page   20. Test to Verify the \"Features\" button of Medium Yearly plan and should open the popup for Medium Yearly plan",
              "timedOut": null,
              "duration": 812,
              "state": "passed",
              "speed": "fast",
              "pass": true,
              "fail": false,
              "pending": false,
              "context": null,
              "code": "cy.get(':nth-child(3) > :nth-child(2) > .btn').contains('Features').click({\n  force: true\n});\ncy.get('.modal-header').contains('Medium');\ncy.get('.plan-feature-list > li').should('be.visible', 'contain.text', '1.000.000 requests per month');\ncy.get('.modal-footer > .btn').click({\n  force: true\n});\ncy.wait(500);",
              "err": {},
              "uuid": "e7d169ef-40c4-4843-a90b-758e67bc4fe0",
              "parentUUID": "70bdc84c-007f-4ab8-a51e-f9ded9d7b195",
              "isHook": false,
              "skipped": false
            },
            {
              "title": "21. Test to Verify the \"Features\" button of Large Yearly plan and should open the popup for Large Yearly plan",
              "fullTitle": "Zenscrape Register Page   21. Test to Verify the \"Features\" button of Large Yearly plan and should open the popup for Large Yearly plan",
              "timedOut": null,
              "duration": 653,
              "state": "passed",
              "speed": "fast",
              "pass": true,
              "fail": false,
              "pending": false,
              "context": null,
              "code": "cy.get(':nth-child(4) > :nth-child(2) > .btn').contains('Features').click({\n  force: true\n});\ncy.get('.modal-header').contains('Large');\ncy.get('.plan-feature-list > li').should('be.visible', 'contain.text', '3.000.000 requests per month');\ncy.get('.modal-footer > .btn').click({\n  force: true\n});\ncy.wait(500);",
              "err": {},
              "uuid": "689e2c79-2af3-4227-922b-8ce2e5a4fcbf",
              "parentUUID": "70bdc84c-007f-4ab8-a51e-f9ded9d7b195",
              "isHook": false,
              "skipped": false
            },
            {
              "title": "22. Test to Verify the \"Features\" button of Professional Yearly plan and should open the popup for Professional Yearly plan",
              "fullTitle": "Zenscrape Register Page   22. Test to Verify the \"Features\" button of Professional Yearly plan and should open the popup for Professional Yearly plan",
              "timedOut": null,
              "duration": 794,
              "state": "passed",
              "speed": "fast",
              "pass": true,
              "fail": false,
              "pending": false,
              "context": null,
              "code": "cy.get(':nth-child(5) > :nth-child(2) > .btn').contains('Features').click({\n  force: true\n});\ncy.get('.modal-header').contains('Professional');\ncy.get('.plan-feature-list > li').should('be.visible', 'contain.text', '5 000 000 requests per month');\ncy.wait(500);\ncy.get('.modal-footer > .btn').click({\n  force: true\n});",
              "err": {},
              "uuid": "26e72ea2-e39e-4fbb-b582-69c3e61c5f4f",
              "parentUUID": "70bdc84c-007f-4ab8-a51e-f9ded9d7b195",
              "isHook": false,
              "skipped": false
            },
            {
              "title": "23.Test to verify the Profile text is there or not",
              "fullTitle": "Zenscrape Register Page   23.Test to verify the Profile text is there or not",
              "timedOut": null,
              "duration": 11,
              "state": "passed",
              "speed": "fast",
              "pass": true,
              "fail": false,
              "pending": false,
              "context": null,
              "code": "cy.get('.card-header > span').should('contain.text', 'Profile');",
              "err": {},
              "uuid": "3870b7fc-0326-4a91-bba2-529b86106b8f",
              "parentUUID": "70bdc84c-007f-4ab8-a51e-f9ded9d7b195",
              "isHook": false,
              "skipped": false
            },
            {
              "title": "24. Test to verify all the Profile fields are available",
              "fullTitle": "Zenscrape Register Page   24. Test to verify all the Profile fields are available",
              "timedOut": null,
              "duration": 114,
              "state": "passed",
              "speed": "fast",
              "pass": true,
              "fail": false,
              "pending": false,
              "context": null,
              "code": "cy.contains('Name').should('be.visible');\ncy.contains('E-Mail Address').should('be.visible');\ncy.contains('Password').should('be.visible');\ncy.contains('Confirm Password').should('be.visible');\ncy.contains('Address').should('be.visible');\ncy.contains('Address Line 2').should('be.visible');\ncy.contains('City').should('be.visible');\ncy.contains('State & ZIP / Postal Code').should('be.visible');\ncy.contains(' Country').should('be.visible');",
              "err": {},
              "uuid": "bd4c008e-2d5a-458f-a3a0-b30deeb30c20",
              "parentUUID": "70bdc84c-007f-4ab8-a51e-f9ded9d7b195",
              "isHook": false,
              "skipped": false
            },
            {
              "title": "25. Test to check the Biling section is there or not for the subscription plans",
              "fullTitle": "Zenscrape Register Page   25. Test to check the Biling section is there or not for the subscription plans",
              "timedOut": null,
              "duration": 11,
              "state": "passed",
              "speed": "fast",
              "pass": true,
              "fail": false,
              "pending": false,
              "context": null,
              "code": "cy.get(':nth-child(4) > .col-lg-8 > .card > .card-header').should('be.visible', 'contain.text', 'Billing Information - Secure Payment powered by Stripe');",
              "err": {},
              "uuid": "ac7b2aa4-2b06-4946-8bc2-cdf517015cc3",
              "parentUUID": "70bdc84c-007f-4ab8-a51e-f9ded9d7b195",
              "isHook": false,
              "skipped": false
            },
            {
              "title": "26. Test to check the Cardholder Name and Card Number",
              "fullTitle": "Zenscrape Register Page   26. Test to check the Cardholder Name and Card Number",
              "timedOut": null,
              "duration": 13,
              "state": "passed",
              "speed": "fast",
              "pass": true,
              "fail": false,
              "pending": false,
              "context": null,
              "code": "cy.get(':nth-child(4) > .col-lg-8 > .card > .card-body > form > :nth-child(1) > .col-md-4').should('be.visible').and('contain.text', \"Cardholder's Name\");",
              "err": {},
              "uuid": "a1b6ced4-24cf-4dca-86e8-6da84df881f9",
              "parentUUID": "70bdc84c-007f-4ab8-a51e-f9ded9d7b195",
              "isHook": false,
              "skipped": false
            },
            {
              "title": "27. Test to select the free plan to register",
              "fullTitle": "Zenscrape Register Page   27. Test to select the free plan to register",
              "timedOut": null,
              "duration": 208,
              "state": "passed",
              "speed": "fast",
              "pass": true,
              "fail": false,
              "pending": false,
              "context": null,
              "code": "cy.get(':nth-child(1) > :nth-child(1) > .d-flex > .radio-select').click();",
              "err": {},
              "uuid": "c4d41934-09bf-451f-ae0a-77d77a133e8a",
              "parentUUID": "70bdc84c-007f-4ab8-a51e-f9ded9d7b195",
              "isHook": false,
              "skipped": false
            },
            {
              "title": "28. Tes to Validate All fields accept input",
              "fullTitle": "Zenscrape Register Page   28. Tes to Validate All fields accept input",
              "timedOut": null,
              "duration": 2857,
              "state": "passed",
              "speed": "fast",
              "pass": true,
              "fail": false,
              "pending": false,
              "context": null,
              "code": "cy.get(':nth-child(3) > .col-lg-8 > .card > .card-body > form > :nth-child(1) > .col-md-6 > .form-control').type('Test User');\ncy.get(':nth-child(2) > .col-md-6 > .form-control').type('Testuser2@gmail.com');\ncy.get(':nth-child(3) > .col-md-6 > .form-control').type('Password123!');\ncy.get(':nth-child(4) > .col-md-6 > .form-control').type('Password123!');\ncy.get(':nth-child(5) > .col-sm-6 > .form-control').type('New Road');\ncy.get(':nth-child(6) > .col-sm-6 > .form-control').type('Street food road');\ncy.get(':nth-child(7) > .col-sm-6 > .form-control').type('Bengaluru');\ncy.get(':nth-child(8) > :nth-child(2) > .form-control').type('KA');\ncy.get(':nth-child(3) > .form-control').type('10001');\ncy.get(':nth-child(9) > .col-sm-6 > .form-control').select('India');",
              "err": {},
              "uuid": "ccb0fbac-b463-45fa-a02e-7528c749294b",
              "parentUUID": "70bdc84c-007f-4ab8-a51e-f9ded9d7b195",
              "isHook": false,
              "skipped": false
            },
            {
              "title": "29. Test to  click on the Register button",
              "fullTitle": "Zenscrape Register Page   29. Test to  click on the Register button",
              "timedOut": null,
              "duration": 0,
              "state": "pending",
              "speed": null,
              "pass": false,
              "fail": false,
              "pending": true,
              "context": null,
              "code": "cy.get('.col-md-6 > .btn').click();\ncy.url().should('include', '/email/verify');",
              "err": {},
              "uuid": "216e4c1c-cdb1-4e8d-91b2-5c8924100f72",
              "parentUUID": "70bdc84c-007f-4ab8-a51e-f9ded9d7b195",
              "isHook": false,
              "skipped": false
            }
          ],
          "suites": [],
          "passes": [
            "7c9eecb1-20f8-4946-8c37-4c1c612b16a5",
            "a63f3633-75e2-402a-ae43-e2fc187a05db",
            "52675b7e-6a5c-456b-9d0b-bc5cfd9881fc",
            "226d7661-2a83-48a6-9eea-bf33a5738936",
            "e0521ea7-3409-4d97-b185-88ab71cb8941",
            "b9c371fb-e4c7-450c-a00f-6b84cc5cc886",
            "432d5ef4-d7ec-4d9c-9e7b-8bbc39a4be50",
            "e4532178-77d1-48d1-b21d-61d58f4e28d4",
            "b5ed248f-733b-43bf-93a2-c05d12a7b18c",
            "32d9535a-cbe0-4c57-b70e-99daa6b2a06f",
            "c102de27-9839-4ac2-aa2a-aa9648cb8f3a",
            "db56f431-6257-442d-8fed-0ec4eb392809",
            "61813e3f-d5b7-47d7-91d1-2ed62e50da20",
            "5841a167-f5ed-4758-9b35-a0b42e9dfe32",
            "50f59a1b-b636-452a-9fb3-341e72e43508",
            "b2fe0cb5-74b2-423a-bb24-0d7216df3a92",
            "696fd563-215b-4a61-a675-3ff25df3d2d7",
            "2e40dd70-d767-48dc-80e8-840b73f9d7b9",
            "7ba1c8f9-a658-43c8-8062-7c3519a709a1",
            "e7d169ef-40c4-4843-a90b-758e67bc4fe0",
            "689e2c79-2af3-4227-922b-8ce2e5a4fcbf",
            "26e72ea2-e39e-4fbb-b582-69c3e61c5f4f",
            "3870b7fc-0326-4a91-bba2-529b86106b8f",
            "bd4c008e-2d5a-458f-a3a0-b30deeb30c20",
            "ac7b2aa4-2b06-4946-8bc2-cdf517015cc3",
            "a1b6ced4-24cf-4dca-86e8-6da84df881f9",
            "c4d41934-09bf-451f-ae0a-77d77a133e8a",
            "ccb0fbac-b463-45fa-a02e-7528c749294b"
          ],
          "failures": [],
          "pending": [
            "216e4c1c-cdb1-4e8d-91b2-5c8924100f72"
          ],
          "skipped": [],
          "duration": 38223,
          "root": false,
          "rootEmpty": false,
          "_timeout": 2000
        }
      ],
      "passes": [],
      "failures": [],
      "pending": [],
      "skipped": [],
      "duration": 0,
      "root": true,
      "rootEmpty": true,
      "_timeout": 2000
    }
  ],
  "meta": {
    "mocha": {
      "version": "7.0.1"
    },
    "mochawesome": {
      "options": {
        "quiet": false,
        "reportFilename": "mochawesome",
        "saveHtml": false,
        "saveJson": true,
        "consoleReporter": "spec",
        "useInlineDiffs": false,
        "code": true
      },
      "version": "7.1.3"
    },
    "marge": {
      "options": {
        "charts": true,
        "reportPageTitle": "Cypress Report",
        "embeddedScreenshots": true,
        "inlineAssets": true,
        "overwrite": false,
        "html": false,
        "json": true,
        "reportDir": "cypress/reports/html/.jsons"
      },
      "version": "6.2.0"
    }
  }
}