{
  "stats": {
    "suites": 5,
    "tests": 100,
    "passes": 53,
    "pending": 1,
    "failures": 12,
    "testsRegistered": 100,
    "passPercent": 53,
    "pendingPercent": 1,
    "other": 0,
    "hasOther": false,
    "skipped": 34,
    "hasSkipped": true,
    "start": "2024-09-16T04:48:57.641Z",
    "end": "2024-09-16T04:52:19.405Z",
    "duration": 201764
  },
  "results": [
    {
      "uuid": "d9a3c86b-ac8f-4003-9475-c9caa93ed71e",
      "title": "",
      "fullFile": "cypress/e2e/zenscrape/blog.cy.js",
      "file": "cypress/e2e/zenscrape/blog.cy.js",
      "beforeHooks": [],
      "afterHooks": [],
      "tests": [],
      "suites": [
        {
          "uuid": "3c665b81-b0d8-4c00-a926-b873b32a0593",
          "title": "Blog Page",
          "fullFile": "",
          "file": "",
          "beforeHooks": [],
          "afterHooks": [],
          "tests": [
            {
              "title": "1.Test to navigate to the Blog page",
              "fullTitle": "Blog Page 1.Test to navigate to the Blog page",
              "timedOut": null,
              "duration": 30683,
              "state": "failed",
              "speed": null,
              "pass": false,
              "fail": true,
              "pending": false,
              "context": null,
              "code": "cy.get('.gap-8 > [href=\"/blog\"]').should('be.visible').click();\ncy.navigateUrlwithCookies('https://zenscrape.com/blog/');",
              "err": {
                "message": "CypressError: `cy.visit()` failed trying to load:\n\nhttps://zenscrape.com/\n\nWe attempted to make an http request to this URL but the request failed without a response.\n\nWe received this error at the network level:\n\n  > Error: ESOCKETTIMEDOUT\n\nCommon situations why this would fail:\n  - you don't have internet access\n  - you forgot to run / boot your web server\n  - your web server isn't accessible\n  - you have weird network configuration settings on your computer\n\nBecause this error occurred during a `before all` hook we are skipping the remaining tests in the current suite: `Blog Page`",
                "estack": "CypressError: `cy.visit()` failed trying to load:\n\nhttps://zenscrape.com/\n\nWe attempted to make an http request to this URL but the request failed without a response.\n\nWe received this error at the network level:\n\n  > Error: ESOCKETTIMEDOUT\n\nCommon situations why this would fail:\n  - you don't have internet access\n  - you forgot to run / boot your web server\n  - your web server isn't accessible\n  - you have weird network configuration settings on your computer\n\nBecause this error occurred during a `before all` hook we are skipping the remaining tests in the current suite: `Blog Page`\n    at <unknown> (http://localhost:57059/__cypress/runner/cypress_runner.js:131955:74)\n    at visitFailedByErr (http://localhost:57059/__cypress/runner/cypress_runner.js:131354:12)\n    at <unknown> (http://localhost:57059/__cypress/runner/cypress_runner.js:131954:11)\n    at tryCatcher (http://localhost:57059/__cypress/runner/cypress_runner.js:1807:23)\n    at Promise._settlePromiseFromHandler (http://localhost:57059/__cypress/runner/cypress_runner.js:1519:31)\n    at Promise._settlePromise (http://localhost:57059/__cypress/runner/cypress_runner.js:1576:18)\n    at Promise._settlePromise0 (http://localhost:57059/__cypress/runner/cypress_runner.js:1621:10)\n    at Promise._settlePromises (http://localhost:57059/__cypress/runner/cypress_runner.js:1697:18)\n    at _drainQueueStep (http://localhost:57059/__cypress/runner/cypress_runner.js:2407:12)\n    at _drainQueue (http://localhost:57059/__cypress/runner/cypress_runner.js:2400:9)\n    at Async._drainQueues (http://localhost:57059/__cypress/runner/cypress_runner.js:2416:5)\n    at Async.drainQueues (http://localhost:57059/__cypress/runner/cypress_runner.js:2286:14)\nFrom Your Spec Code:\n    at Context.eval (webpack:///./cypress/support/commands.js:79:7)\n\nFrom Node.js Internals:\n  Error: ESOCKETTIMEDOUT\n      at ClientRequest.<anonymous> (<embedded>:445:106000)\n      at Object.onceWrapper (node:events:628:28)\n      at ClientRequest.emit (node:events:514:28)\n      at TLSSocket.emitRequestTimeout (node:_http_client:847:9)\n      at Object.onceWrapper (node:events:628:28)\n      at TLSSocket.emit (node:events:526:35)\n      at TLSSocket._onTimeout (node:net:571:8)\n      at listOnTimeout (node:internal/timers:569:17)\n      at process.processTimers (node:internal/timers:512:7)",
                "diff": null
              },
              "uuid": "e85eee91-bb45-4ee2-ad13-1a97913202f0",
              "parentUUID": "3c665b81-b0d8-4c00-a926-b873b32a0593",
              "isHook": false,
              "skipped": false
            },
            {
              "title": "2. Test to check the text web scraping blog",
              "fullTitle": "Blog Page 2. Test to check the text web scraping blog",
              "timedOut": null,
              "duration": 0,
              "state": "skipped",
              "speed": null,
              "pass": false,
              "fail": false,
              "pending": false,
              "context": null,
              "code": "cy.componentVisiblityCheck('.text-3xl', 'Web Scraping Blog');",
              "err": {},
              "uuid": "7d824d4d-5dc4-41fd-9c7b-008f712315a6",
              "parentUUID": "3c665b81-b0d8-4c00-a926-b873b32a0593",
              "isHook": false,
              "skipped": true
            },
            {
              "title": "3. Test to check the text of the web scraping caption",
              "fullTitle": "Blog Page 3. Test to check the text of the web scraping caption",
              "timedOut": null,
              "duration": 0,
              "state": "skipped",
              "speed": null,
              "pass": false,
              "fail": false,
              "pending": false,
              "context": null,
              "code": "cy.componentVisiblityCheck('.text-center > .mt-3', 'Enjoy our web scraping tutorials! We hope to help you with your next web scraping project.');",
              "err": {},
              "uuid": "94ad0a8f-d450-49c6-83b9-992a8603db69",
              "parentUUID": "3c665b81-b0d8-4c00-a926-b873b32a0593",
              "isHook": false,
              "skipped": true
            },
            {
              "title": "4. Test to check the Recent post section is there or not",
              "fullTitle": "Blog Page 4. Test to check the Recent post section is there or not",
              "timedOut": null,
              "duration": 0,
              "state": "skipped",
              "speed": null,
              "pass": false,
              "fail": false,
              "pending": false,
              "context": null,
              "code": "cy.componentVisiblityCheck(':nth-child(1)', 'RECENT POSTS');",
              "err": {},
              "uuid": "8989a48a-2386-4c63-a4b7-b2040ac9e2b6",
              "parentUUID": "3c665b81-b0d8-4c00-a926-b873b32a0593",
              "isHook": false,
              "skipped": true
            },
            {
              "title": "5. Test to check the Top post section is there or not",
              "fullTitle": "Blog Page 5. Test to check the Top post section is there or not",
              "timedOut": null,
              "duration": 0,
              "state": "skipped",
              "speed": null,
              "pass": false,
              "fail": false,
              "pending": false,
              "context": null,
              "code": "cy.componentVisiblityCheck('.mt-8', 'TOP POSTS');",
              "err": {},
              "uuid": "a25d9df1-61fa-4441-a74e-aa325038ecb4",
              "parentUUID": "3c665b81-b0d8-4c00-a926-b873b32a0593",
              "isHook": false,
              "skipped": true
            },
            {
              "title": "6. Test to check the Top python webscraping tools Blog",
              "fullTitle": "Blog Page 6. Test to check the Top python webscraping tools Blog",
              "timedOut": null,
              "duration": 0,
              "state": "skipped",
              "speed": null,
              "pass": false,
              "fail": false,
              "pending": false,
              "context": null,
              "code": "cy.componentVisiblityCheck('.text-sm > [href=\"https://zenscrape.com/top-python-web-scraping-tools-comparison/\"]', 'Top Python Tools for Web Scraping: A Comparative Analysis');",
              "err": {},
              "uuid": "136b8641-2364-468a-ab1b-1ca05de00e47",
              "parentUUID": "3c665b81-b0d8-4c00-a926-b873b32a0593",
              "isHook": false,
              "skipped": true
            },
            {
              "title": "7. Test to check Mastering Headless Browser Automation for Scalable Web Scraping Blog",
              "fullTitle": "Blog Page 7. Test to check Mastering Headless Browser Automation for Scalable Web Scraping Blog",
              "timedOut": null,
              "duration": 0,
              "state": "skipped",
              "speed": null,
              "pass": false,
              "fail": false,
              "pending": false,
              "context": null,
              "code": "cy.componentVisiblityCheck('.text-sm > [href=\"https://zenscrape.com/mastering-headless-browser-automation-web-scraping/\"]', 'Mastering Headless Browser Automation for Scalable Web Scraping');",
              "err": {},
              "uuid": "931ac0ad-d4a7-410e-b78c-d82e635a96bb",
              "parentUUID": "3c665b81-b0d8-4c00-a926-b873b32a0593",
              "isHook": false,
              "skipped": true
            },
            {
              "title": "8. Test to check the How to build a Simple Proxy Switcher in Node.js? Blog",
              "fullTitle": "Blog Page 8. Test to check the How to build a Simple Proxy Switcher in Node.js? Blog",
              "timedOut": null,
              "duration": 0,
              "state": "skipped",
              "speed": null,
              "pass": false,
              "fail": false,
              "pending": false,
              "context": null,
              "code": "cy.componentVisiblityCheck('.text-sm > [href=\"https://zenscrape.com/how-to-build-a-simple-proxy-switcher-in-node-js/\"]', 'How to build a Simple Proxy Switcher in Node.js?');",
              "err": {},
              "uuid": "2ffa5702-05b5-413e-943c-7e43e0857b1b",
              "parentUUID": "3c665b81-b0d8-4c00-a926-b873b32a0593",
              "isHook": false,
              "skipped": true
            },
            {
              "title": "9. Test to check Optimizing Data Processing with Python Web Scraping Techniques Blog",
              "fullTitle": "Blog Page 9. Test to check Optimizing Data Processing with Python Web Scraping Techniques Blog",
              "timedOut": null,
              "duration": 0,
              "state": "skipped",
              "speed": null,
              "pass": false,
              "fail": false,
              "pending": false,
              "context": null,
              "code": "cy.componentVisiblityCheck(':nth-child(4) > :nth-child(1) > a', 'Optimizing Data Processing with Python Web Scraping Techniques');",
              "err": {},
              "uuid": "bb84814d-69a8-436a-9760-b32ca846f936",
              "parentUUID": "3c665b81-b0d8-4c00-a926-b873b32a0593",
              "isHook": false,
              "skipped": true
            },
            {
              "title": "10. Test to check The Beginner’s Guide to Scrape Data from APIs Blog",
              "fullTitle": "Blog Page 10. Test to check The Beginner’s Guide to Scrape Data from APIs Blog",
              "timedOut": null,
              "duration": 0,
              "state": "skipped",
              "speed": null,
              "pass": false,
              "fail": false,
              "pending": false,
              "context": null,
              "code": "cy.componentVisiblityCheck(':nth-child(4) > :nth-child(2) > a', 'The Beginner’s Guide to Scrape Data from APIs');",
              "err": {},
              "uuid": "f1183593-017f-4d31-8ab8-8b0afbafeaff",
              "parentUUID": "3c665b81-b0d8-4c00-a926-b873b32a0593",
              "isHook": false,
              "skipped": true
            },
            {
              "title": "11. Test to check World’s Leading Web Scraping Services in 2024",
              "fullTitle": "Blog Page 11. Test to check World’s Leading Web Scraping Services in 2024",
              "timedOut": null,
              "duration": 0,
              "state": "skipped",
              "speed": null,
              "pass": false,
              "fail": false,
              "pending": false,
              "context": null,
              "code": "cy.componentVisiblityCheck(':nth-child(3) > a', 'World’s Leading Web Scraping Services in 2024');",
              "err": {},
              "uuid": "58768e66-f336-4bef-9e2b-628695371b07",
              "parentUUID": "3c665b81-b0d8-4c00-a926-b873b32a0593",
              "isHook": false,
              "skipped": true
            },
            {
              "title": "12. Test to check the Top Python Web Scraping Tools Blog",
              "fullTitle": "Blog Page 12. Test to check the Top Python Web Scraping Tools Blog",
              "timedOut": null,
              "duration": 0,
              "state": "skipped",
              "speed": null,
              "pass": false,
              "fail": false,
              "pending": false,
              "context": null,
              "code": "cy.get('.text-sm > [href=\"https://zenscrape.com/top-python-web-scraping-tools-comparison/\"]').should('be.visible').click();\n// cy.wait(8000);\ncy.componentVisiblityCheck('.post-title > .text-4xl', 'Top Python Tools for Web Scraping: A Comparative Analysis');\ncy.componentVisiblityCheck('.w-full > .text-4xl', 'Top Python Tools for Web Scraping: A Comparative Analysis');\ncy.go('back');",
              "err": {},
              "uuid": "b42ea8d5-04b6-4e5f-b873-313a55ebbee1",
              "parentUUID": "3c665b81-b0d8-4c00-a926-b873b32a0593",
              "isHook": false,
              "skipped": true
            },
            {
              "title": "13. Test to check Mastering Headless Browser Automation for Scalable Web Scraping Blog",
              "fullTitle": "Blog Page 13. Test to check Mastering Headless Browser Automation for Scalable Web Scraping Blog",
              "timedOut": null,
              "duration": 0,
              "state": "skipped",
              "speed": null,
              "pass": false,
              "fail": false,
              "pending": false,
              "context": null,
              "code": "cy.get('.text-sm > [href=\"https://zenscrape.com/mastering-headless-browser-automation-web-scraping/\"]').should('be.visible').click();\ncy.componentVisiblityCheck('.w-full > .text-4xl', 'Mastering Headless Browser Automation for Scalable Web Scraping');\ncy.componentVisiblityCheck('.post-title > .text-4xl', 'Mastering Headless Browser Automation for Scalable Web Scraping');\ncy.go('back');",
              "err": {},
              "uuid": "97d0d288-ffe2-49d2-afb5-8084f4f71d03",
              "parentUUID": "3c665b81-b0d8-4c00-a926-b873b32a0593",
              "isHook": false,
              "skipped": true
            },
            {
              "title": "14. Test to check the How to build a Simple Proxy Switcher in Node.js? Blog",
              "fullTitle": "Blog Page 14. Test to check the How to build a Simple Proxy Switcher in Node.js? Blog",
              "timedOut": null,
              "duration": 0,
              "state": "skipped",
              "speed": null,
              "pass": false,
              "fail": false,
              "pending": false,
              "context": null,
              "code": "cy.get('.text-sm > [href=\"https://zenscrape.com/how-to-build-a-simple-proxy-switcher-in-node-js/\"]').should('be.visible').click();\ncy.componentVisiblityCheck('.post-title > .text-4xl', 'How to build a Simple Proxy Switcher in Node.js?');\ncy.componentVisiblityCheck('.w-full > .text-4xl', 'How to build a Simple Proxy Switcher in Node.js?');\ncy.go('back');",
              "err": {},
              "uuid": "e9e2ea7f-4e07-42dc-b97b-b7f61373bbb6",
              "parentUUID": "3c665b81-b0d8-4c00-a926-b873b32a0593",
              "isHook": false,
              "skipped": true
            },
            {
              "title": "15. Test to check Optimizing Data Processing with Python Web Scraping Techniques Blog",
              "fullTitle": "Blog Page 15. Test to check Optimizing Data Processing with Python Web Scraping Techniques Blog",
              "timedOut": null,
              "duration": 0,
              "state": "skipped",
              "speed": null,
              "pass": false,
              "fail": false,
              "pending": false,
              "context": null,
              "code": "cy.get('.text-sm > [href=\"https://zenscrape.com/optimizing-data-processing-with-python-web-scraping-techniques/\"]').should('be.visible').click();\ncy.componentVisiblityCheck('.w-full > .text-4xl', 'Optimizing Data Processing with Python Web Scraping Techniques');\ncy.componentVisiblityCheck('.post-title > .text-4xl', 'Optimizing Data Processing with Python Web Scraping Techniques');\ncy.go('back');",
              "err": {},
              "uuid": "a5adb78b-488b-462d-8cb8-87e4cad2d3bf",
              "parentUUID": "3c665b81-b0d8-4c00-a926-b873b32a0593",
              "isHook": false,
              "skipped": true
            },
            {
              "title": "16. Test to check The Beginner’s Guide to Scrape Data from APIs Blog",
              "fullTitle": "Blog Page 16. Test to check The Beginner’s Guide to Scrape Data from APIs Blog",
              "timedOut": null,
              "duration": 0,
              "state": "skipped",
              "speed": null,
              "pass": false,
              "fail": false,
              "pending": false,
              "context": null,
              "code": "cy.get('.text-sm > [href=\"https://zenscrape.com/the-beginners-guide-to-scrape-data-from-apis/\"]').should('be.visible').click();\ncy.componentVisiblityCheck('.w-full > .text-4xl', 'The Beginner’s Guide to Scrape Data from APIs');\ncy.componentVisiblityCheck('.post-title > .text-4xl', 'The Beginner’s Guide to Scrape Data from APIs');\ncy.go('back');",
              "err": {},
              "uuid": "233c632e-eb77-4052-b38e-e3b2030eda46",
              "parentUUID": "3c665b81-b0d8-4c00-a926-b873b32a0593",
              "isHook": false,
              "skipped": true
            },
            {
              "title": "17. Test to check World’s Leading Web Scraping Services in 2024",
              "fullTitle": "Blog Page 17. Test to check World’s Leading Web Scraping Services in 2024",
              "timedOut": null,
              "duration": 0,
              "state": "skipped",
              "speed": null,
              "pass": false,
              "fail": false,
              "pending": false,
              "context": null,
              "code": "cy.get('.text-sm > [href=\"https://zenscrape.com/worlds-leading-web-scraping-services/\"]').should('be.visible').click();\ncy.componentVisiblityCheck('.w-full > .text-4xl', 'World’s Leading Web Scraping Services in 2024');\ncy.componentVisiblityCheck('.post-title > .text-4xl', 'World’s Leading Web Scraping Services in 2024');\ncy.go('back');",
              "err": {},
              "uuid": "771be0b7-70b8-48a0-bd14-e853592180ca",
              "parentUUID": "3c665b81-b0d8-4c00-a926-b873b32a0593",
              "isHook": false,
              "skipped": true
            },
            {
              "title": "18. Test to check the Python Tools for a webscrapping from a Blog center page",
              "fullTitle": "Blog Page 18. Test to check the Python Tools for a webscrapping from a Blog center page",
              "timedOut": null,
              "duration": 0,
              "state": "skipped",
              "speed": null,
              "pass": false,
              "fail": false,
              "pending": false,
              "context": null,
              "code": "cy.get('.text-xl > [href=\"https://zenscrape.com/top-python-web-scraping-tools-comparison/\"]').should('be.visible').click();\ncy.componentVisiblityCheck('.w-full > .text-4xl', 'Top Python Tools for Web Scraping: A Comparative Analysis');\ncy.componentVisiblityCheck('.post-title > .text-4xl', 'Top Python Tools for Web Scraping: A Comparative Analysis');\ncy.go('back');",
              "err": {},
              "uuid": "32d5675c-3133-47cc-a2db-e59d4ba8cffe",
              "parentUUID": "3c665b81-b0d8-4c00-a926-b873b32a0593",
              "isHook": false,
              "skipped": true
            }
          ],
          "suites": [],
          "passes": [],
          "failures": [
            "e85eee91-bb45-4ee2-ad13-1a97913202f0"
          ],
          "pending": [],
          "skipped": [
            "7d824d4d-5dc4-41fd-9c7b-008f712315a6",
            "94ad0a8f-d450-49c6-83b9-992a8603db69",
            "8989a48a-2386-4c63-a4b7-b2040ac9e2b6",
            "a25d9df1-61fa-4441-a74e-aa325038ecb4",
            "136b8641-2364-468a-ab1b-1ca05de00e47",
            "931ac0ad-d4a7-410e-b78c-d82e635a96bb",
            "2ffa5702-05b5-413e-943c-7e43e0857b1b",
            "bb84814d-69a8-436a-9760-b32ca846f936",
            "f1183593-017f-4d31-8ab8-8b0afbafeaff",
            "58768e66-f336-4bef-9e2b-628695371b07",
            "b42ea8d5-04b6-4e5f-b873-313a55ebbee1",
            "97d0d288-ffe2-49d2-afb5-8084f4f71d03",
            "e9e2ea7f-4e07-42dc-b97b-b7f61373bbb6",
            "a5adb78b-488b-462d-8cb8-87e4cad2d3bf",
            "233c632e-eb77-4052-b38e-e3b2030eda46",
            "771be0b7-70b8-48a0-bd14-e853592180ca",
            "32d5675c-3133-47cc-a2db-e59d4ba8cffe"
          ],
          "duration": 30683,
          "root": false,
          "rootEmpty": false,
          "_timeout": 2000
        }
      ],
      "passes": [],
      "failures": [],
      "pending": [],
      "skipped": [],
      "duration": 0,
      "root": true,
      "rootEmpty": true,
      "_timeout": 2000
    },
    {
      "uuid": "b04cf6bc-0c23-4d21-a3eb-90cf6f4548d6",
      "title": "",
      "fullFile": "cypress/e2e/zenscrape/login.cy.js",
      "file": "cypress/e2e/zenscrape/login.cy.js",
      "beforeHooks": [],
      "afterHooks": [],
      "tests": [],
      "suites": [
        {
          "uuid": "66a4adc8-ede2-4761-b8d0-c01f3307996d",
          "title": "Zenscrape Login Page  ",
          "fullFile": "",
          "file": "",
          "beforeHooks": [],
          "afterHooks": [],
          "tests": [
            {
              "title": "1. Test to display the login page",
              "fullTitle": "Zenscrape Login Page   1. Test to display the login page",
              "timedOut": null,
              "duration": 3429,
              "state": "passed",
              "speed": "fast",
              "pass": true,
              "fail": false,
              "pending": false,
              "context": null,
              "code": "cy.get('.card-header').should('contain.text', 'Login');",
              "err": {},
              "uuid": "df5f2038-71d6-45c1-9cc3-a662efcb68fc",
              "parentUUID": "66a4adc8-ede2-4761-b8d0-c01f3307996d",
              "isHook": false,
              "skipped": false
            },
            {
              "title": "2. Test to display the email input field",
              "fullTitle": "Zenscrape Login Page   2. Test to display the email input field",
              "timedOut": null,
              "duration": 17,
              "state": "passed",
              "speed": "fast",
              "pass": true,
              "fail": false,
              "pending": false,
              "context": null,
              "code": "cy.get(':nth-child(2) > .col-md-6 > .form-control').should('be.visible');",
              "err": {},
              "uuid": "63462ad4-641c-440e-bf45-080c134ab965",
              "parentUUID": "66a4adc8-ede2-4761-b8d0-c01f3307996d",
              "isHook": false,
              "skipped": false
            },
            {
              "title": "3. Test to display the password input field",
              "fullTitle": "Zenscrape Login Page   3. Test to display the password input field",
              "timedOut": null,
              "duration": 20,
              "state": "passed",
              "speed": "fast",
              "pass": true,
              "fail": false,
              "pending": false,
              "context": null,
              "code": "cy.get(':nth-child(3) > .col-md-6 > .form-control').should('be.visible');",
              "err": {},
              "uuid": "9bd84775-1981-47cf-9c1d-791d217e979f",
              "parentUUID": "66a4adc8-ede2-4761-b8d0-c01f3307996d",
              "isHook": false,
              "skipped": false
            },
            {
              "title": "4. Test to display the login button",
              "fullTitle": "Zenscrape Login Page   4. Test to display the login button",
              "timedOut": null,
              "duration": 14,
              "state": "passed",
              "speed": "fast",
              "pass": true,
              "fail": false,
              "pending": false,
              "context": null,
              "code": "cy.get('.btn-primary').should('be.visible');",
              "err": {},
              "uuid": "3a4cccae-d217-4619-9fed-a997e9439baa",
              "parentUUID": "66a4adc8-ede2-4761-b8d0-c01f3307996d",
              "isHook": false,
              "skipped": false
            },
            {
              "title": "5. Test to show an error for empty email and password",
              "fullTitle": "Zenscrape Login Page   5. Test to show an error for empty email and password",
              "timedOut": null,
              "duration": 1168,
              "state": "passed",
              "speed": "fast",
              "pass": true,
              "fail": false,
              "pending": false,
              "context": null,
              "code": "cy.get(':nth-child(2) > .col-md-6 > .form-control').clear();\ncy.get(':nth-child(3) > .col-md-6 > .form-control').clear();\ncy.get('.btn-primary').click();\ncy.get('.alert').should('be.visible').and('contain.text', 'Whoops! Something went wrong!');\ncy.get('.alert > ul > :nth-child(1)').should('be.visible', 'The email field is required.');\ncy.get('.alert > ul > :nth-child(2)').should('be.visible', 'The password field is required.');",
              "err": {},
              "uuid": "7cdad59c-6ead-4b11-8066-2c03cd90a3f4",
              "parentUUID": "66a4adc8-ede2-4761-b8d0-c01f3307996d",
              "isHook": false,
              "skipped": false
            },
            {
              "title": "6. Test to show an error for invalid email format",
              "fullTitle": "Zenscrape Login Page   6. Test to show an error for invalid email format",
              "timedOut": null,
              "duration": 762,
              "state": "passed",
              "speed": "fast",
              "pass": true,
              "fail": false,
              "pending": false,
              "context": null,
              "code": "cy.get(':nth-child(2) > .col-md-6 > .form-control').type('invalid-email');\ncy.get(':nth-child(3) > .col-md-6 > .form-control').type('password123');\ncy.get('.btn-primary').click();\ncy.get('.alert').should('be.visible').and('contain.text', 'Whoops! Something went wrong!');\ncy.get('.alert > ul > :nth-child(1)').should('be.visible', 'The email field is required.');\ncy.get('.alert > ul > :nth-child(2)').should('be.visible', 'The password field is required.');",
              "err": {},
              "uuid": "da0df1c5-dbb8-44f1-a9d5-72360090bdd8",
              "parentUUID": "66a4adc8-ede2-4761-b8d0-c01f3307996d",
              "isHook": false,
              "skipped": false
            },
            {
              "title": "7. Test to show an error for incorrect password",
              "fullTitle": "Zenscrape Login Page   7. Test to show an error for incorrect password",
              "timedOut": null,
              "duration": 1655,
              "state": "passed",
              "speed": "fast",
              "pass": true,
              "fail": false,
              "pending": false,
              "context": null,
              "code": "cy.get(':nth-child(2) > .col-md-6 > .form-control').type('TestUserApiLayer@gmail.com');\ncy.get(':nth-child(3) > .col-md-6 > .form-control').type('wrongpassword');\ncy.get('.btn-primary').click();\ncy.get('.alert').should('be.visible').and('contain.text', 'Whoops! Something went wrong!');\ncy.get('.alert > ul > li').should('be.visible', 'These credentials do not match our records');",
              "err": {},
              "uuid": "b3f66317-d4d3-47d3-97fc-ec8aa67c56f6",
              "parentUUID": "66a4adc8-ede2-4761-b8d0-c01f3307996d",
              "isHook": false,
              "skipped": false
            },
            {
              "title": "8. Test to show an error for incorrect email",
              "fullTitle": "Zenscrape Login Page   8. Test to show an error for incorrect email",
              "timedOut": null,
              "duration": 1778,
              "state": "passed",
              "speed": "fast",
              "pass": true,
              "fail": false,
              "pending": false,
              "context": null,
              "code": "cy.get(':nth-child(2) > .col-md-6 > .form-control').clear().type('testinvalid@gmail.com');\ncy.get(':nth-child(3) > .col-md-6 > .form-control').clear().type('Test@123');\ncy.get('.btn-primary').click();\ncy.get('.alert').should('be.visible').and('contain.text', 'Whoops! Something went wrong!');\ncy.get('.alert > ul > li').should('be.visible', 'These credentials do not match our records');",
              "err": {},
              "uuid": "592c1492-8aae-4ffa-ab64-f56c7f20d231",
              "parentUUID": "66a4adc8-ede2-4761-b8d0-c01f3307996d",
              "isHook": false,
              "skipped": false
            },
            {
              "title": "9. Test to check password field of type password",
              "fullTitle": "Zenscrape Login Page   9. Test to check password field of type password",
              "timedOut": null,
              "duration": 18,
              "state": "passed",
              "speed": "fast",
              "pass": true,
              "fail": false,
              "pending": false,
              "context": null,
              "code": "cy.get(':nth-child(3) > .col-md-6 > .form-control').should('have.attr', 'type', 'password');",
              "err": {},
              "uuid": "f7967ab9-f1f1-49ee-8a8a-c80f1e607009",
              "parentUUID": "66a4adc8-ede2-4761-b8d0-c01f3307996d",
              "isHook": false,
              "skipped": false
            },
            {
              "title": "10. Test to check for Forgot password",
              "fullTitle": "Zenscrape Login Page   10. Test to check for Forgot password",
              "timedOut": null,
              "duration": 1147,
              "state": "passed",
              "speed": "fast",
              "pass": true,
              "fail": false,
              "pending": false,
              "context": null,
              "code": "cy.get('.btn-link').click();\ncy.navigateUrlwithCookies('https://app.zenscrape.com/password/reset');",
              "err": {},
              "uuid": "c1f020d8-aeba-4398-b660-3314e2b2cdcd",
              "parentUUID": "66a4adc8-ede2-4761-b8d0-c01f3307996d",
              "isHook": false,
              "skipped": false
            },
            {
              "title": "11. Test to load the Forgot Password page",
              "fullTitle": "Zenscrape Login Page   11. Test to load the Forgot Password page",
              "timedOut": null,
              "duration": 18,
              "state": "passed",
              "speed": "fast",
              "pass": true,
              "fail": false,
              "pending": false,
              "context": null,
              "code": "cy.get('.card-header').should('contain.text', 'Reset Password');",
              "err": {},
              "uuid": "7912d744-0164-4fcc-a6e1-31ee43e32bf7",
              "parentUUID": "66a4adc8-ede2-4761-b8d0-c01f3307996d",
              "isHook": false,
              "skipped": false
            },
            {
              "title": "12.Test to have the email input field",
              "fullTitle": "Zenscrape Login Page   12.Test to have the email input field",
              "timedOut": null,
              "duration": 12,
              "state": "passed",
              "speed": "fast",
              "pass": true,
              "fail": false,
              "pending": false,
              "context": null,
              "code": "cy.get('.form-control').should('be.visible');",
              "err": {},
              "uuid": "ff7a78db-a912-4b35-ada3-78ce7fcab3db",
              "parentUUID": "66a4adc8-ede2-4761-b8d0-c01f3307996d",
              "isHook": false,
              "skipped": false
            },
            {
              "title": "13. Test to allow navigating back to login page",
              "fullTitle": "Zenscrape Login Page   13. Test to allow navigating back to login page",
              "timedOut": null,
              "duration": 411,
              "state": "passed",
              "speed": "fast",
              "pass": true,
              "fail": false,
              "pending": false,
              "context": null,
              "code": "cy.navigateUrlwithCookies('https://app.zenscrape.com/login');",
              "err": {},
              "uuid": "b1f89a2e-c393-4fcc-a8db-80b7a2a49511",
              "parentUUID": "66a4adc8-ede2-4761-b8d0-c01f3307996d",
              "isHook": false,
              "skipped": false
            }
          ],
          "suites": [],
          "passes": [
            "df5f2038-71d6-45c1-9cc3-a662efcb68fc",
            "63462ad4-641c-440e-bf45-080c134ab965",
            "9bd84775-1981-47cf-9c1d-791d217e979f",
            "3a4cccae-d217-4619-9fed-a997e9439baa",
            "7cdad59c-6ead-4b11-8066-2c03cd90a3f4",
            "da0df1c5-dbb8-44f1-a9d5-72360090bdd8",
            "b3f66317-d4d3-47d3-97fc-ec8aa67c56f6",
            "592c1492-8aae-4ffa-ab64-f56c7f20d231",
            "f7967ab9-f1f1-49ee-8a8a-c80f1e607009",
            "c1f020d8-aeba-4398-b660-3314e2b2cdcd",
            "7912d744-0164-4fcc-a6e1-31ee43e32bf7",
            "ff7a78db-a912-4b35-ada3-78ce7fcab3db",
            "b1f89a2e-c393-4fcc-a8db-80b7a2a49511"
          ],
          "failures": [],
          "pending": [],
          "skipped": [],
          "duration": 10449,
          "root": false,
          "rootEmpty": false,
          "_timeout": 2000
        }
      ],
      "passes": [],
      "failures": [],
      "pending": [],
      "skipped": [],
      "duration": 0,
      "root": true,
      "rootEmpty": true,
      "_timeout": 2000
    },
    {
      "uuid": "c2bc60f1-d8be-4c89-9c24-4a1158e54e71",
      "title": "",
      "fullFile": "cypress/e2e/zenscrape/mainPage.cy.js",
      "file": "cypress/e2e/zenscrape/mainPage.cy.js",
      "beforeHooks": [],
      "afterHooks": [],
      "tests": [],
      "suites": [
        {
          "uuid": "061dbbe8-b030-436b-9caa-5a00ea96ba20",
          "title": "Test Cases for Zenscrape Home page",
          "fullFile": "",
          "file": "",
          "beforeHooks": [],
          "afterHooks": [],
          "tests": [
            {
              "title": "1. Test to check for the Web Scraping text is there or not",
              "fullTitle": "Test Cases for Zenscrape Home page 1. Test to check for the Web Scraping text is there or not",
              "timedOut": null,
              "duration": 1107,
              "state": "passed",
              "speed": "fast",
              "pass": true,
              "fail": false,
              "pending": false,
              "context": null,
              "code": "cy.get('.text-4xl').should('be.visible', 'contain.text', 'Web scraping without the hassle');",
              "err": {},
              "uuid": "c7156f9a-f2d8-48d5-8637-ae75317fb5bd",
              "parentUUID": "061dbbe8-b030-436b-9caa-5a00ea96ba20",
              "isHook": false,
              "skipped": false
            },
            {
              "title": "2. Test to check for the Proxy rotation and headless browser",
              "fullTitle": "Test Cases for Zenscrape Home page 2. Test to check for the Proxy rotation and headless browser",
              "timedOut": null,
              "duration": 13,
              "state": "passed",
              "speed": "fast",
              "pass": true,
              "fail": false,
              "pending": false,
              "context": null,
              "code": "cy.get('.small-para').should('be.visible', 'contain.text', 'Proxy rotation and headless browser');",
              "err": {},
              "uuid": "ce92f274-a53f-488e-b37c-0c761d136388",
              "parentUUID": "061dbbe8-b030-436b-9caa-5a00ea96ba20",
              "isHook": false,
              "skipped": false
            },
            {
              "title": "3. Test to check the \"Try Zenscrape API\" button is there or not",
              "fullTitle": "Test Cases for Zenscrape Home page 3. Test to check the \"Try Zenscrape API\" button is there or not",
              "timedOut": null,
              "duration": 14,
              "state": "passed",
              "speed": "fast",
              "pass": true,
              "fail": false,
              "pending": false,
              "context": null,
              "code": "cy.get('.mr-auto > .mt-5 > .rounded-sm > .w-full').should('be.visible');",
              "err": {},
              "uuid": "c783a587-6f3a-4f3d-9812-3336b99ab65b",
              "parentUUID": "061dbbe8-b030-436b-9caa-5a00ea96ba20",
              "isHook": false,
              "skipped": false
            },
            {
              "title": "4. Test to check the text \"Unleash the power of the headless\"",
              "fullTitle": "Test Cases for Zenscrape Home page 4. Test to check the text \"Unleash the power of the headless\"",
              "timedOut": null,
              "duration": 11,
              "state": "passed",
              "speed": "fast",
              "pass": true,
              "fail": false,
              "pending": false,
              "context": null,
              "code": "cy.get(':nth-child(1) > .mt-4 > .text-2xl > .block').should('be.visible', 'contain.text', 'Unleash the Power of Headless Browsing ');",
              "err": {},
              "uuid": "d980ca19-fb6a-4b14-942d-e8f940037ebd",
              "parentUUID": "061dbbe8-b030-436b-9caa-5a00ea96ba20",
              "isHook": false,
              "skipped": false
            },
            {
              "title": "5. Test to check the text \"Unleash the power of the headless\"",
              "fullTitle": "Test Cases for Zenscrape Home page 5. Test to check the text \"Unleash the power of the headless\"",
              "timedOut": null,
              "duration": 18,
              "state": "passed",
              "speed": "fast",
              "pass": true,
              "fail": false,
              "pending": false,
              "context": null,
              "code": "cy.get('.text-2xl > .block').should('be.visible', 'contain.text', 'Seamless Navigation Past Captcha and DDoS Hurdles with Zenscrape');",
              "err": {},
              "uuid": "26f61225-2285-4a10-90b8-1861b7b435de",
              "parentUUID": "061dbbe8-b030-436b-9caa-5a00ea96ba20",
              "isHook": false,
              "skipped": false
            },
            {
              "title": "6. Test to check the text \"Unleash the power of the headless\"",
              "fullTitle": "Test Cases for Zenscrape Home page 6. Test to check the text \"Unleash the power of the headless\"",
              "timedOut": null,
              "duration": 10,
              "state": "passed",
              "speed": "fast",
              "pass": true,
              "fail": false,
              "pending": false,
              "context": null,
              "code": "cy.get(':nth-child(1) > .mt-4 > .text-2xl > .block').should('be.visible', 'contain.text', 'Premium Proxies and Seamless IP Rotation for Uninterrupted Scraping');",
              "err": {},
              "uuid": "9dc11e8e-e1f0-4858-8539-c07d1f66df40",
              "parentUUID": "061dbbe8-b030-436b-9caa-5a00ea96ba20",
              "isHook": false,
              "skipped": false
            },
            {
              "title": "7. Test to check the \"Try Zenscrape API\" clickng the button and it should redirect to the Registration page.",
              "fullTitle": "Test Cases for Zenscrape Home page 7. Test to check the \"Try Zenscrape API\" clickng the button and it should redirect to the Registration page.",
              "timedOut": null,
              "duration": 4629,
              "state": "passed",
              "speed": "fast",
              "pass": true,
              "fail": false,
              "pending": false,
              "context": null,
              "code": "cy.get('.mr-auto > .mt-5 > .rounded-sm > .w-full').click();\ncy.navigateUrlwithCookies('https://app.zenscrape.com/register?plan=free');\ncy.wait(1000);\ncy.get('.float-left').should('be.visible');\ncy.get('.m-4').should('be.visible', 'contian.text', 'All Subscription plan prices are excluding applicable VAT.');\ncy.navigateUrlwithCookies('https://zenscrape.com/');",
              "err": {},
              "uuid": "b97ee4ca-5f1e-45e2-9231-b1f6979ef685",
              "parentUUID": "061dbbe8-b030-436b-9caa-5a00ea96ba20",
              "isHook": false,
              "skipped": false
            },
            {
              "title": "8. Test to check the text \"Start Web scraping for FREE\" text is there or not",
              "fullTitle": "Test Cases for Zenscrape Home page 8. Test to check the text \"Start Web scraping for FREE\" text is there or not",
              "timedOut": null,
              "duration": 12,
              "state": "passed",
              "speed": "fast",
              "pass": true,
              "fail": false,
              "pending": false,
              "context": null,
              "code": "cy.get('.max-w-2xl > .text-3xl').should('be.visible', 'contain.text', 'Start Web scraping for FREE');",
              "err": {},
              "uuid": "0e7261ee-05ed-4253-ad82-d851af43e5af",
              "parentUUID": "061dbbe8-b030-436b-9caa-5a00ea96ba20",
              "isHook": false,
              "skipped": false
            },
            {
              "title": "9. Test to check the text \"GET 1000 Free credit\" button is there or not",
              "fullTitle": "Test Cases for Zenscrape Home page 9. Test to check the text \"GET 1000 Free credit\" button is there or not",
              "timedOut": null,
              "duration": 17,
              "state": "passed",
              "speed": "fast",
              "pass": true,
              "fail": false,
              "pending": false,
              "context": null,
              "code": "cy.get('.max-w-2xl > .mt-5 > .rounded-sm > .w-full').should('be.visible', 'contain.text', 'GET 1,000 FREE CREDIT');",
              "err": {},
              "uuid": "70c1ef46-ab9c-4f12-9b8e-16732d79d2f8",
              "parentUUID": "061dbbe8-b030-436b-9caa-5a00ea96ba20",
              "isHook": false,
              "skipped": false
            },
            {
              "title": "10. Test to click on the \"GET 1000 Free credit\" button and it should re direct to the regirstration page.",
              "fullTitle": "Test Cases for Zenscrape Home page 10. Test to click on the \"GET 1000 Free credit\" button and it should re direct to the regirstration page.",
              "timedOut": null,
              "duration": 5500,
              "state": "failed",
              "speed": null,
              "pass": false,
              "fail": true,
              "pending": false,
              "context": null,
              "code": "cy.get('.max-w-2xl > .mt-5 > .rounded-sm > .w-full').click();\ncy.wait(1000);\ncy.get('.float-left').should('be.visible');\ncy.get('.m-4').should('be.visible', 'contian.text', 'All Subscription plan prices are excluding applicable VAT.');\ncy.navigateUrlwithCookies('https://zenscrape.com/');",
              "err": {
                "message": "AssertionError: Timed out retrying after 4000ms: Expected to find element: `.float-left`, but never found it.",
                "estack": "AssertionError: Timed out retrying after 4000ms: Expected to find element: `.float-left`, but never found it.\n    at Context.eval (webpack:///./cypress/e2e/zenscrape/mainPage.cy.js:55:30)",
                "diff": null
              },
              "uuid": "8e83d48a-47e9-4e5e-802d-824288648f2b",
              "parentUUID": "061dbbe8-b030-436b-9caa-5a00ea96ba20",
              "isHook": false,
              "skipped": false
            },
            {
              "title": "11. Test to check the pricing section",
              "fullTitle": "Test Cases for Zenscrape Home page 11. Test to check the pricing section",
              "timedOut": null,
              "duration": 13,
              "state": "passed",
              "speed": "fast",
              "pass": true,
              "fail": false,
              "pending": false,
              "context": null,
              "code": "cy.get('.py-12').should('be.visible', 'contain.text', 'Simple and Economical Pricing');",
              "err": {},
              "uuid": "536ae688-85e7-41b1-8324-001d5aade412",
              "parentUUID": "061dbbe8-b030-436b-9caa-5a00ea96ba20",
              "isHook": false,
              "skipped": false
            },
            {
              "title": "12. Test to check text Need More Credit?",
              "fullTitle": "Test Cases for Zenscrape Home page 12. Test to check text Need More Credit?",
              "timedOut": null,
              "duration": 11,
              "state": "passed",
              "speed": "fast",
              "pass": true,
              "fail": false,
              "pending": false,
              "context": null,
              "code": "cy.get('.w-full > :nth-child(1) > .text-2xl > .block').should('be.visible', 'contain.text', 'Need More Credit?');",
              "err": {},
              "uuid": "e6baf616-cbc7-4e21-a1b5-2c395e173e43",
              "parentUUID": "061dbbe8-b030-436b-9caa-5a00ea96ba20",
              "isHook": false,
              "skipped": false
            },
            {
              "title": "13. Test to check CONTACT US for quote text is there or not",
              "fullTitle": "Test Cases for Zenscrape Home page 13. Test to check CONTACT US for quote text is there or not",
              "timedOut": null,
              "duration": 11,
              "state": "passed",
              "speed": "fast",
              "pass": true,
              "fail": false,
              "pending": false,
              "context": null,
              "code": "cy.get('.shadow > .inline-flex').should('be.visible', 'contain.text', 'CONTACT US FOR A QUOTE');",
              "err": {},
              "uuid": "d3382632-f37b-4145-b22c-e2d66d0e00ea",
              "parentUUID": "061dbbe8-b030-436b-9caa-5a00ea96ba20",
              "isHook": false,
              "skipped": false
            },
            {
              "title": "14. Test to check CONTACT US for quote button and should redirect to contact us page",
              "fullTitle": "Test Cases for Zenscrape Home page 14. Test to check CONTACT US for quote button and should redirect to contact us page",
              "timedOut": null,
              "duration": 30648,
              "state": "failed",
              "speed": null,
              "pass": false,
              "fail": true,
              "pending": false,
              "context": null,
              "code": "cy.get('.shadow > .inline-flex').click();\ncy.navigateUrlwithCookies('https://zenscrape.com/');",
              "err": {
                "message": "CypressError: `cy.visit()` failed trying to load:\n\nhttps://zenscrape.com/\n\nWe attempted to make an http request to this URL but the request failed without a response.\n\nWe received this error at the network level:\n\n  > Error: ESOCKETTIMEDOUT\n\nCommon situations why this would fail:\n  - you don't have internet access\n  - you forgot to run / boot your web server\n  - your web server isn't accessible\n  - you have weird network configuration settings on your computer",
                "estack": "CypressError: `cy.visit()` failed trying to load:\n\nhttps://zenscrape.com/\n\nWe attempted to make an http request to this URL but the request failed without a response.\n\nWe received this error at the network level:\n\n  > Error: ESOCKETTIMEDOUT\n\nCommon situations why this would fail:\n  - you don't have internet access\n  - you forgot to run / boot your web server\n  - your web server isn't accessible\n  - you have weird network configuration settings on your computer\n    at <unknown> (https://zenscrape.com/__cypress/runner/cypress_runner.js:131955:74)\n    at visitFailedByErr (https://zenscrape.com/__cypress/runner/cypress_runner.js:131354:12)\n    at <unknown> (https://zenscrape.com/__cypress/runner/cypress_runner.js:131954:11)\n    at tryCatcher (https://zenscrape.com/__cypress/runner/cypress_runner.js:1807:23)\n    at Promise._settlePromiseFromHandler (https://zenscrape.com/__cypress/runner/cypress_runner.js:1519:31)\n    at Promise._settlePromise (https://zenscrape.com/__cypress/runner/cypress_runner.js:1576:18)\n    at Promise._settlePromise0 (https://zenscrape.com/__cypress/runner/cypress_runner.js:1621:10)\n    at Promise._settlePromises (https://zenscrape.com/__cypress/runner/cypress_runner.js:1697:18)\n    at _drainQueueStep (https://zenscrape.com/__cypress/runner/cypress_runner.js:2407:12)\n    at _drainQueue (https://zenscrape.com/__cypress/runner/cypress_runner.js:2400:9)\n    at Async._drainQueues (https://zenscrape.com/__cypress/runner/cypress_runner.js:2416:5)\n    at Async.drainQueues (https://zenscrape.com/__cypress/runner/cypress_runner.js:2286:14)\nFrom Your Spec Code:\n    at Context.eval (webpack:///./cypress/support/commands.js:79:7)\n\nFrom Node.js Internals:\n  Error: ESOCKETTIMEDOUT\n      at ClientRequest.<anonymous> (<embedded>:445:106000)\n      at Object.onceWrapper (node:events:628:28)\n      at ClientRequest.emit (node:events:514:28)\n      at TLSSocket.emitRequestTimeout (node:_http_client:847:9)\n      at Object.onceWrapper (node:events:628:28)\n      at TLSSocket.emit (node:events:526:35)\n      at TLSSocket._onTimeout (node:net:571:8)\n      at listOnTimeout (node:internal/timers:569:17)\n      at process.processTimers (node:internal/timers:512:7)",
                "diff": null
              },
              "uuid": "2c59b212-c486-4cbf-83de-f6bcbb3c5639",
              "parentUUID": "061dbbe8-b030-436b-9caa-5a00ea96ba20",
              "isHook": false,
              "skipped": false
            },
            {
              "title": "15. Test to Verify the \"Web Scraping API Use Cases\" section is visible",
              "fullTitle": "Test Cases for Zenscrape Home page 15. Test to Verify the \"Web Scraping API Use Cases\" section is visible",
              "timedOut": null,
              "duration": 4390,
              "state": "failed",
              "speed": null,
              "pass": false,
              "fail": true,
              "pending": false,
              "context": null,
              "code": "cy.get('.text-left > .mt-2').should('be.visible', 'contain.text', 'Web Scraping API Use Cases');",
              "err": {
                "message": "AssertionError: Timed out retrying after 4000ms: Expected to find element: `.text-left > .mt-2`, but never found it.",
                "estack": "AssertionError: Timed out retrying after 4000ms: Expected to find element: `.text-left > .mt-2`, but never found it.\n    at Context.eval (webpack:///./cypress/e2e/zenscrape/mainPage.cy.js:78:37)",
                "diff": null
              },
              "uuid": "d59fc35b-8479-47a6-a3c3-766a5cea57dd",
              "parentUUID": "061dbbe8-b030-436b-9caa-5a00ea96ba20",
              "isHook": false,
              "skipped": false
            },
            {
              "title": "16. Test to Verify the \"Web crawling General Data Aggreagation\" section is visible",
              "fullTitle": "Test Cases for Zenscrape Home page 16. Test to Verify the \"Web crawling General Data Aggreagation\" section is visible",
              "timedOut": null,
              "duration": 4402,
              "state": "failed",
              "speed": null,
              "pass": false,
              "fail": true,
              "pending": false,
              "context": null,
              "code": "cy.get(':nth-child(1) > ul > :nth-child(1) > .flex > .ml-3 > dl > .text-lg').should('be.visible', 'contain.text', 'Web crawling General Data Aggregation');",
              "err": {
                "message": "AssertionError: Timed out retrying after 4000ms: Expected to find element: `:nth-child(1) > ul > :nth-child(1) > .flex > .ml-3 > dl > .text-lg`, but never found it.",
                "estack": "AssertionError: Timed out retrying after 4000ms: Expected to find element: `:nth-child(1) > ul > :nth-child(1) > .flex > .ml-3 > dl > .text-lg`, but never found it.\n    at Context.eval (webpack:///./cypress/e2e/zenscrape/mainPage.cy.js:82:85)",
                "diff": null
              },
              "uuid": "04f44579-3076-4173-8990-b5c11855cb85",
              "parentUUID": "061dbbe8-b030-436b-9caa-5a00ea96ba20",
              "isHook": false,
              "skipped": false
            },
            {
              "title": "17. Test to Verify the \"Review scraping Customer Reviews\" section is visible",
              "fullTitle": "Test Cases for Zenscrape Home page 17. Test to Verify the \"Review scraping Customer Reviews\" section is visible",
              "timedOut": null,
              "duration": 4403,
              "state": "failed",
              "speed": null,
              "pass": false,
              "fail": true,
              "pending": false,
              "context": null,
              "code": "cy.get(':nth-child(2) > ul > :nth-child(1) > .flex > .ml-3 > dl > .text-lg').should('be.visible', 'contain.text', 'Review scraping Customer Reviews');",
              "err": {
                "message": "AssertionError: Timed out retrying after 4000ms: Expected to find element: `:nth-child(2) > ul > :nth-child(1) > .flex > .ml-3 > dl > .text-lg`, but never found it.",
                "estack": "AssertionError: Timed out retrying after 4000ms: Expected to find element: `:nth-child(2) > ul > :nth-child(1) > .flex > .ml-3 > dl > .text-lg`, but never found it.\n    at Context.eval (webpack:///./cypress/e2e/zenscrape/mainPage.cy.js:86:85)",
                "diff": null
              },
              "uuid": "8d97269a-d2ba-451f-855e-00eb435b7329",
              "parentUUID": "061dbbe8-b030-436b-9caa-5a00ea96ba20",
              "isHook": false,
              "skipped": false
            },
            {
              "title": "18. Test to Verify the \"Price Data Scraping Ecommerce: Price & Product Information\" section is visible",
              "fullTitle": "Test Cases for Zenscrape Home page 18. Test to Verify the \"Price Data Scraping Ecommerce: Price & Product Information\" section is visible",
              "timedOut": null,
              "duration": 4403,
              "state": "failed",
              "speed": null,
              "pass": false,
              "fail": true,
              "pending": false,
              "context": null,
              "code": "cy.get(':nth-child(1) > ul > :nth-child(2) > .flex > .ml-3 > dl > .text-lg').should('be.visible', 'contain.text', 'Price Data Scraping Ecommerce: Price & Product Information');",
              "err": {
                "message": "AssertionError: Timed out retrying after 4000ms: Expected to find element: `:nth-child(1) > ul > :nth-child(2) > .flex > .ml-3 > dl > .text-lg`, but never found it.",
                "estack": "AssertionError: Timed out retrying after 4000ms: Expected to find element: `:nth-child(1) > ul > :nth-child(2) > .flex > .ml-3 > dl > .text-lg`, but never found it.\n    at Context.eval (webpack:///./cypress/e2e/zenscrape/mainPage.cy.js:90:85)",
                "diff": null
              },
              "uuid": "b51c03f3-35f7-41f5-98f3-a8f8253bc92b",
              "parentUUID": "061dbbe8-b030-436b-9caa-5a00ea96ba20",
              "isHook": false,
              "skipped": false
            },
            {
              "title": "19. Test to Verify the \"Hiring Data Scraping Job & Hiring Data\" section is visible",
              "fullTitle": "Test Cases for Zenscrape Home page 19. Test to Verify the \"Hiring Data Scraping Job & Hiring Data\" section is visible",
              "timedOut": null,
              "duration": 4380,
              "state": "failed",
              "speed": null,
              "pass": false,
              "fail": true,
              "pending": false,
              "context": null,
              "code": "cy.get(':nth-child(2) > ul > :nth-child(2) > .flex > .ml-3 > dl > .text-lg').should('be.visible', 'contain.text', 'Hiring Data Scraping Job & Hiring Data');",
              "err": {
                "message": "AssertionError: Timed out retrying after 4000ms: Expected to find element: `:nth-child(2) > ul > :nth-child(2) > .flex > .ml-3 > dl > .text-lg`, but never found it.",
                "estack": "AssertionError: Timed out retrying after 4000ms: Expected to find element: `:nth-child(2) > ul > :nth-child(2) > .flex > .ml-3 > dl > .text-lg`, but never found it.\n    at Context.eval (webpack:///./cypress/e2e/zenscrape/mainPage.cy.js:94:85)",
                "diff": null
              },
              "uuid": "a36767f6-dd6a-4c70-8d73-e6e68921c42f",
              "parentUUID": "061dbbe8-b030-436b-9caa-5a00ea96ba20",
              "isHook": false,
              "skipped": false
            },
            {
              "title": "20. Test to Verify the \"Marketing Data Scraping Sales Leads\" section is visible",
              "fullTitle": "Test Cases for Zenscrape Home page 20. Test to Verify the \"Marketing Data Scraping Sales Leads\" section is visible",
              "timedOut": null,
              "duration": 4377,
              "state": "failed",
              "speed": null,
              "pass": false,
              "fail": true,
              "pending": false,
              "context": null,
              "code": "cy.get(':nth-child(1) > ul > :nth-child(3) > .flex > .ml-3 > dl > .text-lg').should('be.visible', 'contain.text', 'Marketing Data Scraping Sales Leads');",
              "err": {
                "message": "AssertionError: Timed out retrying after 4000ms: Expected to find element: `:nth-child(1) > ul > :nth-child(3) > .flex > .ml-3 > dl > .text-lg`, but never found it.",
                "estack": "AssertionError: Timed out retrying after 4000ms: Expected to find element: `:nth-child(1) > ul > :nth-child(3) > .flex > .ml-3 > dl > .text-lg`, but never found it.\n    at Context.eval (webpack:///./cypress/e2e/zenscrape/mainPage.cy.js:98:85)",
                "diff": null
              },
              "uuid": "1cb0a28c-6f28-4de5-89b4-067c2a678f12",
              "parentUUID": "061dbbe8-b030-436b-9caa-5a00ea96ba20",
              "isHook": false,
              "skipped": false
            },
            {
              "title": "21. Test to Verify the \"Real estate data scraping Real Estate Data\" section is visible",
              "fullTitle": "Test Cases for Zenscrape Home page 21. Test to Verify the \"Real estate data scraping Real Estate Data\" section is visible",
              "timedOut": null,
              "duration": 4373,
              "state": "failed",
              "speed": null,
              "pass": false,
              "fail": true,
              "pending": false,
              "context": null,
              "code": "cy.get(':nth-child(2) > ul > :nth-child(3) > .flex > .ml-3 > dl > .text-lg').should('be.visible', 'contain.text', 'Real estate data scraping Real Estate Data');",
              "err": {
                "message": "AssertionError: Timed out retrying after 4000ms: Expected to find element: `:nth-child(2) > ul > :nth-child(3) > .flex > .ml-3 > dl > .text-lg`, but never found it.",
                "estack": "AssertionError: Timed out retrying after 4000ms: Expected to find element: `:nth-child(2) > ul > :nth-child(3) > .flex > .ml-3 > dl > .text-lg`, but never found it.\n    at Context.eval (webpack:///./cypress/e2e/zenscrape/mainPage.cy.js:102:85)",
                "diff": null
              },
              "uuid": "d7ac1192-0802-4495-b963-d6067596e211",
              "parentUUID": "061dbbe8-b030-436b-9caa-5a00ea96ba20",
              "isHook": false,
              "skipped": false
            },
            {
              "title": "21. Test to check \"Frequently asked questions\" section is visible",
              "fullTitle": "Test Cases for Zenscrape Home page 21. Test to check \"Frequently asked questions\" section is visible",
              "timedOut": null,
              "duration": 4384,
              "state": "failed",
              "speed": null,
              "pass": false,
              "fail": true,
              "pending": false,
              "context": null,
              "code": "cy.get('#faqSection > .max-w-6xl > .text-3xl').should('be.visible', 'contain.text', 'Frequently asked questions');",
              "err": {
                "message": "AssertionError: Timed out retrying after 4000ms: Expected to find element: `#faqSection > .max-w-6xl > .text-3xl`, but never found it.",
                "estack": "AssertionError: Timed out retrying after 4000ms: Expected to find element: `#faqSection > .max-w-6xl > .text-3xl`, but never found it.\n    at Context.eval (webpack:///./cypress/e2e/zenscrape/mainPage.cy.js:106:55)",
                "diff": null
              },
              "uuid": "f7c2cc7d-73a3-4a3b-bb84-888454686bd8",
              "parentUUID": "061dbbe8-b030-436b-9caa-5a00ea96ba20",
              "isHook": false,
              "skipped": false
            }
          ],
          "suites": [],
          "passes": [
            "c7156f9a-f2d8-48d5-8637-ae75317fb5bd",
            "ce92f274-a53f-488e-b37c-0c761d136388",
            "c783a587-6f3a-4f3d-9812-3336b99ab65b",
            "d980ca19-fb6a-4b14-942d-e8f940037ebd",
            "26f61225-2285-4a10-90b8-1861b7b435de",
            "9dc11e8e-e1f0-4858-8539-c07d1f66df40",
            "b97ee4ca-5f1e-45e2-9231-b1f6979ef685",
            "0e7261ee-05ed-4253-ad82-d851af43e5af",
            "70c1ef46-ab9c-4f12-9b8e-16732d79d2f8",
            "536ae688-85e7-41b1-8324-001d5aade412",
            "e6baf616-cbc7-4e21-a1b5-2c395e173e43",
            "d3382632-f37b-4145-b22c-e2d66d0e00ea"
          ],
          "failures": [
            "8e83d48a-47e9-4e5e-802d-824288648f2b",
            "2c59b212-c486-4cbf-83de-f6bcbb3c5639",
            "d59fc35b-8479-47a6-a3c3-766a5cea57dd",
            "04f44579-3076-4173-8990-b5c11855cb85",
            "8d97269a-d2ba-451f-855e-00eb435b7329",
            "b51c03f3-35f7-41f5-98f3-a8f8253bc92b",
            "a36767f6-dd6a-4c70-8d73-e6e68921c42f",
            "1cb0a28c-6f28-4de5-89b4-067c2a678f12",
            "d7ac1192-0802-4495-b963-d6067596e211",
            "f7c2cc7d-73a3-4a3b-bb84-888454686bd8"
          ],
          "pending": [],
          "skipped": [],
          "duration": 77126,
          "root": false,
          "rootEmpty": false,
          "_timeout": 2000
        }
      ],
      "passes": [],
      "failures": [],
      "pending": [],
      "skipped": [],
      "duration": 0,
      "root": true,
      "rootEmpty": true,
      "_timeout": 2000
    },
    {
      "uuid": "27d10755-36ad-495e-8900-5649756cdc3c",
      "title": "",
      "fullFile": "cypress/e2e/zenscrape/pricing.cy.js",
      "file": "cypress/e2e/zenscrape/pricing.cy.js",
      "beforeHooks": [],
      "afterHooks": [],
      "tests": [],
      "suites": [
        {
          "uuid": "a56ea83e-f485-4237-8e22-d9398471c65a",
          "title": "Pricing page",
          "fullFile": "",
          "file": "",
          "beforeHooks": [],
          "afterHooks": [],
          "tests": [
            {
              "title": "1.Test to navigate to the Pricing ",
              "fullTitle": "Pricing page 1.Test to navigate to the Pricing ",
              "timedOut": null,
              "duration": 30445,
              "state": "failed",
              "speed": null,
              "pass": false,
              "fail": true,
              "pending": false,
              "context": null,
              "code": "cy.get('[href=\"/#pricingSection\"]').click();",
              "err": {
                "message": "CypressError: `cy.visit()` failed trying to load:\n\nhttps://zenscrape.com/\n\nWe attempted to make an http request to this URL but the request failed without a response.\n\nWe received this error at the network level:\n\n  > Error: ESOCKETTIMEDOUT\n\nCommon situations why this would fail:\n  - you don't have internet access\n  - you forgot to run / boot your web server\n  - your web server isn't accessible\n  - you have weird network configuration settings on your computer\n\nBecause this error occurred during a `before all` hook we are skipping the remaining tests in the current suite: `Pricing page`",
                "estack": "CypressError: `cy.visit()` failed trying to load:\n\nhttps://zenscrape.com/\n\nWe attempted to make an http request to this URL but the request failed without a response.\n\nWe received this error at the network level:\n\n  > Error: ESOCKETTIMEDOUT\n\nCommon situations why this would fail:\n  - you don't have internet access\n  - you forgot to run / boot your web server\n  - your web server isn't accessible\n  - you have weird network configuration settings on your computer\n\nBecause this error occurred during a `before all` hook we are skipping the remaining tests in the current suite: `Pricing page`\n    at <unknown> (http://localhost:57059/__cypress/runner/cypress_runner.js:131955:74)\n    at visitFailedByErr (http://localhost:57059/__cypress/runner/cypress_runner.js:131354:12)\n    at <unknown> (http://localhost:57059/__cypress/runner/cypress_runner.js:131954:11)\n    at tryCatcher (http://localhost:57059/__cypress/runner/cypress_runner.js:1807:23)\n    at Promise._settlePromiseFromHandler (http://localhost:57059/__cypress/runner/cypress_runner.js:1519:31)\n    at Promise._settlePromise (http://localhost:57059/__cypress/runner/cypress_runner.js:1576:18)\n    at Promise._settlePromise0 (http://localhost:57059/__cypress/runner/cypress_runner.js:1621:10)\n    at Promise._settlePromises (http://localhost:57059/__cypress/runner/cypress_runner.js:1697:18)\n    at _drainQueueStep (http://localhost:57059/__cypress/runner/cypress_runner.js:2407:12)\n    at _drainQueue (http://localhost:57059/__cypress/runner/cypress_runner.js:2400:9)\n    at Async._drainQueues (http://localhost:57059/__cypress/runner/cypress_runner.js:2416:5)\n    at Async.drainQueues (http://localhost:57059/__cypress/runner/cypress_runner.js:2286:14)\nFrom Your Spec Code:\n    at Context.eval (webpack:///./cypress/support/commands.js:79:7)\n\nFrom Node.js Internals:\n  Error: ESOCKETTIMEDOUT\n      at ClientRequest.<anonymous> (<embedded>:445:106000)\n      at Object.onceWrapper (node:events:628:28)\n      at ClientRequest.emit (node:events:514:28)\n      at TLSSocket.emitRequestTimeout (node:_http_client:847:9)\n      at Object.onceWrapper (node:events:628:28)\n      at TLSSocket.emit (node:events:526:35)\n      at TLSSocket._onTimeout (node:net:571:8)\n      at listOnTimeout (node:internal/timers:569:17)\n      at process.processTimers (node:internal/timers:512:7)",
                "diff": null
              },
              "uuid": "9b082877-836e-4566-a31c-16bd33e9da6d",
              "parentUUID": "a56ea83e-f485-4237-8e22-d9398471c65a",
              "isHook": false,
              "skipped": false
            },
            {
              "title": "2.Test to check the presence of Pricing text",
              "fullTitle": "Pricing page 2.Test to check the presence of Pricing text",
              "timedOut": null,
              "duration": 0,
              "state": "skipped",
              "speed": null,
              "pass": false,
              "fail": false,
              "pending": false,
              "context": null,
              "code": "cy.componentVisiblityCheck('.py-12', 'Simple and Economical Pricing');",
              "err": {},
              "uuid": "01c4af89-81b9-4b3f-afcd-0e144618e78c",
              "parentUUID": "a56ea83e-f485-4237-8e22-d9398471c65a",
              "isHook": false,
              "skipped": true
            },
            {
              "title": "3.Test to check the caption text availble or not",
              "fullTitle": "Pricing page 3.Test to check the caption text availble or not",
              "timedOut": null,
              "duration": 0,
              "state": "skipped",
              "speed": null,
              "pass": false,
              "fail": false,
              "pending": false,
              "context": null,
              "code": "cy.componentVisiblityCheck('.py-12 > .text-xl', 'From hobby projects to large-scale scraping projects, we offer a range of pricing options tailored to fit your specific needs.');",
              "err": {},
              "uuid": "90aa550a-bc44-430d-91de-18d9ade1a233",
              "parentUUID": "a56ea83e-f485-4237-8e22-d9398471c65a",
              "isHook": false,
              "skipped": true
            },
            {
              "title": "4.Test to chek the Free plan",
              "fullTitle": "Pricing page 4.Test to chek the Free plan",
              "timedOut": null,
              "duration": 0,
              "state": "skipped",
              "speed": null,
              "pass": false,
              "fail": false,
              "pending": false,
              "context": null,
              "code": "cy.componentVisiblityCheck(':nth-child(1) > .p-6 > .text-lg', 'Free');\ncy.componentVisiblityCheck(':nth-child(3) > .text-3xl', '$0');",
              "err": {},
              "uuid": "d11d9d1a-cbd5-4884-9ced-77feeac0eda6",
              "parentUUID": "a56ea83e-f485-4237-8e22-d9398471c65a",
              "isHook": false,
              "skipped": true
            },
            {
              "title": "5.Test to chek the Small plan",
              "fullTitle": "Pricing page 5.Test to chek the Small plan",
              "timedOut": null,
              "duration": 0,
              "state": "skipped",
              "speed": null,
              "pass": false,
              "fail": false,
              "pending": false,
              "context": null,
              "code": "cy.componentVisiblityCheck(':nth-child(2) > .p-6 > .text-lg', 'Small');\ncy.componentVisiblityCheck(':nth-child(2) > .p-6 > :nth-child(3)', '$59.99');",
              "err": {},
              "uuid": "ef455e5d-64d5-4aba-b793-95b24dece91d",
              "parentUUID": "a56ea83e-f485-4237-8e22-d9398471c65a",
              "isHook": false,
              "skipped": true
            },
            {
              "title": "6.Test to chek the Medium plan",
              "fullTitle": "Pricing page 6.Test to chek the Medium plan",
              "timedOut": null,
              "duration": 0,
              "state": "skipped",
              "speed": null,
              "pass": false,
              "fail": false,
              "pending": false,
              "context": null,
              "code": "cy.componentVisiblityCheck(':nth-child(3) > .p-6 > .text-lg', 'Medium');\ncy.componentVisiblityCheck(':nth-child(3) > .p-6 > :nth-child(3)', '$99.99');",
              "err": {},
              "uuid": "5b5b4817-a17a-4648-b6ee-b96b5ecf51fb",
              "parentUUID": "a56ea83e-f485-4237-8e22-d9398471c65a",
              "isHook": false,
              "skipped": true
            },
            {
              "title": "7.Test to chek the Large plan",
              "fullTitle": "Pricing page 7.Test to chek the Large plan",
              "timedOut": null,
              "duration": 0,
              "state": "skipped",
              "speed": null,
              "pass": false,
              "fail": false,
              "pending": false,
              "context": null,
              "code": "cy.componentVisiblityCheck(':nth-child(4) > .p-6 > .text-lg', 'Large');\ncy.componentVisiblityCheck(':nth-child(4) > .p-6 > :nth-child(3)', '$249.99');",
              "err": {},
              "uuid": "683f25de-ec76-4f5b-8f0d-a7fd81a3fd17",
              "parentUUID": "a56ea83e-f485-4237-8e22-d9398471c65a",
              "isHook": false,
              "skipped": true
            },
            {
              "title": "8.Test to chek the Professional plan",
              "fullTitle": "Pricing page 8.Test to chek the Professional plan",
              "timedOut": null,
              "duration": 0,
              "state": "skipped",
              "speed": null,
              "pass": false,
              "fail": false,
              "pending": false,
              "context": null,
              "code": "cy.componentVisiblityCheck(':nth-child(5) > .p-6 > .text-lg', 'Professional');\ncy.componentVisiblityCheck(':nth-child(5) > .p-6 > :nth-child(3)', '$349.99');",
              "err": {},
              "uuid": "f712ba65-eec4-4424-830d-04e1a3475aa9",
              "parentUUID": "a56ea83e-f485-4237-8e22-d9398471c65a",
              "isHook": false,
              "skipped": true
            },
            {
              "title": "9.Test to check the Free plan features",
              "fullTitle": "Pricing page 9.Test to check the Free plan features",
              "timedOut": null,
              "duration": 0,
              "state": "skipped",
              "speed": null,
              "pass": false,
              "fail": false,
              "pending": false,
              "context": null,
              "code": "cy.get(':nth-child(1) > .pt-6 > .mt-6 > .flex > .text-sm');",
              "err": {},
              "uuid": "96973686-6274-4788-926a-1dbe31dc35d4",
              "parentUUID": "a56ea83e-f485-4237-8e22-d9398471c65a",
              "isHook": false,
              "skipped": true
            },
            {
              "title": "10.Test to check the features in the Small plan",
              "fullTitle": "Pricing page 10.Test to check the features in the Small plan",
              "timedOut": null,
              "duration": 0,
              "state": "skipped",
              "speed": null,
              "pass": false,
              "fail": false,
              "pending": false,
              "context": null,
              "code": "cy.get(':nth-child(2) > .pt-6 > .mt-6').should('contain.text', '250,000 Credits').and('contain.text', '10 Concurrent Requests').and('contain.text', 'Worldwide Geotargeting').and('contain.text', 'Standard Proxies').and('contain.text', 'Premium Proxies').and('contain.text', 'Self-Service Onboarding');",
              "err": {},
              "uuid": "02800691-bd18-4bbc-9451-f0a268c80180",
              "parentUUID": "a56ea83e-f485-4237-8e22-d9398471c65a",
              "isHook": false,
              "skipped": true
            },
            {
              "title": "11. Test to check the features in the Medium plan",
              "fullTitle": "Pricing page 11. Test to check the features in the Medium plan",
              "timedOut": null,
              "duration": 0,
              "state": "skipped",
              "speed": null,
              "pass": false,
              "fail": false,
              "pending": false,
              "context": null,
              "code": "cy.get(':nth-child(3) > .pt-6 > .mt-6').should('contain.text', '1,000,000 Credits').and('contain.text', '25 Concurrent Requests').and('contain.text', 'Worldwide Geotargeting').and('contain.text', 'Standard Proxies').and('contain.text', 'Premium Proxies').and('contain.text', 'Concierge Onboarding').and('contain.text', 'Service Level Agreement');",
              "err": {},
              "uuid": "d3bb7515-1e5f-403f-8e63-3452bc81521d",
              "parentUUID": "a56ea83e-f485-4237-8e22-d9398471c65a",
              "isHook": false,
              "skipped": true
            },
            {
              "title": "12. Test to check the features in the Large plan",
              "fullTitle": "Pricing page 12. Test to check the features in the Large plan",
              "timedOut": null,
              "duration": 0,
              "state": "skipped",
              "speed": null,
              "pass": false,
              "fail": false,
              "pending": false,
              "context": null,
              "code": "cy.get(':nth-child(4) > .pt-6 > .mt-6').should('contain.text', '3,000,000 Credits').and('contain.text', '50 Concurrent Requests').and('contain.text', 'Worldwide Geotargeting').and('contain.text', 'Standard Proxies').and('contain.text', 'Premium Proxies').and('contain.text', 'Concierge Onboarding').and('contain.text', 'Service Level Agreement');",
              "err": {},
              "uuid": "9e21ab63-f6bd-4a2a-a720-98816102cae9",
              "parentUUID": "a56ea83e-f485-4237-8e22-d9398471c65a",
              "isHook": false,
              "skipped": true
            },
            {
              "title": "13. Test to check the features in the Professional plan",
              "fullTitle": "Pricing page 13. Test to check the features in the Professional plan",
              "timedOut": null,
              "duration": 0,
              "state": "skipped",
              "speed": null,
              "pass": false,
              "fail": false,
              "pending": false,
              "context": null,
              "code": "cy.get(':nth-child(5) > .pt-6 > .mt-6').should('contain.text', '5,000,000 Credits').and('contain.text', '100 Concurrent Requests').and('contain.text', 'Worldwide Geotargeting').and('contain.text', 'Standard Proxies').and('contain.text', 'Premium Proxies').and('contain.text', 'Concierge Onboarding').and('contain.text', 'Service Level Agreement').and('contain.text', 'Prioritized Queue');",
              "err": {},
              "uuid": "6213ee77-4955-41c7-b899-06be71549688",
              "parentUUID": "a56ea83e-f485-4237-8e22-d9398471c65a",
              "isHook": false,
              "skipped": true
            },
            {
              "title": "14. Test to check Get free plan button",
              "fullTitle": "Pricing page 14. Test to check Get free plan button",
              "timedOut": null,
              "duration": 0,
              "state": "skipped",
              "speed": null,
              "pass": false,
              "fail": false,
              "pending": false,
              "context": null,
              "code": "cy.get(':nth-child(1) > .p-6 > .price-link').should('be.visible', 'contain.text', 'Get Free').click();\ncy.navigateUrlwithCookies('https://app.zenscrape.com/register?plan=free');\ncy.go('back');",
              "err": {},
              "uuid": "1bd43811-a17b-4c03-897f-99ddf5b1a0e5",
              "parentUUID": "a56ea83e-f485-4237-8e22-d9398471c65a",
              "isHook": false,
              "skipped": true
            },
            {
              "title": "15. Test to check Buy Small plan  button",
              "fullTitle": "Pricing page 15. Test to check Buy Small plan  button",
              "timedOut": null,
              "duration": 0,
              "state": "skipped",
              "speed": null,
              "pass": false,
[...]
              "context": null,
              "code": "cy.get(':nth-child(3) > :nth-child(2) > .btn').contains('Features').click({\n  force: true\n});\ncy.get('.modal-header').contains('Medium');\ncy.get('.plan-feature-list > li').should('be.visible', 'contain.text', '1.000.000 requests per month');\ncy.get('.modal-footer > .btn').click({\n  force: true\n});\ncy.wait(500);",
              "err": {},
              "uuid": "61813e3f-d5b7-47d7-91d1-2ed62e50da20",
              "parentUUID": "70bdc84c-007f-4ab8-a51e-f9ded9d7b195",
              "isHook": false,
              "skipped": false
            },
            {
              "title": "14. Test to Verify the \"Features\" button of Large Monthly plan and should open the popup for Large Monthly plan",
              "fullTitle": "Zenscrape Register Page   14. Test to Verify the \"Features\" button of Large Monthly plan and should open the popup for Large Monthly plan",
              "timedOut": null,
              "duration": 656,
              "state": "passed",
              "speed": "fast",
              "pass": true,
              "fail": false,
              "pending": false,
              "context": null,
              "code": "cy.get(':nth-child(4) > :nth-child(2) > .btn').contains('Features').click({\n  force: true\n});\ncy.get('.modal-header').contains('Large');\ncy.get('.plan-feature-list > li').should('be.visible', 'contain.text', '3.000.000 requests per month');\ncy.get('.modal-footer > .btn').click({\n  force: true\n});\ncy.wait(500);",
              "err": {},
              "uuid": "5841a167-f5ed-4758-9b35-a0b42e9dfe32",
              "parentUUID": "70bdc84c-007f-4ab8-a51e-f9ded9d7b195",
              "isHook": false,
              "skipped": false
            },
            {
              "title": "15. Test to Verify the \"Features\" button of Professional Monthly plan and should open the popup for Professional Monthly plan",
              "fullTitle": "Zenscrape Register Page   15. Test to Verify the \"Features\" button of Professional Monthly plan and should open the popup for Professional Monthly plan",
              "timedOut": null,
              "duration": 813,
              "state": "passed",
              "speed": "fast",
              "pass": true,
              "fail": false,
              "pending": false,
              "context": null,
              "code": "cy.get(':nth-child(5) > :nth-child(2) > .btn').contains('Features').click({\n  force: true\n});\ncy.get('.modal-header').contains('Professional');\ncy.get('.plan-feature-list > li').should('be.visible', 'contain.text', '5 000 000 requests per month');\ncy.wait(500);\ncy.get('.modal-footer > .btn').click({\n  force: true\n});",
              "err": {},
              "uuid": "50f59a1b-b636-452a-9fb3-341e72e43508",
              "parentUUID": "70bdc84c-007f-4ab8-a51e-f9ded9d7b195",
              "isHook": false,
              "skipped": false
            },
            {
              "title": "16. Test to toggle Yearly subscription plan",
              "fullTitle": "Zenscrape Register Page   16. Test to toggle Yearly subscription plan",
              "timedOut": null,
              "duration": 324,
              "state": "passed",
              "speed": "fast",
              "pass": true,
              "fail": false,
              "pending": false,
              "context": null,
              "code": "cy.get('.btn-group > :nth-child(2)').contains('Yearly').click();",
              "err": {},
              "uuid": "b2fe0cb5-74b2-423a-bb24-0d7216df3a92",
              "parentUUID": "70bdc84c-007f-4ab8-a51e-f9ded9d7b195",
              "isHook": false,
              "skipped": false
            },
            {
              "title": "17. Test to Verify the Yearly Prices for the all subscriptions plans",
              "fullTitle": "Zenscrape Register Page   17. Test to Verify the Yearly Prices for the all subscriptions plans",
              "timedOut": null,
              "duration": 30,
              "state": "passed",
              "speed": "fast",
              "pass": true,
              "fail": false,
              "pending": false,
              "context": null,
              "code": "cy.get(':nth-child(1) > :nth-child(3) > .table-plan-text').contains('Free');\ncy.get(':nth-child(2) > :nth-child(3) > .table-plan-text').contains('$575.90 / Yearly');\ncy.get(':nth-child(3) > :nth-child(3) > .table-plan-text').contains('$959.90 / Yearly');\ncy.get(':nth-child(4) > :nth-child(3) > .table-plan-text').contains('$2,399.90 / Yearly');\ncy.get(':nth-child(5) > :nth-child(3) > .table-plan-text').contains('$3,359.90 / Yearly');",
              "err": {},
              "uuid": "696fd563-215b-4a61-a675-3ff25df3d2d7",
              "parentUUID": "70bdc84c-007f-4ab8-a51e-f9ded9d7b195",
              "isHook": false,
              "skipped": false
            },
            {
              "title": "18. Test to Verify the \"Features\" button of the Free plan and should open the popup for free plan",
              "fullTitle": "Zenscrape Register Page   18. Test to Verify the \"Features\" button of the Free plan and should open the popup for free plan",
              "timedOut": null,
              "duration": 806,
              "state": "passed",
              "speed": "fast",
              "pass": true,
              "fail": false,
              "pending": false,
              "context": null,
              "code": "cy.get(':nth-child(1) > :nth-child(2) > .btn').contains('Features').click({\n  force: true\n});\ncy.get('.modal-header').contains('Free');\ncy.get('.plan-feature-list > li').should('be.visible', 'contain.text', '1.000 requests per month');\ncy.get('.modal-footer > .btn').click({\n  force: true\n});\ncy.wait(500);",
              "err": {},
              "uuid": "2e40dd70-d767-48dc-80e8-840b73f9d7b9",
              "parentUUID": "70bdc84c-007f-4ab8-a51e-f9ded9d7b195",
              "isHook": false,
              "skipped": false
            },
            {
              "title": "19. Test to Verify the \"Features\" button of Small Yearly plan and should open the popup for Small Yearly plan",
              "fullTitle": "Zenscrape Register Page   19. Test to Verify the \"Features\" button of Small Yearly plan and should open the popup for Small Yearly plan",
              "timedOut": null,
              "duration": 649,
              "state": "passed",
              "speed": "fast",
              "pass": true,
              "fail": false,
              "pending": false,
              "context": null,
              "code": "cy.get(':nth-child(2) > :nth-child(2) > .btn').contains('Features').click({\n  force: true\n});\ncy.get('.modal-header').contains('Small Yearly');\ncy.get('.plan-feature-list > li').should('be.visible', 'contain.text', '250 000 requests per month');\ncy.get('.modal-footer > .btn').click({\n  force: true\n});\ncy.wait(500);",
              "err": {},
              "uuid": "7ba1c8f9-a658-43c8-8062-7c3519a709a1",
              "parentUUID": "70bdc84c-007f-4ab8-a51e-f9ded9d7b195",
              "isHook": false,
              "skipped": false
            },
            {
              "title": "20. Test to Verify the \"Features\" button of Medium Yearly plan and should open the popup for Medium Yearly plan",
              "fullTitle": "Zenscrape Register Page   20. Test to Verify the \"Features\" button of Medium Yearly plan and should open the popup for Medium Yearly plan",
              "timedOut": null,
              "duration": 812,
              "state": "passed",
              "speed": "fast",
              "pass": true,
              "fail": false,
              "pending": false,
              "context": null,
              "code": "cy.get(':nth-child(3) > :nth-child(2) > .btn').contains('Features').click({\n  force: true\n});\ncy.get('.modal-header').contains('Medium');\ncy.get('.plan-feature-list > li').should('be.visible', 'contain.text', '1.000.000 requests per month');\ncy.get('.modal-footer > .btn').click({\n  force: true\n});\ncy.wait(500);",
              "err": {},
              "uuid": "e7d169ef-40c4-4843-a90b-758e67bc4fe0",
              "parentUUID": "70bdc84c-007f-4ab8-a51e-f9ded9d7b195",
              "isHook": false,
              "skipped": false
            },
            {
              "title": "21. Test to Verify the \"Features\" button of Large Yearly plan and should open the popup for Large Yearly plan",
              "fullTitle": "Zenscrape Register Page   21. Test to Verify the \"Features\" button of Large Yearly plan and should open the popup for Large Yearly plan",
              "timedOut": null,
              "duration": 653,
              "state": "passed",
              "speed": "fast",
              "pass": true,
              "fail": false,
              "pending": false,
              "context": null,
              "code": "cy.get(':nth-child(4) > :nth-child(2) > .btn').contains('Features').click({\n  force: true\n});\ncy.get('.modal-header').contains('Large');\ncy.get('.plan-feature-list > li').should('be.visible', 'contain.text', '3.000.000 requests per month');\ncy.get('.modal-footer > .btn').click({\n  force: true\n});\ncy.wait(500);",
              "err": {},
              "uuid": "689e2c79-2af3-4227-922b-8ce2e5a4fcbf",
              "parentUUID": "70bdc84c-007f-4ab8-a51e-f9ded9d7b195",
              "isHook": false,
              "skipped": false
            },
            {
              "title": "22. Test to Verify the \"Features\" button of Professional Yearly plan and should open the popup for Professional Yearly plan",
              "fullTitle": "Zenscrape Register Page   22. Test to Verify the \"Features\" button of Professional Yearly plan and should open the popup for Professional Yearly plan",
              "timedOut": null,
              "duration": 794,
              "state": "passed",
              "speed": "fast",
              "pass": true,
              "fail": false,
              "pending": false,
              "context": null,
              "code": "cy.get(':nth-child(5) > :nth-child(2) > .btn').contains('Features').click({\n  force: true\n});\ncy.get('.modal-header').contains('Professional');\ncy.get('.plan-feature-list > li').should('be.visible', 'contain.text', '5 000 000 requests per month');\ncy.wait(500);\ncy.get('.modal-footer > .btn').click({\n  force: true\n});",
              "err": {},
              "uuid": "26e72ea2-e39e-4fbb-b582-69c3e61c5f4f",
              "parentUUID": "70bdc84c-007f-4ab8-a51e-f9ded9d7b195",
              "isHook": false,
              "skipped": false
            },
            {
              "title": "23.Test to verify the Profile text is there or not",
              "fullTitle": "Zenscrape Register Page   23.Test to verify the Profile text is there or not",
              "timedOut": null,
              "duration": 11,
              "state": "passed",
              "speed": "fast",
              "pass": true,
              "fail": false,
              "pending": false,
              "context": null,
              "code": "cy.get('.card-header > span').should('contain.text', 'Profile');",
              "err": {},
              "uuid": "3870b7fc-0326-4a91-bba2-529b86106b8f",
              "parentUUID": "70bdc84c-007f-4ab8-a51e-f9ded9d7b195",
              "isHook": false,
              "skipped": false
            },
            {
              "title": "24. Test to verify all the Profile fields are available",
              "fullTitle": "Zenscrape Register Page   24. Test to verify all the Profile fields are available",
              "timedOut": null,
              "duration": 114,
              "state": "passed",
              "speed": "fast",
              "pass": true,
              "fail": false,
              "pending": false,
              "context": null,
              "code": "cy.contains('Name').should('be.visible');\ncy.contains('E-Mail Address').should('be.visible');\ncy.contains('Password').should('be.visible');\ncy.contains('Confirm Password').should('be.visible');\ncy.contains('Address').should('be.visible');\ncy.contains('Address Line 2').should('be.visible');\ncy.contains('City').should('be.visible');\ncy.contains('State & ZIP / Postal Code').should('be.visible');\ncy.contains(' Country').should('be.visible');",
              "err": {},
              "uuid": "bd4c008e-2d5a-458f-a3a0-b30deeb30c20",
              "parentUUID": "70bdc84c-007f-4ab8-a51e-f9ded9d7b195",
              "isHook": false,
              "skipped": false
            },
            {
              "title": "25. Test to check the Biling section is there or not for the subscription plans",
              "fullTitle": "Zenscrape Register Page   25. Test to check the Biling section is there or not for the subscription plans",
              "timedOut": null,
              "duration": 11,
              "state": "passed",
              "speed": "fast",
              "pass": true,
              "fail": false,
              "pending": false,
              "context": null,
              "code": "cy.get(':nth-child(4) > .col-lg-8 > .card > .card-header').should('be.visible', 'contain.text', 'Billing Information - Secure Payment powered by Stripe');",
              "err": {},
              "uuid": "ac7b2aa4-2b06-4946-8bc2-cdf517015cc3",
              "parentUUID": "70bdc84c-007f-4ab8-a51e-f9ded9d7b195",
              "isHook": false,
              "skipped": false
            },
            {
              "title": "26. Test to check the Cardholder Name and Card Number",
              "fullTitle": "Zenscrape Register Page   26. Test to check the Cardholder Name and Card Number",
              "timedOut": null,
              "duration": 13,
              "state": "passed",
              "speed": "fast",
              "pass": true,
              "fail": false,
              "pending": false,
              "context": null,
              "code": "cy.get(':nth-child(4) > .col-lg-8 > .card > .card-body > form > :nth-child(1) > .col-md-4').should('be.visible').and('contain.text', \"Cardholder's Name\");",
              "err": {},
              "uuid": "a1b6ced4-24cf-4dca-86e8-6da84df881f9",
              "parentUUID": "70bdc84c-007f-4ab8-a51e-f9ded9d7b195",
              "isHook": false,
              "skipped": false
            },
            {
              "title": "27. Test to select the free plan to register",
              "fullTitle": "Zenscrape Register Page   27. Test to select the free plan to register",
              "timedOut": null,
              "duration": 208,
              "state": "passed",
              "speed": "fast",
              "pass": true,
              "fail": false,
              "pending": false,
              "context": null,
              "code": "cy.get(':nth-child(1) > :nth-child(1) > .d-flex > .radio-select').click();",
              "err": {},
              "uuid": "c4d41934-09bf-451f-ae0a-77d77a133e8a",
              "parentUUID": "70bdc84c-007f-4ab8-a51e-f9ded9d7b195",
              "isHook": false,
              "skipped": false
            },
            {
              "title": "28. Tes to Validate All fields accept input",
              "fullTitle": "Zenscrape Register Page   28. Tes to Validate All fields accept input",
              "timedOut": null,
              "duration": 2857,
              "state": "passed",
              "speed": "fast",
              "pass": true,
              "fail": false,
              "pending": false,
              "context": null,
              "code": "cy.get(':nth-child(3) > .col-lg-8 > .card > .card-body > form > :nth-child(1) > .col-md-6 > .form-control').type('Test User');\ncy.get(':nth-child(2) > .col-md-6 > .form-control').type('Testuser2@gmail.com');\ncy.get(':nth-child(3) > .col-md-6 > .form-control').type('Password123!');\ncy.get(':nth-child(4) > .col-md-6 > .form-control').type('Password123!');\ncy.get(':nth-child(5) > .col-sm-6 > .form-control').type('New Road');\ncy.get(':nth-child(6) > .col-sm-6 > .form-control').type('Street food road');\ncy.get(':nth-child(7) > .col-sm-6 > .form-control').type('Bengaluru');\ncy.get(':nth-child(8) > :nth-child(2) > .form-control').type('KA');\ncy.get(':nth-child(3) > .form-control').type('10001');\ncy.get(':nth-child(9) > .col-sm-6 > .form-control').select('India');",
              "err": {},
              "uuid": "ccb0fbac-b463-45fa-a02e-7528c749294b",
              "parentUUID": "70bdc84c-007f-4ab8-a51e-f9ded9d7b195",
              "isHook": false,
              "skipped": false
            },
            {
              "title": "29. Test to  click on the Register button",
              "fullTitle": "Zenscrape Register Page   29. Test to  click on the Register button",
              "timedOut": null,
              "duration": 0,
              "state": "pending",
              "speed": null,
              "pass": false,
              "fail": false,
              "pending": true,
              "context": null,
              "code": "cy.get('.col-md-6 > .btn').click();\ncy.url().should('include', '/email/verify');",
              "err": {},
              "uuid": "216e4c1c-cdb1-4e8d-91b2-5c8924100f72",
              "parentUUID": "70bdc84c-007f-4ab8-a51e-f9ded9d7b195",
              "isHook": false,
              "skipped": false
            }
          ],
          "suites": [],
          "passes": [
            "7c9eecb1-20f8-4946-8c37-4c1c612b16a5",
            "a63f3633-75e2-402a-ae43-e2fc187a05db",
            "52675b7e-6a5c-456b-9d0b-bc5cfd9881fc",
            "226d7661-2a83-48a6-9eea-bf33a5738936",
            "e0521ea7-3409-4d97-b185-88ab71cb8941",
            "b9c371fb-e4c7-450c-a00f-6b84cc5cc886",
            "432d5ef4-d7ec-4d9c-9e7b-8bbc39a4be50",
            "e4532178-77d1-48d1-b21d-61d58f4e28d4",
            "b5ed248f-733b-43bf-93a2-c05d12a7b18c",
            "32d9535a-cbe0-4c57-b70e-99daa6b2a06f",
            "c102de27-9839-4ac2-aa2a-aa9648cb8f3a",
            "db56f431-6257-442d-8fed-0ec4eb392809",
            "61813e3f-d5b7-47d7-91d1-2ed62e50da20",
            "5841a167-f5ed-4758-9b35-a0b42e9dfe32",
            "50f59a1b-b636-452a-9fb3-341e72e43508",
            "b2fe0cb5-74b2-423a-bb24-0d7216df3a92",
            "696fd563-215b-4a61-a675-3ff25df3d2d7",
            "2e40dd70-d767-48dc-80e8-840b73f9d7b9",
            "7ba1c8f9-a658-43c8-8062-7c3519a709a1",
            "e7d169ef-40c4-4843-a90b-758e67bc4fe0",
            "689e2c79-2af3-4227-922b-8ce2e5a4fcbf",
            "26e72ea2-e39e-4fbb-b582-69c3e61c5f4f",
            "3870b7fc-0326-4a91-bba2-529b86106b8f",
            "bd4c008e-2d5a-458f-a3a0-b30deeb30c20",
            "ac7b2aa4-2b06-4946-8bc2-cdf517015cc3",
            "a1b6ced4-24cf-4dca-86e8-6da84df881f9",
            "c4d41934-09bf-451f-ae0a-77d77a133e8a",
            "ccb0fbac-b463-45fa-a02e-7528c749294b"
          ],
          "failures": [],
          "pending": [
            "216e4c1c-cdb1-4e8d-91b2-5c8924100f72"
          ],
          "skipped": [],
          "duration": 38223,
          "root": false,
          "rootEmpty": false,
          "_timeout": 2000
        }
      ],
      "passes": [],
      "failures": [],
      "pending": [],
      "skipped": [],
      "duration": 0,
      "root": true,
      "rootEmpty": true,
      "_timeout": 2000
    }
  ],
  "meta": {
    "mocha": {
      "version": "7.0.1"
    },
    "mochawesome": {
      "options": {
        "quiet": false,
        "reportFilename": "mochawesome",
        "saveHtml": false,
        "saveJson": true,
        "consoleReporter": "spec",
        "useInlineDiffs": false,
        "code": true
      },
      "version": "7.1.3"
    },
    "marge": {
      "options": {
        "charts": true,
        "reportPageTitle": "Cypress Report",
        "embeddedScreenshots": true,
        "inlineAssets": true,
        "overwrite": false,
        "html": false,
        "json": true,
        "reportDir": "cypress/reports/html/.jsons"
      },
      "version": "6.2.0"
    }
  }
}